2024.05.18 08:50:26 INFO  Started: Metals version 1.3.0 in folders '/Users/norihito.nakata/personal/scala/cats' for client coc.nvim 0.0.82.[0m
SLF4J: Class path contains multiple SLF4J providers.
SLF4J: Found provider [scribe.slf4j.ScribeServiceProvider@6cf6ef2b]
SLF4J: Found provider [ch.qos.logback.classic.spi.LogbackServiceProvider@63b623be]
SLF4J: See https://www.slf4j.org/codes.html#multiple_bindings for an explanation.
SLF4J: Actual provider is of type [scribe.slf4j.ScribeServiceProvider@6cf6ef2b]
2024.05.18 08:50:26 WARN  Flyway upgrade recommended: H2 2.2.224 is newer than this version of Flyway and support has not been tested. The latest supported version of H2 is 2.2.220.[0m
2024.05.18 08:53:55 INFO  running '/Users/norihito.nakata/Library/Application Support/Coursier/bin/sbt -Dbloop.export-jar-classifiers=sources bloopInstall'[0m
2024.05.18 08:53:58 INFO  [info] welcome to sbt 1.10.0 (AdoptOpenJDK Java 1.8.0_292)[0m
2024.05.18 08:54:01 INFO  [info] loading global plugins from /Users/norihito.nakata/.sbt/1.0/plugins[0m
2024.05.18 08:54:06 INFO  [info] loading settings for project cats-build-build from metals.sbt ...[0m
2024.05.18 08:54:06 INFO  [info] loading project definition from /Users/norihito.nakata/personal/scala/cats/project/project[0m
2024.05.18 08:54:07 INFO  no build target found for /Users/norihito.nakata/personal/scala/cats/build.sbt. Using presentation compiler with project's scala-library version: 3.3.3[0m
2024.05.18 08:54:08 WARN  no build target for: /Users/norihito.nakata/personal/scala/cats/build.sbt[0m
2024.05.18 08:54:12 INFO  [info] loading settings for project cats-build from metals.sbt ...[0m
2024.05.18 08:54:12 INFO  [info] loading project definition from /Users/norihito.nakata/personal/scala/cats/project[0m
2024.05.18 08:54:18 INFO  [success] Generated .bloop/cats-build.json[0m
2024.05.18 08:54:18 INFO  [success] Total time: 6 s, completed May 18, 2024 8:54:18 AM[0m
2024.05.18 22:13:31 INFO  Started: Metals version 1.3.0 in folders '/Users/norihito.nakata/personal/scala/cats' for client coc.nvim 0.0.82.[0m
SLF4J: Class path contains multiple SLF4J providers.
SLF4J: Found provider [scribe.slf4j.ScribeServiceProvider@506c77f5]
SLF4J: Found provider [ch.qos.logback.classic.spi.LogbackServiceProvider@27ab742b]
SLF4J: See https://www.slf4j.org/codes.html#multiple_bindings for an explanation.
SLF4J: Actual provider is of type [scribe.slf4j.ScribeServiceProvider@506c77f5]
2024.05.18 22:13:32 WARN  Flyway upgrade recommended: H2 2.2.224 is newer than this version of Flyway and support has not been tested. The latest supported version of H2 is 2.2.220.[0m
2024.05.18 22:13:36 INFO  running '/Users/norihito.nakata/Library/Application Support/Coursier/bin/sbt -Dbloop.export-jar-classifiers=sources bloopInstall'[0m
2024.05.18 22:13:40 INFO  [info] welcome to sbt 1.10.0 (AdoptOpenJDK Java 1.8.0_292)[0m
2024.05.18 22:13:43 INFO  [info] loading global plugins from /Users/norihito.nakata/.sbt/1.0/plugins[0m
2024.05.18 22:13:45 INFO  [info] loading settings for project cats-build-build from metals.sbt ...[0m
2024.05.18 22:13:45 INFO  [info] loading project definition from /Users/norihito.nakata/personal/scala/cats/project/project[0m
2024.05.18 22:13:46 INFO  [info] loading settings for project cats-build from metals.sbt ...[0m
2024.05.18 22:13:46 INFO  [info] loading project definition from /Users/norihito.nakata/personal/scala/cats/project[0m
2024.05.18 22:16:05 INFO  Started: Metals version 1.3.0 in folders '/Users/norihito.nakata/personal/scala/cats' for client coc.nvim 0.0.82.[0m
SLF4J: Class path contains multiple SLF4J providers.
SLF4J: Found provider [scribe.slf4j.ScribeServiceProvider@1a55bf0]
SLF4J: Found provider [ch.qos.logback.classic.spi.LogbackServiceProvider@5b11ca30]
SLF4J: See https://www.slf4j.org/codes.html#multiple_bindings for an explanation.
SLF4J: Actual provider is of type [scribe.slf4j.ScribeServiceProvider@1a55bf0]
2024.05.18 22:16:05 WARN  Flyway upgrade recommended: H2 2.2.224 is newer than this version of Flyway and support has not been tested. The latest supported version of H2 is 2.2.220.[0m
2024.05.18 22:16:06 INFO  skipping build import with status 'Started'[0m
2024.05.18 22:16:20 INFO  no build target found for /Users/norihito.nakata/personal/scala/cats/build.sbt. Using presentation compiler with project's scala-library version: 3.3.3[0m
2024.05.20 14:30:29 INFO  Started: Metals version 1.3.0 in folders '/Users/norihito.nakata/personal/scala/cats' for client coc.nvim 0.0.82.[0m
SLF4J: Class path contains multiple SLF4J providers.
SLF4J: Found provider [scribe.slf4j.ScribeServiceProvider@19f9c38f]
SLF4J: Found provider [ch.qos.logback.classic.spi.LogbackServiceProvider@630a7d44]
SLF4J: See https://www.slf4j.org/codes.html#multiple_bindings for an explanation.
SLF4J: Actual provider is of type [scribe.slf4j.ScribeServiceProvider@19f9c38f]
2024.05.20 14:30:30 WARN  Flyway upgrade recommended: H2 2.2.224 is newer than this version of Flyway and support has not been tested. The latest supported version of H2 is 2.2.220.[0m
2024.05.20 14:30:31 INFO  skipping build import with status 'Started'[0m
2024.05.20 14:30:43 INFO  no build target found for /Users/norihito.nakata/personal/scala/cats/src/main/scala/Main.scala. Using presentation compiler with project's scala-library version: 3.3.3[0m
May 20, 2024 2:30:46 PM scala.meta.internal.pc.CompilerAccess handleError
SEVERE: A severe compiler error occurred, full details of the error can be found in the error report /Users/norihito.nakata/personal/scala/cats/.metals/.reports/metals-full/2024-05-20/r_compiler-error_14-30-46-142.md
exception caught when loading module class Typeable$package$: java.lang.AssertionError: assertion failed: denotation class WithPureFuns invalid in run 3. ValidFor: Period(1..5, run = 4)
exception caught when loading module class package$: java.lang.AssertionError: assertion failed: denotation class WithPureFuns invalid in run 3. ValidFor: Period(1..5, run = 4)
exception caught when loading class Unit: java.lang.AssertionError: assertion failed: denotation class WithPureFuns invalid in run 3. ValidFor: Period(1..5, run = 4)
May 20, 2024 2:30:46 PM scala.meta.internal.pc.CompilerAccess handleError
SEVERE: A severe compiler error occurred, full details of the error can be found in the error report /Users/norihito.nakata/personal/scala/cats/.metals/.reports/metals-full/2024-05-20/r_compiler-error_14-30-46-366.md
May 20, 2024 2:30:46 PM org.eclipse.lsp4j.jsonrpc.RemoteEndpoint handleCancellation
WARNING: Unmatched cancel notification for request id 1
May 20, 2024 2:30:47 PM org.eclipse.lsp4j.jsonrpc.RemoteEndpoint handleCancellation
WARNING: Unmatched cancel notification for request id 3
exception caught when loading class Throwable: java.lang.AssertionError: assertion failed: denotation module class Throwable$ invalid in run 3. ValidFor: Period(1..2, run = 4)
exception caught when loading class Exception: java.lang.AssertionError: assertion failed: denotation module class Throwable$ invalid in run 3. ValidFor: Period(1..2, run = 4)
exception caught when loading class CloneNotSupportedException: java.lang.AssertionError: assertion failed: denotation module class Throwable$ invalid in run 3. ValidFor: Period(1..2, run = 4)
exception caught when loading class Terminator: java.lang.AssertionError: assertion failed: denotation class Object invalid in run 3. ValidFor: Period(1..2, run = 4)
exception caught when loading class ProcessEnvironment: java.lang.AssertionError: assertion failed: denotation module class ProcessEnvironment$ invalid in run 3. ValidFor: Period(1..2, run = 4)
exception caught when loading class AssertionError: java.lang.AssertionError: assertion failed: denotation module class AssertionError$ invalid in run 3. ValidFor: Period(1..2, run = 4)
exception caught when loading class ClassFormatError: java.lang.AssertionError: assertion failed: denotation module class ClassFormatError$ invalid in run 3. ValidFor: Period(1..2, run = 4)
exception caught when loading class CharacterData: java.lang.AssertionError: assertion failed: denotation class Object invalid in run 3. ValidFor: Period(1..2, run = 4)
exception caught when loading class Number: java.lang.AssertionError: assertion failed: denotation module class Number$ invalid in run 3. ValidFor: Period(1..2, run = 4)
exception caught when loading class ArrayIndexOutOfBoundsException: java.lang.AssertionError: assertion failed: denotation module class ArrayIndexOutOfBoundsException$ invalid in run 3. ValidFor: Period(1..2, run = 4)
exception caught when loading class UnsatisfiedLinkError: java.lang.AssertionError: assertion failed: denotation module class UnsatisfiedLinkError$ invalid in run 3. ValidFor: Period(1..2, run = 4)
exception caught when loading class NullPointerException: java.lang.AssertionError: assertion failed: denotation module class NullPointerException$ invalid in run 3. ValidFor: Period(1..2, run = 4)
exception caught when loading class Boolean: java.lang.AssertionError: assertion failed: denotation class Object invalid in run 3. ValidFor: Period(1..2, run = 4)
exception caught when loading class IllegalAccessException: java.lang.AssertionError: assertion failed: denotation module class IllegalAccessException$ invalid in run 3. ValidFor: Period(1..2, run = 4)
exception caught when loading class UnsupportedOperationException: java.lang.AssertionError: assertion failed: denotation module class UnsupportedOperationException$ invalid in run 3. ValidFor: Period(1..2, run = 4)
exception caught when loading class InheritableThreadLocal: java.lang.AssertionError: assertion failed: denotation module class InheritableThreadLocal$ invalid in run 3. ValidFor: Period(1..2, run = 4)
exception caught when loading class EnumConstantNotPresentException: java.lang.AssertionError: assertion failed: denotation module class EnumConstantNotPresentException$ invalid in run 3. ValidFor: Period(1..2, run = 4)
exception caught when loading class Runtime: java.lang.AssertionError: assertion failed: denotation class Object invalid in run 3. ValidFor: Period(1..2, run = 4)
exception caught when loading class CharacterData0E: java.lang.AssertionError: assertion failed: denotation module class CharacterData0E$ invalid in run 3. ValidFor: Period(1..2, run = 4)
exception caught when loading class ClassLoaderHelper: java.lang.AssertionError: assertion failed: denotation class Object invalid in run 3. ValidFor: Period(1..2, run = 4)
exception caught when loading class Deprecated: java.lang.AssertionError: assertion failed: denotation class Object invalid in run 3. ValidFor: Period(1..2, run = 4)
May 20, 2024 2:30:47 PM org.eclipse.lsp4j.jsonrpc.RemoteEndpoint handleCancellation
WARNING: Unmatched cancel notification for request id 5
exception caught when loading class Thread: java.lang.AssertionError: assertion failed: denotation module class Thread$ invalid in run 3. ValidFor: Period(1..2, run = 5)
exception caught when loading class ThreadGroup: java.lang.AssertionError: assertion failed: denotation module class Thread$ invalid in run 3. ValidFor: Period(1..2, run = 5)
May 20, 2024 2:30:47 PM org.eclipse.lsp4j.jsonrpc.RemoteEndpoint handleCancellation
WARNING: Unmatched cancel notification for request id 7
exception caught when loading class UNIXProcess: java.lang.AssertionError: assertion failed: denotation module class UNIXProcess$ invalid in run 3. ValidFor: Period(1..2, run = 6)
exception caught when loading class VirtualMachineError: java.lang.AssertionError: assertion failed: denotation module class VirtualMachineError$ invalid in run 3. ValidFor: Period(1..2, run = 6)
exception caught when loading class Readable: java.lang.AssertionError: assertion failed: denotation class Object invalid in run 3. ValidFor: Period(1..2, run = 6)
exception caught when loading class IndexOutOfBoundsException: java.lang.AssertionError: assertion failed: denotation module class IndexOutOfBoundsException$ invalid in run 3. ValidFor: Period(1..2, run = 6)
exception caught when loading class Math: java.lang.AssertionError: assertion failed: denotation class Object invalid in run 3. ValidFor: Period(1..2, run = 6)
exception caught when loading class StringIndexOutOfBoundsException: java.lang.AssertionError: assertion failed: denotation module class StringIndexOutOfBoundsException$ invalid in run 3. ValidFor: Period(1..2, run = 6)
exception caught when loading class StringBuffer: java.lang.AssertionError: assertion failed: denotation module class StringBuffer$ invalid in run 3. ValidFor: Period(1..2, run = 6)
exception caught when loading class AbstractStringBuilder: java.lang.AssertionError: assertion failed: denotation class Object invalid in run 3. ValidFor: Period(1..2, run = 6)
May 20, 2024 2:30:47 PM org.eclipse.lsp4j.jsonrpc.RemoteEndpoint handleCancellation
WARNING: Unmatched cancel notification for request id 9
exception caught when loading class AssertionStatusDirectives: java.lang.AssertionError: assertion failed: denotation module class AssertionStatusDirectives$ invalid in run 3. ValidFor: Period(1..2, run = 6)
exception caught when loading class Override: java.lang.AssertionError: assertion failed: denotation class Object invalid in run 3. ValidFor: Period(1..2, run = 6)
exception caught when loading class StackOverflowError: java.lang.AssertionError: assertion failed: denotation module class StackOverflowError$ invalid in run 3. ValidFor: Period(1..2, run = 6)
exception caught when loading class ClassValue: java.lang.AssertionError: assertion failed: denotation class Object invalid in run 3. ValidFor: Period(1..2, run = 6)
exception caught when loading class ThreadLocal: java.lang.AssertionError: assertion failed: denotation module class ThreadLocal$ invalid in run 3. ValidFor: Period(1..2, run = 7)
exception caught when loading class IllegalThreadStateException: java.lang.AssertionError: assertion failed: denotation module class IllegalThreadStateException$ invalid in run 3. ValidFor: Period(1..2, run = 7)
exception caught when loading class Long: java.lang.AssertionError: assertion failed: denotation module class Long$ invalid in run 3. ValidFor: Period(1..2, run = 7)
exception caught when loading class InterruptedException: java.lang.AssertionError: assertion failed: denotation module class InterruptedException$ invalid in run 3. ValidFor: Period(1..2, run = 7)
May 20, 2024 2:30:47 PM org.eclipse.lsp4j.jsonrpc.RemoteEndpoint handleCancellation
WARNING: Unmatched cancel notification for request id 11
exception caught when loading class NegativeArraySizeException: java.lang.AssertionError: assertion failed: denotation module class NegativeArraySizeException$ invalid in run 3. ValidFor: Period(1..2, run = 7)
exception caught when loading class IllegalMonitorStateException: java.lang.AssertionError: assertion failed: denotation module class IllegalMonitorStateException$ invalid in run 3. ValidFor: Period(1..2, run = 7)
exception caught when loading class Float: java.lang.AssertionError: assertion failed: denotation module class Float$ invalid in run 3. ValidFor: Period(1..2, run = 7)
exception caught when loading class ArithmeticException: java.lang.AssertionError: assertion failed: denotation module class ArithmeticException$ invalid in run 3. ValidFor: Period(1..2, run = 7)
exception caught when loading class NoSuchMethodError: java.lang.AssertionError: assertion failed: denotation module class NoSuchMethodError$ invalid in run 3. ValidFor: Period(1..2, run = 7)
exception caught when loading class ClassCircularityError: java.lang.AssertionError: assertion failed: denotation module class ClassCircularityError$ invalid in run 3. ValidFor: Period(1..2, run = 7)
exception caught when loading class ArrayStoreException: java.lang.AssertionError: assertion failed: denotation module class ArrayStoreException$ invalid in run 3. ValidFor: Period(1..2, run = 7)
exception caught when loading class NoSuchFieldException: java.lang.AssertionError: assertion failed: denotation module class NoSuchFieldException$ invalid in run 3. ValidFor: Period(1..2, run = 7)
exception caught when loading class IllegalStateException: java.lang.AssertionError: assertion failed: denotation module class IllegalStateException$ invalid in run 3. ValidFor: Period(1..2, run = 7)
exception caught when loading class ApplicationShutdownHooks: java.lang.AssertionError: assertion failed: denotation class Object invalid in run 3. ValidFor: Period(1..2, run = 7)
exception caught when loading class AbstractMethodError: java.lang.AssertionError: assertion failed: denotation module class AbstractMethodError$ invalid in run 3. ValidFor: Period(1..2, run = 7)
exception caught when loading class InstantiationException: java.lang.AssertionError: assertion failed: denotation module class InstantiationException$ invalid in run 3. ValidFor: Period(1..2, run = 7)
exception caught when loading class Appendable: java.lang.AssertionError: assertion failed: denotation class Object invalid in run 3. ValidFor: Period(1..2, run = 7)
exception caught when loading class SystemClassLoaderAction: java.lang.AssertionError: assertion failed: denotation module class SystemClassLoaderAction$ invalid in run 3. ValidFor: Period(1..2, run = 7)
exception caught when loading class Integer: java.lang.AssertionError: assertion failed: denotation module class Integer$ invalid in run 3. ValidFor: Period(1..2, run = 7)
exception caught when loading class Short: java.lang.AssertionError: assertion failed: denotation module class Short$ invalid in run 3. ValidFor: Period(1..2, run = 7)
exception caught when loading class Shutdown: java.lang.AssertionError: assertion failed: denotation class Object invalid in run 3. ValidFor: Period(1..2, run = 7)
exception caught when loading class SecurityException: java.lang.AssertionError: assertion failed: denotation module class SecurityException$ invalid in run 3. ValidFor: Period(1..2, run = 7)
exception caught when loading class Enum: java.lang.AssertionError: assertion failed: denotation class Object invalid in run 3. ValidFor: Period(1..2, run = 7)
exception caught when loading class IllegalArgumentException: java.lang.AssertionError: assertion failed: denotation module class IllegalArgumentException$ invalid in run 3. ValidFor: Period(1..2, run = 7)
exception caught when loading class VerifyError: java.lang.AssertionError: assertion failed: denotation module class VerifyError$ invalid in run 3. ValidFor: Period(1..2, run = 7)
exception caught when loading class Double: java.lang.AssertionError: assertion failed: denotation module class Double$ invalid in run 3. ValidFor: Period(1..2, run = 7)
exception caught when loading class ReflectiveOperationException: java.lang.AssertionError: assertion failed: denotation module class ReflectiveOperationException$ invalid in run 3. ValidFor: Period(1..2, run = 7)
exception caught when loading class CharacterData01: java.lang.AssertionError: assertion failed: denotation module class CharacterData01$ invalid in run 3. ValidFor: Period(1..2, run = 7)
exception caught when loading class Process: java.lang.AssertionError: assertion failed: denotation class Object invalid in run 3. ValidFor: Period(1..2, run = 7)
2024.05.20 14:30:47 WARN  no build target for: /Users/norihito.nakata/personal/scala/cats/src/main/scala/Main.scala[0m
exception caught when loading class RuntimePermission: java.lang.AssertionError: assertion failed: denotation module class RuntimePermission$ invalid in run 3. ValidFor: Period(1..2, run = 7)
exception caught when loading class Package: java.lang.AssertionError: assertion failed: denotation class Object invalid in run 3. ValidFor: Period(1..2, run = 7)
exception caught when loading class IllegalAccessError: java.lang.AssertionError: assertion failed: denotation module class IllegalAccessError$ invalid in run 3. ValidFor: Period(1..2, run = 7)
exception caught when loading class FunctionalInterface: java.lang.AssertionError: assertion failed: denotation class Object invalid in run 3. ValidFor: Period(1..2, run = 7)
exception caught when loading class CharacterData02: java.lang.AssertionError: assertion failed: denotation module class CharacterData02$ invalid in run 3. ValidFor: Period(1..2, run = 7)
exception caught when loading class RuntimeException: java.lang.AssertionError: assertion failed: denotation module class RuntimeException$ invalid in run 3. ValidFor: Period(1..2, run = 7)
exception caught when loading class ThreadDeath: java.lang.AssertionError: assertion failed: denotation module class ThreadDeath$ invalid in run 3. ValidFor: Period(1..2, run = 7)
exception caught when loading class ProcessBuilder: java.lang.AssertionError: assertion failed: denotation class Object invalid in run 3. ValidFor: Period(1..2, run = 7)
exception caught when loading class InternalError: java.lang.AssertionError: assertion failed: denotation module class InternalError$ invalid in run 3. ValidFor: Period(1..2, run = 7)
exception caught when loading class Void: java.lang.AssertionError: assertion failed: denotation class Object invalid in run 3. ValidFor: Period(1..2, run = 7)
exception caught when loading class LinkageError: java.lang.AssertionError: assertion failed: denotation module class LinkageError$ invalid in run 3. ValidFor: Period(1..2, run = 7)
exception caught when loading class Byte: java.lang.AssertionError: assertion failed: denotation module class Byte$ invalid in run 3. ValidFor: Period(1..2, run = 7)
exception caught when loading class IncompatibleClassChangeError: java.lang.AssertionError: assertion failed: denotation module class IncompatibleClassChangeError$ invalid in run 3. ValidFor: Period(1..2, run = 7)
exception caught when loading class CharacterDataPrivateUse: java.lang.AssertionError: assertion failed: denotation module class CharacterDataPrivateUse$ invalid in run 3. ValidFor: Period(1..2, run = 7)
exception caught when loading class Compiler: java.lang.AssertionError: assertion failed: denotation class Object invalid in run 3. ValidFor: Period(1..2, run = 7)
2024.05.20 14:30:47 WARN  no build target for: /Users/norihito.nakata/personal/scala/cats/src/main/scala/Main.scala[0m
exception caught when loading class Character: java.lang.AssertionError: assertion failed: denotation module class Character$ invalid in run 3. ValidFor: Period(1..2, run = 7)
exception caught when loading class CharacterDataUndefined: java.lang.AssertionError: assertion failed: denotation module class CharacterDataUndefined$ invalid in run 3. ValidFor: Period(1..2, run = 7)
exception caught when loading class NumberFormatException: java.lang.AssertionError: assertion failed: denotation module class NumberFormatException$ invalid in run 3. ValidFor: Period(1..2, run = 7)
exception caught when loading class SuppressWarnings: java.lang.AssertionError: assertion failed: denotation class Object invalid in run 3. ValidFor: Period(1..2, run = 7)
exception caught when loading trait Iterable: java.lang.AssertionError: assertion failed: denotation module class Iterable$ invalid in run 3. ValidFor: Period(1..2, run = 7)
exception caught when loading class StrictMath: java.lang.AssertionError: assertion failed: denotation class Object invalid in run 3. ValidFor: Period(1..2, run = 7)
exception caught when loading class NoSuchFieldError: java.lang.AssertionError: assertion failed: denotation module class NoSuchFieldError$ invalid in run 3. ValidFor: Period(1..2, run = 7)
exception caught when loading class CharacterDataLatin1: java.lang.AssertionError: assertion failed: denotation module class CharacterDataLatin1$ invalid in run 3. ValidFor: Period(1..2, run = 7)
exception caught when loading class System: java.lang.AssertionError: assertion failed: denotation class Object invalid in run 3. ValidFor: Period(1..2, run = 7)
exception caught when loading class TypeNotPresentException: java.lang.AssertionError: assertion failed: denotation module class TypeNotPresentException$ invalid in run 3. ValidFor: Period(1..2, run = 7)
exception caught when loading class NoSuchMethodException: java.lang.AssertionError: assertion failed: denotation module class NoSuchMethodException$ invalid in run 3. ValidFor: Period(1..2, run = 7)
exception caught when loading class CharacterData00: java.lang.AssertionError: assertion failed: denotation module class CharacterData00$ invalid in run 3. ValidFor: Period(1..2, run = 7)
exception caught when loading class BootstrapMethodError: java.lang.AssertionError: assertion failed: denotation module class BootstrapMethodError$ invalid in run 3. ValidFor: Period(1..2, run = 7)
exception caught when loading class CharacterName: java.lang.AssertionError: assertion failed: denotation class Object invalid in run 3. ValidFor: Period(1..2, run = 7)
exception caught when loading class UnknownError: java.lang.AssertionError: assertion failed: denotation module class UnknownError$ invalid in run 3. ValidFor: Period(1..2, run = 7)
exception caught when loading trait Comparable: java.lang.AssertionError: assertion failed: denotation module class Comparable$ invalid in run 3. ValidFor: Period(1..2, run = 7)
exception caught when loading trait Cloneable: java.lang.AssertionError: assertion failed: denotation module class Cloneable$ invalid in run 3. ValidFor: Period(1..2, run = 7)
exception caught when loading class ClassLoader: java.lang.AssertionError: assertion failed: denotation class Object invalid in run 3. ValidFor: Period(1..2, run = 7)
exception caught when loading class StackTraceElement: java.lang.AssertionError: assertion failed: denotation module class StackTraceElement$ invalid in run 3. ValidFor: Period(1..2, run = 7)
exception caught when loading class ClassCastException: java.lang.AssertionError: assertion failed: denotation module class ClassCastException$ invalid in run 3. ValidFor: Period(1..2, run = 7)
exception caught when loading class OutOfMemoryError: java.lang.AssertionError: assertion failed: denotation module class OutOfMemoryError$ invalid in run 3. ValidFor: Period(1..2, run = 7)
exception caught when loading class UnsupportedClassVersionError: java.lang.AssertionError: assertion failed: denotation module class UnsupportedClassVersionError$ invalid in run 3. ValidFor: Period(1..2, run = 7)
exception caught when loading class ProcessImpl: java.lang.AssertionError: assertion failed: denotation class Object invalid in run 3. ValidFor: Period(1..2, run = 7)
exception caught when loading class SecurityManager: java.lang.AssertionError: assertion failed: denotation module class SecurityManager$ invalid in run 3. ValidFor: Period(1..2, run = 7)
exception caught when loading class StringBuilder: java.lang.AssertionError: assertion failed: denotation module class StringBuilder$ invalid in run 3. ValidFor: Period(1..2, run = 7)
exception caught when loading class StringCoding: java.lang.AssertionError: assertion failed: denotation class Object invalid in run 3. ValidFor: Period(1..2, run = 7)
exception caught when loading class Error: java.lang.AssertionError: assertion failed: denotation module class Error$ invalid in run 3. ValidFor: Period(1..2, run = 7)
exception caught when loading class AutoCloseable: java.lang.AssertionError: assertion failed: denotation class Object invalid in run 3. ValidFor: Period(1..2, run = 7)
exception caught when loading class ExceptionInInitializerError: java.lang.AssertionError: assertion failed: denotation module class ExceptionInInitializerError$ invalid in run 3. ValidFor: Period(1..2, run = 7)
exception caught when loading class ClassNotFoundException: java.lang.AssertionError: assertion failed: denotation module class ClassNotFoundException$ invalid in run 3. ValidFor: Period(1..2, run = 7)
exception caught when loading class InstantiationError: java.lang.AssertionError: assertion failed: denotation module class InstantiationError$ invalid in run 3. ValidFor: Period(1..2, run = 7)
exception caught when loading class NoClassDefFoundError: java.lang.AssertionError: assertion failed: denotation module class NoClassDefFoundError$ invalid in run 3. ValidFor: Period(1..2, run = 7)
exception caught when loading class ConditionalSpecialCasing: java.lang.AssertionError: assertion failed: denotation class Object invalid in run 3. ValidFor: Period(1..2, run = 7)
exception caught when loading trait Thread$UncaughtExceptionHandler: java.lang.AssertionError: assertion failed: denotation module class Thread$UncaughtExceptionHandler$ invalid in run 3. ValidFor: Period(1..2, run = 7)
exception caught when loading class StringCoding$StringDecoder: java.lang.AssertionError: assertion failed: denotation class Object invalid in run 3. ValidFor: Period(1..2, run = 7)
exception caught when loading class Byte$ByteCache: java.lang.AssertionError: assertion failed: denotation module class Byte$ByteCache$ invalid in run 3. ValidFor: Period(1..2, run = 7)
exception caught when loading class Throwable$SentinelHolder: java.lang.AssertionError: assertion failed: denotation class Object invalid in run 3. ValidFor: Period(1..2, run = 7)
exception caught when loading trait PrimitiveIterator: java.lang.AssertionError: assertion failed: denotation module class PrimitiveIterator$ invalid in run 3. ValidFor: Period(1..5, run = 7)
exception caught when loading class CharSequence$1CharIterator: java.lang.AssertionError: assertion failed: denotation module class PrimitiveIterator$ invalid in run 3. ValidFor: Period(1..5, run = 7)
exception caught when loading class Class$Atomic: java.lang.AssertionError: assertion failed: denotation class Object invalid in run 3. ValidFor: Period(1..2, run = 7)
exception caught when loading class Throwable$WrappedPrintWriter: java.lang.AssertionError: assertion failed: denotation module class Throwable$ invalid in run 3. ValidFor: Period(1..2, run = 4)
exception caught when loading class ProcessBuilder$Redirect$5: java.lang.AssertionError: assertion failed: failure to resolve inner class:
externalName = java.lang.ProcessBuilder$Redirect,
outerName = java.lang.ProcessBuilder,
innerName = Redirect
owner.fullName = ProcessBuilder
while parsing /Users/norihito.nakata/Library/Caches/Coursier/arc/https/github.com/AdoptOpenJDK/openjdk8-binaries/releases/download/jdk8u292-b10/OpenJDK8U-jdk_x64_mac_hotspot_8u292b10.tar.gz/jdk8u292-b10/Contents/Home/jre/lib/rt.jar(java/lang/ProcessBuilder$Redirect$5.class)
exception caught when loading class CharSequence$1CodePointIterator: java.lang.AssertionError: assertion failed: denotation module class PrimitiveIterator$ invalid in run 3. ValidFor: Period(1..5, run = 7)
exception caught when loading class Class$EnclosingMethodInfo: java.lang.AssertionError: assertion failed: denotation module class Class$EnclosingMethodInfo$ invalid in run 3. ValidFor: Period(1..2, run = 7)
exception caught when loading class Character$CharacterCache: java.lang.AssertionError: assertion failed: denotation class Object invalid in run 3. ValidFor: Period(1..2, run = 7)
exception caught when loading class String$1: java.lang.AssertionError: assertion failed: denotation module class String$1$ invalid in run 3. ValidFor: Period(1..2, run = 7)
exception caught when loading class String$CaseInsensitiveComparator: java.lang.AssertionError: assertion failed: denotation class Object invalid in run 3. ValidFor: Period(1..2, run = 7)
exception caught when loading trait Map: java.lang.AssertionError: assertion failed: denotation module class Map$ invalid in run 3. ValidFor: Period(1..5, run = 7)
exception caught when loading class ProcessEnvironment$StringEntry: java.lang.AssertionError: assertion failed: denotation module class Map$ invalid in run 3. ValidFor: Period(1..5, run = 7)
exception caught when loading class Thread$WeakClassKey: java.lang.AssertionError: assertion failed: denotation module class Thread$WeakClassKey$ invalid in run 3. ValidFor: Period(1..2, run = 7)
exception caught when loading class ApplicationShutdownHooks$1: java.lang.AssertionError: assertion failed: denotation class Object invalid in run 3. ValidFor: Period(1..2, run = 7)
exception caught when loading class ClassLoader$1: java.lang.AssertionError: assertion failed: denotation module class ClassLoader$1$ invalid in run 3. ValidFor: Period(1..2, run = 7)
exception caught when loading class UNIXProcess$DeferredCloseInputStream: java.lang.AssertionError: assertion failed: denotation module class UNIXProcess$DeferredCloseInputStream$ invalid in run 3. ValidFor: Period(1..2, run = 7)
exception caught when loading class ProcessBuilder$Redirect$Type: java.lang.AssertionError: assertion failed: denotation module class ProcessBuilder$Redirect$Type$ invalid in run 3. ValidFor: Period(1..2, run = 7)
exception caught when loading class Package$1: java.lang.AssertionError: assertion failed: denotation class Object invalid in run 3. ValidFor: Period(1..2, run = 7)
exception caught when loading class ProcessBuilder$NullInputStream: java.lang.AssertionError: assertion failed: denotation module class ProcessBuilder$NullInputStream$ invalid in run 3. ValidFor: Period(1..2, run = 7)
exception caught when loading class Shutdown$1: java.lang.AssertionError: assertion failed: denotation class Object invalid in run 3. ValidFor: Period(1..2, run = 7)
exception caught when loading class Thread$Caches: java.lang.AssertionError: assertion failed: denotation module class Thread$Caches$ invalid in run 3. ValidFor: Period(1..2, run = 7)
exception caught when loading class StrictMath$RandomNumberGeneratorHolder: java.lang.AssertionError: assertion failed: denotation class Object invalid in run 3. ValidFor: Period(1..2, run = 7)
exception caught when loading class Class$MethodArray: java.lang.AssertionError: assertion failed: denotation module class Class$MethodArray$ invalid in run 3. ValidFor: Period(1..2, run = 7)
exception caught when loading class ProcessEnvironment$ExternalData: java.lang.AssertionError: assertion failed: denotation class Object invalid in run 3. ValidFor: Period(1..2, run = 7)
exception caught when loading class ClassLoader$ParallelLoaders: java.lang.AssertionError: assertion failed: denotation module class ClassLoader$ParallelLoaders$ invalid in run 3. ValidFor: Period(1..2, run = 7)
exception caught when loading class UNIXProcess$Platform: java.lang.AssertionError: assertion failed: denotation module class UNIXProcess$Platform$ invalid in run 3. ValidFor: Period(1..2, run = 7)
exception caught when loading class Math$RandomNumberGeneratorHolder: java.lang.AssertionError: assertion failed: denotation class Object invalid in run 3. ValidFor: Period(1..2, run = 7)
exception caught when loading class ProcessBuilder$Redirect: java.lang.AssertionError: assertion failed: denotation module class ProcessBuilder$Redirect$ invalid in run 3. ValidFor: Period(1..2, run = 7)
exception caught when loading class Thread$State: java.lang.AssertionError: assertion failed: denotation module class Thread$State$ invalid in run 3. ValidFor: Period(1..2, run = 7)
exception caught when loading class ClassLoader$2: java.lang.AssertionError: assertion failed: denotation class Object invalid in run 3. ValidFor: Period(1..2, run = 7)
exception caught when loading class UNIXProcess$ProcessPipeOutputStream: java.lang.AssertionError: assertion failed: denotation module class UNIXProcess$ProcessPipeOutputStream$ invalid in run 3. ValidFor: Period(1..2, run = 7)
exception caught when loading class Thread$1: java.lang.AssertionError: assertion failed: denotation class Object invalid in run 3. ValidFor: Period(1..2, run = 7)
exception caught when loading class ProcessEnvironment$StringEntrySet$1: java.lang.AssertionError: assertion failed: denotation module class ProcessEnvironment$StringEntrySet$1$ invalid in run 3. ValidFor: Period(1..2, run = 7)
exception caught when loading class ClassLoader$NativeLibrary: java.lang.AssertionError: assertion failed: denotation class Object invalid in run 3. ValidFor: Period(1..2, run = 7)
exception caught when loading class Throwable$PrintStreamOrWriter: java.lang.AssertionError: assertion failed: denotation module class Throwable$PrintStreamOrWriter$ invalid in run 3. ValidFor: Period(1..2, run = 7)
exception caught when loading class ThreadLocal$ThreadLocalMap$Entry: java.lang.AssertionError: assertion failed: denotation module class ThreadLocal$ThreadLocalMap$Entry$ invalid in run 3. ValidFor: Period(1..2, run = 7)
exception caught when loading class ClassLoader$3: java.lang.AssertionError: assertion failed: denotation class Object invalid in run 3. ValidFor: Period(1..2, run = 7)
exception caught when loading class ThreadLocal$ThreadLocalMap: java.lang.AssertionError: assertion failed: denotation module class ThreadLocal$ThreadLocalMap$ invalid in run 3. ValidFor: Period(1..2, run = 7)
exception caught when loading class ClassValue$Version: java.lang.AssertionError: assertion failed: denotation class Object invalid in run 3. ValidFor: Period(1..2, run = 7)
exception caught when loading class ProcessEnvironment$StringEntrySet$2: java.lang.AssertionError: assertion failed: denotation module class Map$ invalid in run 3. ValidFor: Period(1..5, run = 7)
exception caught when loading class ProcessEnvironment$StringEntrySet: java.lang.AssertionError: assertion failed: denotation module class ProcessEnvironment$StringEntrySet$ invalid in run 3. ValidFor: Period(1..2, run = 7)
exception caught when loading class Class$ReflectionData: java.lang.AssertionError: assertion failed: denotation class Object invalid in run 3. ValidFor: Period(1..2, run = 7)
exception caught when loading class ThreadLocal$SuppliedThreadLocal: java.lang.AssertionError: assertion failed: denotation module class ThreadLocal$SuppliedThreadLocal$ invalid in run 3. ValidFor: Period(1..2, run = 7)
exception caught when loading class ClassValue$Entry: java.lang.AssertionError: assertion failed: denotation module class ClassValue$Entry$ invalid in run 3. ValidFor: Period(1..2, run = 7)
exception caught when loading class ProcessEnvironment$StringValues$1: java.lang.AssertionError: assertion failed: denotation class Object invalid in run 3. ValidFor: Period(1..2, run = 7)
exception caught when loading class ProcessEnvironment$Value: java.lang.AssertionError: assertion failed: denotation module class ProcessEnvironment$ invalid in run 3. ValidFor: Period(1..2, run = 4)
exception caught when loading class ProcessBuilder$NullOutputStream: java.lang.AssertionError: assertion failed: denotation module class ProcessBuilder$NullOutputStream$ invalid in run 3. ValidFor: Period(1..2, run = 7)
exception caught when loading class StringCoding$StringEncoder: java.lang.AssertionError: assertion failed: denotation class Object invalid in run 3. ValidFor: Period(1..2, run = 7)
exception caught when loading class ConditionalSpecialCasing$Entry: java.lang.AssertionError: assertion failed: denotation module class ConditionalSpecialCasing$Entry$ invalid in run 3. ValidFor: Period(1..2, run = 7)
exception caught when loading class Class$2: java.lang.AssertionError: assertion failed: denotation class Object invalid in run 3. ValidFor: Period(1..2, run = 7)
exception caught when loading class UNIXProcess$ProcessPipeInputStream: java.lang.AssertionError: assertion failed: denotation module class UNIXProcess$ProcessPipeInputStream$ invalid in run 3. ValidFor: Period(1..2, run = 7)
exception caught when loading class Compiler$1: java.lang.AssertionError: assertion failed: denotation class Object invalid in run 3. ValidFor: Period(1..2, run = 7)
exception caught when loading class ThreadLocal$1: java.lang.AssertionError: assertion failed: denotation module class ThreadLocal$1$ invalid in run 3. ValidFor: Period(1..2, run = 7)
exception caught when loading class SecurityManager$2: java.lang.AssertionError: assertion failed: denotation class Object invalid in run 3. ValidFor: Period(1..2, run = 7)
exception caught when loading class ProcessBuilder$Redirect$2: java.lang.AssertionError: assertion failed: failure to resolve inner class:
externalName = java.lang.ProcessBuilder$Redirect,
outerName = java.lang.ProcessBuilder,
innerName = Redirect
owner.fullName = ProcessBuilder
while parsing /Users/norihito.nakata/Library/Caches/Coursier/arc/https/github.com/AdoptOpenJDK/openjdk8-binaries/releases/download/jdk8u292-b10/OpenJDK8U-jdk_x64_mac_hotspot_8u292b10.tar.gz/jdk8u292-b10/Contents/Home/jre/lib/rt.jar(java/lang/ProcessBuilder$Redirect$2.class)
exception caught when loading class Character$UnicodeScript: java.lang.AssertionError: assertion failed: denotation module class Character$UnicodeScript$ invalid in run 3. ValidFor: Period(1..2, run = 7)
exception caught when loading class Integer$IntegerCache: java.lang.AssertionError: assertion failed: denotation class Object invalid in run 3. ValidFor: Period(1..2, run = 7)
exception caught when loading class CharacterName$1: java.lang.AssertionError: assertion failed: denotation module class CharacterName$1$ invalid in run 3. ValidFor: Period(1..2, run = 7)
exception caught when loading class System$2: java.lang.AssertionError: assertion failed: denotation class Object invalid in run 3. ValidFor: Period(1..2, run = 7)
exception caught when loading class ClassValue$ClassValueMap: java.lang.AssertionError: assertion failed: denotation module class ClassValue$ClassValueMap$ invalid in run 3. ValidFor: Period(1..2, run = 7)
exception caught when loading class ProcessEnvironment$StringEnvironment: java.lang.AssertionError: assertion failed: denotation module class ProcessEnvironment$StringEnvironment$ invalid in run 3. ValidFor: Period(1..2, run = 7)
exception caught when loading class Class$AnnotationData: java.lang.AssertionError: assertion failed: denotation class Object invalid in run 3. ValidFor: Period(1..2, run = 7)
exception caught when loading class ProcessBuilder$Redirect$1: java.lang.AssertionError: assertion failed: failure to resolve inner class:
externalName = java.lang.ProcessBuilder$Redirect,
outerName = java.lang.ProcessBuilder,
innerName = Redirect
owner.fullName = ProcessBuilder
while parsing /Users/norihito.nakata/Library/Caches/Coursier/arc/https/github.com/AdoptOpenJDK/openjdk8-binaries/releases/download/jdk8u292-b10/OpenJDK8U-jdk_x64_mac_hotspot_8u292b10.tar.gz/jdk8u292-b10/Contents/Home/jre/lib/rt.jar(java/lang/ProcessBuilder$Redirect$1.class)
exception caught when loading class ProcessEnvironment$Variable: java.lang.AssertionError: assertion failed: denotation module class ProcessEnvironment$ invalid in run 3. ValidFor: Period(1..2, run = 4)
exception caught when loading class UNIXProcess$LaunchMechanism: java.lang.AssertionError: assertion failed: denotation module class UNIXProcess$LaunchMechanism$ invalid in run 3. ValidFor: Period(1..2, run = 7)
exception caught when loading class System$1: java.lang.AssertionError: assertion failed: denotation class Object invalid in run 3. ValidFor: Period(1..2, run = 7)
exception caught when loading class Shutdown$Lock: java.lang.AssertionError: assertion failed: denotation module class Shutdown$Lock$ invalid in run 3. ValidFor: Period(1..2, run = 7)
exception caught when loading class ProcessBuilder$1: java.lang.AssertionError: assertion failed: denotation class Object invalid in run 3. ValidFor: Period(1..2, run = 7)
exception caught when loading class UNIXProcess$DeferredCloseProcessPipeInputStream: java.lang.AssertionError: assertion failed: denotation module class UNIXProcess$DeferredCloseProcessPipeInputStream$ invalid in run 3. ValidFor: Period(1..2, run = 7)
exception caught when loading class Throwable$1: java.lang.AssertionError: assertion failed: denotation class Object invalid in run 3. ValidFor: Period(1..2, run = 7)
exception caught when loading class Character$UnicodeBlock: java.lang.AssertionError: assertion failed: denotation module class Character$ invalid in run 3. ValidFor: Period(1..2, run = 7)
exception caught when loading class ProcessBuilder$Redirect$3: java.lang.AssertionError: assertion failed: failure to resolve inner class:
externalName = java.lang.ProcessBuilder$Redirect,
outerName = java.lang.ProcessBuilder,
innerName = Redirect
owner.fullName = ProcessBuilder
while parsing /Users/norihito.nakata/Library/Caches/Coursier/arc/https/github.com/AdoptOpenJDK/openjdk8-binaries/releases/download/jdk8u292-b10/OpenJDK8U-jdk_x64_mac_hotspot_8u292b10.tar.gz/jdk8u292-b10/Contents/Home/jre/lib/rt.jar(java/lang/ProcessBuilder$Redirect$3.class)
exception caught when loading class SecurityManager$1: java.lang.AssertionError: assertion failed: denotation module class SecurityManager$1$ invalid in run 3. ValidFor: Period(1..2, run = 7)
exception caught when loading class StringCoding$1: java.lang.AssertionError: assertion failed: denotation class Object invalid in run 3. ValidFor: Period(1..2, run = 7)
exception caught when loading class Class$1: java.lang.AssertionError: assertion failed: denotation module class Class$1$ invalid in run 3. ValidFor: Period(1..2, run = 7)
exception caught when loading class Class$4: java.lang.AssertionError: assertion failed: denotation class Object invalid in run 3. ValidFor: Period(1..2, run = 7)
exception caught when loading class ProcessEnvironment$StringKeySet$1: java.lang.AssertionError: assertion failed: denotation module class ProcessEnvironment$StringKeySet$1$ invalid in run 3. ValidFor: Period(1..2, run = 7)
exception caught when loading class Short$ShortCache: java.lang.AssertionError: assertion failed: denotation class Object invalid in run 3. ValidFor: Period(1..2, run = 7)
exception caught when loading class ProcessBuilder$Redirect$4: java.lang.AssertionError: assertion failed: failure to resolve inner class:
externalName = java.lang.ProcessBuilder$Redirect,
outerName = java.lang.ProcessBuilder,
innerName = Redirect
owner.fullName = ProcessBuilder
while parsing /Users/norihito.nakata/Library/Caches/Coursier/arc/https/github.com/AdoptOpenJDK/openjdk8-binaries/releases/download/jdk8u292-b10/OpenJDK8U-jdk_x64_mac_hotspot_8u292b10.tar.gz/jdk8u292-b10/Contents/Home/jre/lib/rt.jar(java/lang/ProcessBuilder$Redirect$4.class)
exception caught when loading class ProcessEnvironment$StringKeySet: java.lang.AssertionError: assertion failed: denotation module class ProcessEnvironment$StringKeySet$ invalid in run 3. ValidFor: Period(1..2, run = 7)
exception caught when loading class UNIXProcess$1: java.lang.AssertionError: assertion failed: denotation class Object invalid in run 3. ValidFor: Period(1..2, run = 7)
exception caught when loading class Package$1PackageInfoProxy: java.lang.AssertionError: assertion failed: denotation module class Package$1PackageInfoProxy$ invalid in run 3. ValidFor: Period(1..2, run = 7)
exception caught when loading class ProcessEnvironment$StringValues: java.lang.AssertionError: assertion failed: denotation module class ProcessEnvironment$StringValues$ invalid in run 3. ValidFor: Period(1..2, run = 7)
exception caught when loading class Character$Subset: java.lang.AssertionError: assertion failed: denotation class Object invalid in run 3. ValidFor: Period(1..2, run = 7)
exception caught when loading class Throwable$WrappedPrintStream: java.lang.AssertionError: assertion failed: denotation module class Throwable$ invalid in run 3. ValidFor: Period(1..2, run = 4)
exception caught when loading class Long$LongCache: java.lang.AssertionError: assertion failed: denotation module class Long$LongCache$ invalid in run 3. ValidFor: Period(1..2, run = 7)
exception caught when loading class ClassValue$Identity: java.lang.AssertionError: assertion failed: denotation class Object invalid in run 3. ValidFor: Period(1..2, run = 7)
exception caught when loading class Terminator$1: java.lang.AssertionError: assertion failed: denotation module class Terminator$1$ invalid in run 3. ValidFor: Period(1..2, run = 7)
exception caught when loading class Class$3: java.lang.AssertionError: assertion failed: denotation class Object invalid in run 3. ValidFor: Period(1..2, run = 7)
May 20, 2024 2:30:47 PM scala.meta.internal.pc.CompilerAccess handleError
SEVERE: A severe compiler error occurred, full details of the error can be found in the error report /Users/norihito.nakata/personal/scala/cats/.metals/.reports/metals-full/2024-05-20/r_compiler-error_14-30-47-688.md
2024.05.20 14:31:14 WARN  no build target for: /Users/norihito.nakata/personal/scala/cats/src/main/scala/Main.scala[0m
May 20, 2024 2:31:58 PM scala.meta.internal.pc.CompilerSearchVisitor isAccessible
SEVERE: Could not read definition of object any in /Users/norihito.nakata/Library/Caches/Coursier/v1/https/repo1.maven.org/maven2/org/scala-lang/scala3-library_3/3.3.3/scala3-library_3-3.3.3.jar(scala/compiletime/ops/any.class)
An exception was encountered:
  java.lang.AssertionError: assertion failed: denotation class Object invalid in run 23. ValidFor: Period(1..2, run = 24)
Run with -Ydebug-unpickling to see full stack trace.
dotty.tools.dotc.core.TypeError$$anon$1: Could not read definition of object any in /Users/norihito.nakata/Library/Caches/Coursier/v1/https/repo1.maven.org/maven2/org/scala-lang/scala3-library_3/3.3.3/scala3-library_3-3.3.3.jar(scala/compiletime/ops/any.class)
An exception was encountered:
  java.lang.AssertionError: assertion failed: denotation class Object invalid in run 23. ValidFor: Period(1..2, run = 24)
Run with -Ydebug-unpickling to see full stack trace.

May 20, 2024 2:31:58 PM scala.meta.internal.pc.CompilerSearchVisitor visitClassfile
WARNING: assertion failed: denotation class Object invalid in run 23. ValidFor: Period(1..2, run = 24)
java.lang.AssertionError: assertion failed: denotation class Object invalid in run 23. ValidFor: Period(1..2, run = 24)
	at scala.runtime.Scala3RunTime$.assertFailed(Scala3RunTime.scala:8)
	at dotty.tools.dotc.core.Denotations$SingleDenotation.updateValidity(Denotations.scala:717)
	at dotty.tools.dotc.core.Denotations$SingleDenotation.bringForward(Denotations.scala:742)
	at dotty.tools.dotc.core.Denotations$SingleDenotation.toNewRun$1(Denotations.scala:799)
	at dotty.tools.dotc.core.Denotations$SingleDenotation.current(Denotations.scala:870)
	at dotty.tools.dotc.core.Symbols$Symbol.recomputeDenot(Symbols.scala:120)
	at dotty.tools.dotc.core.Symbols$Symbol.computeDenot(Symbols.scala:114)
	at dotty.tools.dotc.core.Symbols$Symbol.denot(Symbols.scala:107)
	at dotty.tools.dotc.core.Symbols$ClassSymbol.classDenot(Symbols.scala:481)
	at dotty.tools.dotc.core.Symbols$.toClassDenot(Symbols.scala:497)
	at scala.meta.internal.pc.completions.Completions.isUninterestingSymbol$lzyINIT1(Completions.scala:728)
	at scala.meta.internal.pc.completions.Completions.scala$meta$internal$pc$completions$Completions$$isUninterestingSymbol(Completions.scala:716)
	at scala.meta.internal.pc.completions.Completions$CursorPos.include(Completions.scala:88)
	at scala.meta.internal.pc.completions.Completions.visit$4(Completions.scala:686)
	at scala.meta.internal.pc.completions.Completions.$anonfun$9(Completions.scala:707)
	at scala.collection.immutable.List.map(List.scala:246)
	at scala.meta.internal.pc.completions.Completions.$anonfun$5(Completions.scala:602)
	at scala.collection.immutable.List.filter(List.scala:515)
	at scala.meta.internal.pc.CompilerSearchVisitor.visitClassfile(CompilerSearchVisitor.scala:81)
	at scala.meta.internal.metals.ClasspathSearch.$anonfun$search$5(ClasspathSearch.scala:50)
	at scala.meta.internal.metals.ClasspathSearch.$anonfun$search$5$adapted(ClasspathSearch.scala:40)
	at scala.collection.IterableOnceOps.foreach(IterableOnce.scala:619)
	at scala.collection.IterableOnceOps.foreach$(IterableOnce.scala:617)
	at scala.collection.AbstractIterator.foreach(Iterator.scala:1303)
	at scala.meta.internal.metals.ClasspathSearch.search(ClasspathSearch.scala:40)
	at scala.meta.internal.metals.StandaloneSymbolSearch.search(StandaloneSymbolSearch.scala:105)
	at scala.meta.internal.pc.completions.Completions.enrichWithSymbolSearch(Completions.scala:605)
	at scala.meta.internal.pc.completions.Completions.filterInteresting(Completions.scala:707)
	at scala.meta.internal.pc.completions.Completions.completions(Completions.scala:204)
	at scala.meta.internal.pc.completions.CompletionProvider.completions(CompletionProvider.scala:86)
	at scala.meta.internal.pc.ScalaPresentationCompiler.complete$$anonfun$1(ScalaPresentationCompiler.scala:147)
	at scala.meta.internal.pc.CompilerAccess.withSharedCompiler(CompilerAccess.scala:156)
	at scala.meta.internal.pc.CompilerAccess.$anonfun$1(CompilerAccess.scala:102)
	at scala.meta.internal.pc.CompilerAccess.onCompilerJobQueue$$anonfun$1(CompilerAccess.scala:245)
	at scala.meta.internal.pc.CompilerJobQueue$Job.run(CompilerJobQueue.scala:152)
	at java.util.concurrent.ThreadPoolExecutor.runWorker(ThreadPoolExecutor.java:1149)
	at java.util.concurrent.ThreadPoolExecutor$Worker.run(ThreadPoolExecutor.java:624)
	at java.lang.Thread.run(Thread.java:748)

May 20, 2024 2:31:58 PM scala.meta.internal.pc.CompilerSearchVisitor visitClassfile
WARNING: assertion failed: denotation class Unit invalid in run 23. ValidFor: Period(1..2, run = 24)
java.lang.AssertionError: assertion failed: denotation class Unit invalid in run 23. ValidFor: Period(1..2, run = 24)
	at scala.runtime.Scala3RunTime$.assertFailed(Scala3RunTime.scala:8)
	at dotty.tools.dotc.core.Denotations$SingleDenotation.updateValidity(Denotations.scala:717)
	at dotty.tools.dotc.core.Denotations$SingleDenotation.bringForward(Denotations.scala:742)
	at dotty.tools.dotc.core.Denotations$SingleDenotation.toNewRun$1(Denotations.scala:799)
	at dotty.tools.dotc.core.Denotations$SingleDenotation.current(Denotations.scala:870)
	at dotty.tools.dotc.core.Symbols$Symbol.recomputeDenot(Symbols.scala:120)
	at dotty.tools.dotc.core.Symbols$Symbol.computeDenot(Symbols.scala:114)
	at dotty.tools.dotc.core.Symbols$Symbol.denot(Symbols.scala:107)
	at dotty.tools.dotc.core.Symbols$.toDenot(Symbols.scala:494)
	at dotty.tools.dotc.core.TypeOps$AsSeenFromMap.apply(TypeOps.scala:102)
	at dotty.tools.dotc.core.Types$TypeMap.mapOverLambda(Types.scala:5743)
	at dotty.tools.dotc.core.TypeOps$AsSeenFromMap.apply(TypeOps.scala:105)
	at dotty.tools.dotc.core.TypeOps$.asSeenFrom(TypeOps.scala:56)
	at dotty.tools.dotc.core.Types$Type.asSeenFrom(Types.scala:1054)
	at dotty.tools.dotc.core.Denotations$SingleDenotation.derived$1(Denotations.scala:1090)
	at dotty.tools.dotc.core.Denotations$SingleDenotation.computeAsSeenFrom(Denotations.scala:1117)
	at dotty.tools.dotc.core.Denotations$SingleDenotation.computeAsSeenFrom(Denotations.scala:1070)
	at dotty.tools.dotc.core.Denotations$PreDenotation.asSeenFrom(Denotations.scala:134)
	at dotty.tools.dotc.core.Denotations$DenotUnion.computeAsSeenFrom(Denotations.scala:1234)
	at dotty.tools.dotc.core.Denotations$PreDenotation.asSeenFrom(Denotations.scala:134)
	at dotty.tools.dotc.core.Denotations$DenotUnion.computeAsSeenFrom(Denotations.scala:1234)
	at dotty.tools.dotc.core.Denotations$PreDenotation.asSeenFrom(Denotations.scala:134)
	at dotty.tools.dotc.core.SymDenotations$ClassDenotation.findMember(SymDenotations.scala:2170)
	at dotty.tools.dotc.core.Types$Type.go$1(Types.scala:753)
	at dotty.tools.dotc.core.Types$Type.findMember(Types.scala:900)
	at dotty.tools.dotc.core.Types$Type.memberBasedOnFlags(Types.scala:704)
	at dotty.tools.dotc.core.Types$Type.member(Types.scala:688)
	at scala.meta.internal.pc.completions.Completions.isUninterestingSymbol$lzyINIT1(Completions.scala:728)
	at scala.meta.internal.pc.completions.Completions.scala$meta$internal$pc$completions$Completions$$isUninterestingSymbol(Completions.scala:716)
	at scala.meta.internal.pc.completions.Completions$CursorPos.include(Completions.scala:88)
	at scala.meta.internal.pc.completions.Completions.visit$4(Completions.scala:686)
	at scala.meta.internal.pc.completions.Completions.$anonfun$9(Completions.scala:707)
	at scala.collection.immutable.List.map(List.scala:246)
	at scala.meta.internal.pc.completions.Completions.$anonfun$5(Completions.scala:602)
	at scala.collection.immutable.List.filter(List.scala:515)
	at scala.meta.internal.pc.CompilerSearchVisitor.visitClassfile(CompilerSearchVisitor.scala:81)
	at scala.meta.internal.metals.ClasspathSearch.$anonfun$search$5(ClasspathSearch.scala:50)
	at scala.meta.internal.metals.ClasspathSearch.$anonfun$search$5$adapted(ClasspathSearch.scala:40)
	at scala.collection.IterableOnceOps.foreach(IterableOnce.scala:619)
	at scala.collection.IterableOnceOps.foreach$(IterableOnce.scala:617)
	at scala.collection.AbstractIterator.foreach(Iterator.scala:1303)
	at scala.meta.internal.metals.ClasspathSearch.search(ClasspathSearch.scala:40)
	at scala.meta.internal.metals.StandaloneSymbolSearch.search(StandaloneSymbolSearch.scala:105)
	at scala.meta.internal.pc.completions.Completions.enrichWithSymbolSearch(Completions.scala:605)
	at scala.meta.internal.pc.completions.Completions.filterInteresting(Completions.scala:707)
	at scala.meta.internal.pc.completions.Completions.completions(Completions.scala:204)
	at scala.meta.internal.pc.completions.CompletionProvider.completions(CompletionProvider.scala:86)
	at scala.meta.internal.pc.ScalaPresentationCompiler.complete$$anonfun$1(ScalaPresentationCompiler.scala:147)
	at scala.meta.internal.pc.CompilerAccess.withSharedCompiler(CompilerAccess.scala:156)
	at scala.meta.internal.pc.CompilerAccess.$anonfun$1(CompilerAccess.scala:102)
	at scala.meta.internal.pc.CompilerAccess.onCompilerJobQueue$$anonfun$1(CompilerAccess.scala:245)
	at scala.meta.internal.pc.CompilerJobQueue$Job.run(CompilerJobQueue.scala:152)
	at java.util.concurrent.ThreadPoolExecutor.runWorker(ThreadPoolExecutor.java:1149)
	at java.util.concurrent.ThreadPoolExecutor$Worker.run(ThreadPoolExecutor.java:624)
	at java.lang.Thread.run(Thread.java:748)

May 20, 2024 2:31:58 PM scala.meta.internal.pc.CompilerSearchVisitor isAccessible
SEVERE: Could not read definition of class alpha in /Users/norihito.nakata/Library/Caches/Coursier/v1/https/repo1.maven.org/maven2/org/scala-lang/scala3-library_3/3.3.3/scala3-library_3-3.3.3.jar(scala/annotation/alpha.class)
An exception was encountered:
  java.lang.AssertionError: assertion failed: denotation object Predef invalid in run 23. ValidFor: Period(1..2, run = 24)
Run with -Ydebug-unpickling to see full stack trace.
dotty.tools.dotc.core.TypeError$$anon$1: Could not read definition of class alpha in /Users/norihito.nakata/Library/Caches/Coursier/v1/https/repo1.maven.org/maven2/org/scala-lang/scala3-library_3/3.3.3/scala3-library_3-3.3.3.jar(scala/annotation/alpha.class)
An exception was encountered:
  java.lang.AssertionError: assertion failed: denotation object Predef invalid in run 23. ValidFor: Period(1..2, run = 24)
Run with -Ydebug-unpickling to see full stack trace.

May 20, 2024 2:31:58 PM scala.meta.internal.pc.CompilerSearchVisitor visitClassfile
WARNING: Cyclic reference involving object alpha
dotty.tools.dotc.core.CyclicReference: Cyclic reference involving object alpha

May 20, 2024 2:31:58 PM scala.meta.internal.pc.CompilerSearchVisitor isAccessible
SEVERE: Could not read definition of object newMain in /Users/norihito.nakata/Library/Caches/Coursier/v1/https/repo1.maven.org/maven2/org/scala-lang/scala3-library_3/3.3.3/scala3-library_3-3.3.3.jar(scala/annotation/newMain.class)
An exception was encountered:
  java.lang.AssertionError: assertion failed: denotation class Object invalid in run 23. ValidFor: Period(1..2, run = 24)
Run with -Ydebug-unpickling to see full stack trace.
dotty.tools.dotc.core.TypeError$$anon$1: Could not read definition of object newMain in /Users/norihito.nakata/Library/Caches/Coursier/v1/https/repo1.maven.org/maven2/org/scala-lang/scala3-library_3/3.3.3/scala3-library_3-3.3.3.jar(scala/annotation/newMain.class)
An exception was encountered:
  java.lang.AssertionError: assertion failed: denotation class Object invalid in run 23. ValidFor: Period(1..2, run = 24)
Run with -Ydebug-unpickling to see full stack trace.

May 20, 2024 2:31:58 PM scala.meta.internal.pc.CompilerSearchVisitor visitClassfile
WARNING: Could not read definition of class newMain in /Users/norihito.nakata/Library/Caches/Coursier/v1/https/repo1.maven.org/maven2/org/scala-lang/scala3-library_3/3.3.3/scala3-library_3-3.3.3.jar(scala/annotation/newMain.class)
An exception was encountered:
  java.lang.AssertionError: assertion failed: denotation module class package$ invalid in run 23. ValidFor: Period(1..5, run = 24)
Run with -Ydebug-unpickling to see full stack trace.
dotty.tools.dotc.core.TypeError$$anon$1: Could not read definition of class newMain in /Users/norihito.nakata/Library/Caches/Coursier/v1/https/repo1.maven.org/maven2/org/scala-lang/scala3-library_3/3.3.3/scala3-library_3-3.3.3.jar(scala/annotation/newMain.class)
An exception was encountered:
  java.lang.AssertionError: assertion failed: denotation module class package$ invalid in run 23. ValidFor: Period(1..5, run = 24)
Run with -Ydebug-unpickling to see full stack trace.

May 20, 2024 2:31:58 PM scala.meta.internal.pc.CompilerSearchVisitor visitClassfile
WARNING: assertion failed: denotation class Object invalid in run 23. ValidFor: Period(1..2, run = 24)
java.lang.AssertionError: assertion failed: denotation class Object invalid in run 23. ValidFor: Period(1..2, run = 24)
	at scala.runtime.Scala3RunTime$.assertFailed(Scala3RunTime.scala:8)
	at dotty.tools.dotc.core.Denotations$SingleDenotation.updateValidity(Denotations.scala:717)
	at dotty.tools.dotc.core.Denotations$SingleDenotation.bringForward(Denotations.scala:742)
	at dotty.tools.dotc.core.Denotations$SingleDenotation.toNewRun$1(Denotations.scala:799)
	at dotty.tools.dotc.core.Denotations$SingleDenotation.current(Denotations.scala:870)
	at dotty.tools.dotc.core.Symbols$Symbol.recomputeDenot(Symbols.scala:120)
	at dotty.tools.dotc.core.Symbols$Symbol.computeDenot(Symbols.scala:114)
	at dotty.tools.dotc.core.Symbols$Symbol.denot(Symbols.scala:107)
	at dotty.tools.dotc.core.SymDenotations$ClassDenotation.collect$1(SymDenotations.scala:2155)
	at dotty.tools.dotc.core.SymDenotations$ClassDenotation.addInherited(SymDenotations.scala:2163)
	at dotty.tools.dotc.core.SymDenotations$ClassDenotation.computeMembersNamed(SymDenotations.scala:2148)
	at dotty.tools.dotc.core.SymDenotations$ClassDenotation.membersNamed(SymDenotations.scala:2115)
	at dotty.tools.dotc.core.SymDenotations$ClassDenotation.membersNamedNoShadowingBasedOnFlags(SymDenotations.scala:2138)
	at dotty.tools.dotc.core.SymDenotations$ClassDenotation.nonPrivateMembersNamed(SymDenotations.scala:2128)
	at dotty.tools.dotc.core.SymDenotations$PackageClassDenotation.recur$5(SymDenotations.scala:2497)
	at dotty.tools.dotc.core.SymDenotations$PackageClassDenotation.computeMembersNamed(SymDenotations.scala:2564)
	at dotty.tools.dotc.core.SymDenotations$ClassDenotation.membersNamed(SymDenotations.scala:2115)
	at dotty.tools.dotc.core.SymDenotations$ClassDenotation.findMember(SymDenotations.scala:2166)
	at dotty.tools.dotc.core.Types$Type.go$1(Types.scala:721)
	at dotty.tools.dotc.core.Types$Type.findMember(Types.scala:900)
	at dotty.tools.dotc.core.Types$Type.memberBasedOnFlags(Types.scala:704)
	at dotty.tools.dotc.core.Types$Type.member(Types.scala:688)
	at scala.meta.internal.pc.CompilerSearchVisitor.$anonfun$1(CompilerSearchVisitor.scala:56)
	at scala.collection.immutable.List.flatMap(List.scala:293)
	at scala.meta.internal.pc.CompilerSearchVisitor.loop$1(CompilerSearchVisitor.scala:63)
	at scala.meta.internal.pc.CompilerSearchVisitor.toSymbols(CompilerSearchVisitor.scala:69)
	at scala.meta.internal.pc.CompilerSearchVisitor.visitClassfile(CompilerSearchVisitor.scala:81)
	at scala.meta.internal.metals.ClasspathSearch.$anonfun$search$5(ClasspathSearch.scala:50)
	at scala.meta.internal.metals.ClasspathSearch.$anonfun$search$5$adapted(ClasspathSearch.scala:40)
	at scala.collection.IterableOnceOps.foreach(IterableOnce.scala:619)
	at scala.collection.IterableOnceOps.foreach$(IterableOnce.scala:617)
	at scala.collection.AbstractIterator.foreach(Iterator.scala:1303)
	at scala.meta.internal.metals.ClasspathSearch.search(ClasspathSearch.scala:40)
	at scala.meta.internal.metals.StandaloneSymbolSearch.search(StandaloneSymbolSearch.scala:105)
	at scala.meta.internal.pc.completions.Completions.enrichWithSymbolSearch(Completions.scala:605)
	at scala.meta.internal.pc.completions.Completions.filterInteresting(Completions.scala:707)
	at scala.meta.internal.pc.completions.Completions.completions(Completions.scala:204)
	at scala.meta.internal.pc.completions.CompletionProvider.completions(CompletionProvider.scala:86)
	at scala.meta.internal.pc.ScalaPresentationCompiler.complete$$anonfun$1(ScalaPresentationCompiler.scala:147)
	at scala.meta.internal.pc.CompilerAccess.withSharedCompiler(CompilerAccess.scala:156)
	at scala.meta.internal.pc.CompilerAccess.$anonfun$1(CompilerAccess.scala:102)
	at scala.meta.internal.pc.CompilerAccess.onCompilerJobQueue$$anonfun$1(CompilerAccess.scala:245)
	at scala.meta.internal.pc.CompilerJobQueue$Job.run(CompilerJobQueue.scala:152)
	at java.util.concurrent.ThreadPoolExecutor.runWorker(ThreadPoolExecutor.java:1149)
	at java.util.concurrent.ThreadPoolExecutor$Worker.run(ThreadPoolExecutor.java:624)
	at java.lang.Thread.run(Thread.java:748)

May 20, 2024 2:31:58 PM scala.meta.internal.pc.CompilerSearchVisitor visitClassfile
WARNING: assertion failed: denotation object Predef invalid in run 23. ValidFor: Period(1..2, run = 24)
java.lang.AssertionError: assertion failed: denotation object Predef invalid in run 23. ValidFor: Period(1..2, run = 24)
	at scala.runtime.Scala3RunTime$.assertFailed(Scala3RunTime.scala:8)
	at dotty.tools.dotc.core.Denotations$SingleDenotation.updateValidity(Denotations.scala:717)
	at dotty.tools.dotc.core.Denotations$SingleDenotation.bringForward(Denotations.scala:742)
	at dotty.tools.dotc.core.Denotations$SingleDenotation.toNewRun$1(Denotations.scala:799)
	at dotty.tools.dotc.core.Denotations$SingleDenotation.current(Denotations.scala:870)
	at dotty.tools.dotc.core.Symbols$Symbol.recomputeDenot(Symbols.scala:120)
	at dotty.tools.dotc.core.Symbols$Symbol.computeDenot(Symbols.scala:114)
	at dotty.tools.dotc.core.Symbols$Symbol.denot(Symbols.scala:107)
	at dotty.tools.dotc.core.Scopes$Scope.denotsNamed(Scopes.scala:154)
	at dotty.tools.dotc.core.SymDenotations$ClassDenotation.computeMembersNamed(SymDenotations.scala:2145)
	at dotty.tools.dotc.core.SymDenotations$PackageClassDenotation.computeMembersNamed(SymDenotations.scala:2561)
	at dotty.tools.dotc.core.SymDenotations$ClassDenotation.membersNamed(SymDenotations.scala:2115)
	at dotty.tools.dotc.core.SymDenotations$ClassDenotation.findMember(SymDenotations.scala:2166)
	at dotty.tools.dotc.core.Types$Type.go$1(Types.scala:721)
	at dotty.tools.dotc.core.Types$Type.findMember(Types.scala:900)
	at dotty.tools.dotc.core.Types$Type.memberBasedOnFlags(Types.scala:704)
	at dotty.tools.dotc.core.Types$Type.member(Types.scala:688)
	at scala.meta.internal.pc.CompilerSearchVisitor.$anonfun$1(CompilerSearchVisitor.scala:56)
	at scala.collection.immutable.List.flatMap(List.scala:293)
	at scala.meta.internal.pc.CompilerSearchVisitor.loop$1(CompilerSearchVisitor.scala:63)
	at scala.meta.internal.pc.CompilerSearchVisitor.toSymbols(CompilerSearchVisitor.scala:69)
	at scala.meta.internal.pc.CompilerSearchVisitor.visitClassfile(CompilerSearchVisitor.scala:81)
	at scala.meta.internal.metals.ClasspathSearch.$anonfun$search$5(ClasspathSearch.scala:50)
	at scala.meta.internal.metals.ClasspathSearch.$anonfun$search$5$adapted(ClasspathSearch.scala:40)
	at scala.collection.IterableOnceOps.foreach(IterableOnce.scala:619)
	at scala.collection.IterableOnceOps.foreach$(IterableOnce.scala:617)
	at scala.collection.AbstractIterator.foreach(Iterator.scala:1303)
	at scala.meta.internal.metals.ClasspathSearch.search(ClasspathSearch.scala:40)
	at scala.meta.internal.metals.StandaloneSymbolSearch.search(StandaloneSymbolSearch.scala:105)
	at scala.meta.internal.pc.completions.Completions.enrichWithSymbolSearch(Completions.scala:605)
	at scala.meta.internal.pc.completions.Completions.filterInteresting(Completions.scala:707)
	at scala.meta.internal.pc.completions.Completions.completions(Completions.scala:204)
	at scala.meta.internal.pc.completions.CompletionProvider.completions(CompletionProvider.scala:86)
	at scala.meta.internal.pc.ScalaPresentationCompiler.complete$$anonfun$1(ScalaPresentationCompiler.scala:147)
	at scala.meta.internal.pc.CompilerAccess.withSharedCompiler(CompilerAccess.scala:156)
	at scala.meta.internal.pc.CompilerAccess.$anonfun$1(CompilerAccess.scala:102)
	at scala.meta.internal.pc.CompilerAccess.onCompilerJobQueue$$anonfun$1(CompilerAccess.scala:245)
	at scala.meta.internal.pc.CompilerJobQueue$Job.run(CompilerJobQueue.scala:152)
	at java.util.concurrent.ThreadPoolExecutor.runWorker(ThreadPoolExecutor.java:1149)
	at java.util.concurrent.ThreadPoolExecutor$Worker.run(ThreadPoolExecutor.java:624)
	at java.lang.Thread.run(Thread.java:748)

May 20, 2024 2:31:58 PM scala.meta.internal.pc.CompilerSearchVisitor visitClassfile
WARNING: assertion failed: denotation module class Predef$ invalid in run 23. ValidFor: Period(1..2, run = 24)
java.lang.AssertionError: assertion failed: denotation module class Predef$ invalid in run 23. ValidFor: Period(1..2, run = 24)
	at scala.runtime.Scala3RunTime$.assertFailed(Scala3RunTime.scala:8)
	at dotty.tools.dotc.core.Denotations$SingleDenotation.updateValidity(Denotations.scala:717)
	at dotty.tools.dotc.core.Denotations$SingleDenotation.bringForward(Denotations.scala:742)
	at dotty.tools.dotc.core.Denotations$SingleDenotation.toNewRun$1(Denotations.scala:799)
	at dotty.tools.dotc.core.Denotations$SingleDenotation.current(Denotations.scala:870)
	at dotty.tools.dotc.core.Symbols$Symbol.recomputeDenot(Symbols.scala:120)
	at dotty.tools.dotc.core.Symbols$Symbol.computeDenot(Symbols.scala:114)
	at dotty.tools.dotc.core.Symbols$Symbol.denot(Symbols.scala:107)
	at dotty.tools.dotc.core.Symbols$.toDenot(Symbols.scala:494)
	at dotty.tools.dotc.core.Denotations$SingleDenotation.updateValidity(Denotations.scala:716)
	at dotty.tools.dotc.core.Denotations$SingleDenotation.bringForward(Denotations.scala:742)
	at dotty.tools.dotc.core.Denotations$SingleDenotation.toNewRun$1(Denotations.scala:799)
	at dotty.tools.dotc.core.Denotations$SingleDenotation.current(Denotations.scala:870)
	at dotty.tools.dotc.core.Types$NamedType.computeDenot(Types.scala:2391)
	at dotty.tools.dotc.core.Types$NamedType.denot(Types.scala:2351)
	at dotty.tools.dotc.core.Types$Type.go$1(Types.scala:720)
	at dotty.tools.dotc.core.Types$Type.findMember(Types.scala:900)
	at dotty.tools.dotc.core.Types$Type.memberBasedOnFlags(Types.scala:704)
	at dotty.tools.dotc.core.Types$Type.member(Types.scala:688)
	at scala.meta.internal.pc.CompilerSearchVisitor.$anonfun$1(CompilerSearchVisitor.scala:56)
	at scala.collection.immutable.List.flatMap(List.scala:293)
	at scala.meta.internal.pc.CompilerSearchVisitor.loop$1(CompilerSearchVisitor.scala:63)
	at scala.meta.internal.pc.CompilerSearchVisitor.toSymbols(CompilerSearchVisitor.scala:69)
	at scala.meta.internal.pc.CompilerSearchVisitor.visitClassfile(CompilerSearchVisitor.scala:81)
	at scala.meta.internal.metals.ClasspathSearch.$anonfun$search$5(ClasspathSearch.scala:50)
	at scala.meta.internal.metals.ClasspathSearch.$anonfun$search$5$adapted(ClasspathSearch.scala:40)
	at scala.collection.IterableOnceOps.foreach(IterableOnce.scala:619)
	at scala.collection.IterableOnceOps.foreach$(IterableOnce.scala:617)
	at scala.collection.AbstractIterator.foreach(Iterator.scala:1303)
	at scala.meta.internal.metals.ClasspathSearch.search(ClasspathSearch.scala:40)
	at scala.meta.internal.metals.StandaloneSymbolSearch.search(StandaloneSymbolSearch.scala:105)
	at scala.meta.internal.pc.completions.Completions.enrichWithSymbolSearch(Completions.scala:605)
	at scala.meta.internal.pc.completions.Completions.filterInteresting(Completions.scala:707)
	at scala.meta.internal.pc.completions.Completions.completions(Completions.scala:204)
	at scala.meta.internal.pc.completions.CompletionProvider.completions(CompletionProvider.scala:86)
	at scala.meta.internal.pc.ScalaPresentationCompiler.complete$$anonfun$1(ScalaPresentationCompiler.scala:147)
	at scala.meta.internal.pc.CompilerAccess.withSharedCompiler(CompilerAccess.scala:156)
	at scala.meta.internal.pc.CompilerAccess.$anonfun$1(CompilerAccess.scala:102)
	at scala.meta.internal.pc.CompilerAccess.onCompilerJobQueue$$anonfun$1(CompilerAccess.scala:245)
	at scala.meta.internal.pc.CompilerJobQueue$Job.run(CompilerJobQueue.scala:152)
	at java.util.concurrent.ThreadPoolExecutor.runWorker(ThreadPoolExecutor.java:1149)
	at java.util.concurrent.ThreadPoolExecutor$Worker.run(ThreadPoolExecutor.java:624)
	at java.lang.Thread.run(Thread.java:748)

May 20, 2024 2:31:58 PM scala.meta.internal.pc.CompilerSearchVisitor visitClassfile
WARNING: assertion failed: denotation class Object invalid in run 23. ValidFor: Period(1..2, run = 24)
java.lang.AssertionError: assertion failed: denotation class Object invalid in run 23. ValidFor: Period(1..2, run = 24)
	at scala.runtime.Scala3RunTime$.assertFailed(Scala3RunTime.scala:8)
	at dotty.tools.dotc.core.Denotations$SingleDenotation.updateValidity(Denotations.scala:717)
	at dotty.tools.dotc.core.Denotations$SingleDenotation.bringForward(Denotations.scala:742)
	at dotty.tools.dotc.core.Denotations$SingleDenotation.toNewRun$1(Denotations.scala:799)
	at dotty.tools.dotc.core.Denotations$SingleDenotation.current(Denotations.scala:870)
	at dotty.tools.dotc.core.Types$NamedType.computeDenot(Types.scala:2391)
	at dotty.tools.dotc.core.Types$NamedType.denot(Types.scala:2351)
	at dotty.tools.dotc.core.Types$NamedType.computeSymbol(Types.scala:2308)
	at dotty.tools.dotc.core.Types$NamedType.symbol(Types.scala:2301)
	at dotty.tools.dotc.core.Types$Type.classSymbol(Types.scala:533)
	at dotty.tools.dotc.core.SymDenotations$ClassDenotation.collect$1(SymDenotations.scala:2155)
	at dotty.tools.dotc.core.SymDenotations$ClassDenotation.addInherited(SymDenotations.scala:2163)
	at dotty.tools.dotc.core.SymDenotations$ClassDenotation.computeMembersNamed(SymDenotations.scala:2148)
	at dotty.tools.dotc.core.SymDenotations$ClassDenotation.membersNamed(SymDenotations.scala:2115)
	at dotty.tools.dotc.core.SymDenotations$ClassDenotation.findMember(SymDenotations.scala:2166)
	at dotty.tools.dotc.core.Types$Type.go$1(Types.scala:721)
	at dotty.tools.dotc.core.Types$Type.findMember(Types.scala:900)
	at dotty.tools.dotc.core.Types$Type.memberBasedOnFlags(Types.scala:704)
	at dotty.tools.dotc.core.Types$Type.member(Types.scala:688)
	at scala.meta.internal.pc.CompilerSearchVisitor.$anonfun$1(CompilerSearchVisitor.scala:56)
	at scala.collection.immutable.List.flatMap(List.scala:293)
	at scala.meta.internal.pc.CompilerSearchVisitor.loop$1(CompilerSearchVisitor.scala:63)
	at scala.meta.internal.pc.CompilerSearchVisitor.toSymbols(CompilerSearchVisitor.scala:69)
	at scala.meta.internal.pc.CompilerSearchVisitor.visitClassfile(CompilerSearchVisitor.scala:81)
	at scala.meta.internal.metals.ClasspathSearch.$anonfun$search$5(ClasspathSearch.scala:50)
	at scala.meta.internal.metals.ClasspathSearch.$anonfun$search$5$adapted(ClasspathSearch.scala:40)
	at scala.collection.IterableOnceOps.foreach(IterableOnce.scala:619)
	at scala.collection.IterableOnceOps.foreach$(IterableOnce.scala:617)
	at scala.collection.AbstractIterator.foreach(Iterator.scala:1303)
	at scala.meta.internal.metals.ClasspathSearch.search(ClasspathSearch.scala:40)
	at scala.meta.internal.metals.StandaloneSymbolSearch.search(StandaloneSymbolSearch.scala:105)
	at scala.meta.internal.pc.completions.Completions.enrichWithSymbolSearch(Completions.scala:605)
	at scala.meta.internal.pc.completions.Completions.filterInteresting(Completions.scala:707)
	at scala.meta.internal.pc.completions.Completions.completions(Completions.scala:204)
	at scala.meta.internal.pc.completions.CompletionProvider.completions(CompletionProvider.scala:86)
	at scala.meta.internal.pc.ScalaPresentationCompiler.complete$$anonfun$1(ScalaPresentationCompiler.scala:147)
	at scala.meta.internal.pc.CompilerAccess.withSharedCompiler(CompilerAccess.scala:156)
	at scala.meta.internal.pc.CompilerAccess.$anonfun$1(CompilerAccess.scala:102)
	at scala.meta.internal.pc.CompilerAccess.onCompilerJobQueue$$anonfun$1(CompilerAccess.scala:245)
	at scala.meta.internal.pc.CompilerJobQueue$Job.run(CompilerJobQueue.scala:152)
	at java.util.concurrent.ThreadPoolExecutor.runWorker(ThreadPoolExecutor.java:1149)
	at java.util.concurrent.ThreadPoolExecutor$Worker.run(ThreadPoolExecutor.java:624)
	at java.lang.Thread.run(Thread.java:748)

May 20, 2024 2:31:58 PM scala.meta.internal.pc.CompilerSearchVisitor visitClassfile
WARNING: assertion failed: denotation class ValueOf invalid in run 23. ValidFor: Period(1..2, run = 24)
java.lang.AssertionError: assertion failed: denotation class ValueOf invalid in run 23. ValidFor: Period(1..2, run = 24)
	at scala.runtime.Scala3RunTime$.assertFailed(Scala3RunTime.scala:8)
	at dotty.tools.dotc.core.Denotations$SingleDenotation.updateValidity(Denotations.scala:717)
	at dotty.tools.dotc.core.Denotations$SingleDenotation.bringForward(Denotations.scala:742)
	at dotty.tools.dotc.core.Denotations$SingleDenotation.toNewRun$1(Denotations.scala:799)
	at dotty.tools.dotc.core.Denotations$SingleDenotation.current(Denotations.scala:870)
	at dotty.tools.dotc.core.Symbols$Symbol.recomputeDenot(Symbols.scala:120)
	at dotty.tools.dotc.core.Symbols$Symbol.computeDenot(Symbols.scala:114)
	at dotty.tools.dotc.core.Symbols$Symbol.denot(Symbols.scala:107)
	at dotty.tools.dotc.core.Symbols$ClassSymbol.classDenot(Symbols.scala:481)
	at dotty.tools.dotc.core.Symbols$.toClassDenot(Symbols.scala:497)
	at scala.meta.internal.pc.completions.Completions.isUninterestingSymbol$lzyINIT1(Completions.scala:734)
	at scala.meta.internal.pc.completions.Completions.scala$meta$internal$pc$completions$Completions$$isUninterestingSymbol(Completions.scala:716)
	at scala.meta.internal.pc.completions.Completions$CursorPos.include(Completions.scala:88)
	at scala.meta.internal.pc.completions.Completions.visit$4(Completions.scala:686)
	at scala.meta.internal.pc.completions.Completions.$anonfun$9(Completions.scala:707)
	at scala.collection.immutable.List.map(List.scala:246)
	at scala.meta.internal.pc.completions.Completions.$anonfun$5(Completions.scala:602)
	at scala.collection.immutable.List.filter(List.scala:515)
	at scala.meta.internal.pc.CompilerSearchVisitor.visitClassfile(CompilerSearchVisitor.scala:81)
	at scala.meta.internal.metals.ClasspathSearch.$anonfun$search$5(ClasspathSearch.scala:50)
	at scala.meta.internal.metals.ClasspathSearch.$anonfun$search$5$adapted(ClasspathSearch.scala:40)
	at scala.collection.IterableOnceOps.foreach(IterableOnce.scala:619)
	at scala.collection.IterableOnceOps.foreach$(IterableOnce.scala:617)
	at scala.collection.AbstractIterator.foreach(Iterator.scala:1303)
	at scala.meta.internal.metals.ClasspathSearch.search(ClasspathSearch.scala:40)
	at scala.meta.internal.metals.StandaloneSymbolSearch.search(StandaloneSymbolSearch.scala:105)
	at scala.meta.internal.pc.completions.Completions.enrichWithSymbolSearch(Completions.scala:605)
	at scala.meta.internal.pc.completions.Completions.filterInteresting(Completions.scala:707)
	at scala.meta.internal.pc.completions.Completions.completions(Completions.scala:204)
	at scala.meta.internal.pc.completions.CompletionProvider.completions(CompletionProvider.scala:86)
	at scala.meta.internal.pc.ScalaPresentationCompiler.complete$$anonfun$1(ScalaPresentationCompiler.scala:147)
	at scala.meta.internal.pc.CompilerAccess.withSharedCompiler(CompilerAccess.scala:156)
	at scala.meta.internal.pc.CompilerAccess.$anonfun$1(CompilerAccess.scala:102)
	at scala.meta.internal.pc.CompilerAccess.onCompilerJobQueue$$anonfun$1(CompilerAccess.scala:245)
	at scala.meta.internal.pc.CompilerJobQueue$Job.run(CompilerJobQueue.scala:152)
	at java.util.concurrent.ThreadPoolExecutor.runWorker(ThreadPoolExecutor.java:1149)
	at java.util.concurrent.ThreadPoolExecutor$Worker.run(ThreadPoolExecutor.java:624)
	at java.lang.Thread.run(Thread.java:748)

May 20, 2024 2:31:58 PM scala.meta.internal.pc.CompilerSearchVisitor isAccessible
WARNING: assertion failed: denotation module class StreamExtensions$ invalid in run 23. ValidFor: Period(1..5, run = 24)
May 20, 2024 2:31:58 PM scala.meta.internal.pc.CompilerSearchVisitor visitClassfile
WARNING: assertion failed: denotation trait StreamExtensions invalid in run 23. ValidFor: Period(1..5, run = 24)
java.lang.AssertionError: assertion failed: denotation trait StreamExtensions invalid in run 23. ValidFor: Period(1..5, run = 24)
	at scala.runtime.Scala3RunTime$.assertFailed(Scala3RunTime.scala:8)
	at dotty.tools.dotc.core.Denotations$SingleDenotation.updateValidity(Denotations.scala:717)
	at dotty.tools.dotc.core.Denotations$SingleDenotation.bringForward(Denotations.scala:742)
	at dotty.tools.dotc.core.Denotations$SingleDenotation.toNewRun$1(Denotations.scala:799)
	at dotty.tools.dotc.core.Denotations$SingleDenotation.current(Denotations.scala:870)
	at dotty.tools.dotc.core.Symbols$Symbol.recomputeDenot(Symbols.scala:120)
	at dotty.tools.dotc.core.Symbols$Symbol.computeDenot(Symbols.scala:114)
	at dotty.tools.dotc.core.Symbols$Symbol.denot(Symbols.scala:107)
	at dotty.tools.dotc.core.Symbols$ClassSymbol.classDenot(Symbols.scala:481)
	at dotty.tools.dotc.core.Symbols$.toClassDenot(Symbols.scala:497)
	at dotty.tools.dotc.core.unpickleScala2.Scala2Unpickler$.setClassInfo(Scala2Unpickler.scala:115)
	at dotty.tools.dotc.core.unpickleScala2.Scala2Unpickler$LocalUnpickler.parseToCompletion$1(Scala2Unpickler.scala:615)
	at dotty.tools.dotc.core.unpickleScala2.Scala2Unpickler$LocalUnpickler.complete$$anonfun$1(Scala2Unpickler.scala:645)
	at scala.runtime.java8.JFunction0$mcV$sp.apply(JFunction0$mcV$sp.scala:18)
	at dotty.tools.dotc.core.unpickleScala2.Scala2Unpickler.atReadPos(Scala2Unpickler.scala:318)
	at dotty.tools.dotc.core.unpickleScala2.Scala2Unpickler$LocalUnpickler.complete(Scala2Unpickler.scala:647)
	at dotty.tools.dotc.core.SymDenotations$SymDenotation.completeFrom(SymDenotations.scala:174)
	at dotty.tools.dotc.core.Denotations$Denotation.completeInfo$1(Denotations.scala:187)
	at dotty.tools.dotc.core.Denotations$Denotation.info(Denotations.scala:189)
	at scala.meta.internal.pc.CompilerSearchVisitor.$anonfun$1(CompilerSearchVisitor.scala:56)
	at scala.collection.immutable.List.flatMap(List.scala:293)
	at scala.meta.internal.pc.CompilerSearchVisitor.loop$1(CompilerSearchVisitor.scala:63)
	at scala.meta.internal.pc.CompilerSearchVisitor.toSymbols(CompilerSearchVisitor.scala:69)
	at scala.meta.internal.pc.CompilerSearchVisitor.visitClassfile(CompilerSearchVisitor.scala:81)
	at scala.meta.internal.metals.ClasspathSearch.$anonfun$search$5(ClasspathSearch.scala:50)
	at scala.meta.internal.metals.ClasspathSearch.$anonfun$search$5$adapted(ClasspathSearch.scala:40)
	at scala.collection.IterableOnceOps.foreach(IterableOnce.scala:619)
	at scala.collection.IterableOnceOps.foreach$(IterableOnce.scala:617)
	at scala.collection.AbstractIterator.foreach(Iterator.scala:1303)
	at scala.meta.internal.metals.ClasspathSearch.search(ClasspathSearch.scala:40)
	at scala.meta.internal.metals.StandaloneSymbolSearch.search(StandaloneSymbolSearch.scala:105)
	at scala.meta.internal.pc.completions.Completions.enrichWithSymbolSearch(Completions.scala:605)
	at scala.meta.internal.pc.completions.Completions.filterInteresting(Completions.scala:707)
	at scala.meta.internal.pc.completions.Completions.completions(Completions.scala:204)
	at scala.meta.internal.pc.completions.CompletionProvider.completions(CompletionProvider.scala:86)
	at scala.meta.internal.pc.ScalaPresentationCompiler.complete$$anonfun$1(ScalaPresentationCompiler.scala:147)
	at scala.meta.internal.pc.CompilerAccess.withSharedCompiler(CompilerAccess.scala:156)
	at scala.meta.internal.pc.CompilerAccess.$anonfun$1(CompilerAccess.scala:102)
	at scala.meta.internal.pc.CompilerAccess.onCompilerJobQueue$$anonfun$1(CompilerAccess.scala:245)
	at scala.meta.internal.pc.CompilerJobQueue$Job.run(CompilerJobQueue.scala:152)
	at java.util.concurrent.ThreadPoolExecutor.runWorker(ThreadPoolExecutor.java:1149)
	at java.util.concurrent.ThreadPoolExecutor$Worker.run(ThreadPoolExecutor.java:624)
	at java.lang.Thread.run(Thread.java:748)

java.lang.AssertionError: assertion failed: denotation class Character invalid in run 28. ValidFor: Period(1..2, run = 29)
	at scala.runtime.Scala3RunTime$.assertFailed(Scala3RunTime.scala:8)
	at dotty.tools.dotc.core.Denotations$SingleDenotation.updateValidity(Denotations.scala:717)
	at dotty.tools.dotc.core.Denotations$SingleDenotation.bringForward(Denotations.scala:742)
	at dotty.tools.dotc.core.Denotations$SingleDenotation.toNewRun$1(Denotations.scala:799)
	at dotty.tools.dotc.core.Denotations$SingleDenotation.current(Denotations.scala:870)
	at dotty.tools.dotc.core.Symbols$Symbol.recomputeDenot(Symbols.scala:120)
	at dotty.tools.dotc.core.Symbols$Symbol.computeDenot(Symbols.scala:114)
	at dotty.tools.dotc.core.Symbols$Symbol.denot(Symbols.scala:107)
	at dotty.tools.dotc.core.Symbols$ClassSymbol.classDenot(Symbols.scala:481)
	at dotty.tools.dotc.core.Symbols$.toClassDenot(Symbols.scala:497)
	at dotty.tools.dotc.core.TypeErasure$.normalizeClass(TypeErasure.scala:109)
	at dotty.tools.dotc.core.TypeErasure.dotty$tools$dotc$core$TypeErasure$$sigName(TypeErasure.scala:911)
	at dotty.tools.dotc.core.TypeErasure$.sigName(TypeErasure.scala:235)
	at dotty.tools.dotc.core.Signature$.apply(Signature.scala:167)
	at dotty.tools.dotc.core.Types$MethodOrPoly.computeSignature$2(Types.scala:3760)
	at dotty.tools.dotc.core.Types$MethodOrPoly.signature(Types.scala:3780)
	at dotty.tools.dotc.core.Denotations$SingleDenotation.signature(Denotations.scala:617)
	at dotty.tools.dotc.core.Denotations$SingleDenotation.signature(Denotations.scala:607)
	at dotty.tools.dotc.core.Symbols$Symbol.signature(Symbols.scala:195)
	at scala.meta.internal.pc.SemanticdbSymbols$.addOverloadIdx$1(SemanticdbSymbols.scala:153)
	at scala.meta.internal.pc.SemanticdbSymbols$.addDescriptor$1(SemanticdbSymbols.scala:174)
	at scala.meta.internal.pc.SemanticdbSymbols$.addSymName(SemanticdbSymbols.scala:178)
	at scala.meta.internal.pc.SemanticdbSymbols$.symbolName(SemanticdbSymbols.scala:116)
	at scala.meta.internal.pc.completions.Completions.visit$4(Completions.scala:677)
	at scala.meta.internal.pc.completions.Completions.$anonfun$9(Completions.scala:707)
	at scala.meta.internal.pc.completions.Completions.enrichWithSymbolSearch$$anonfun$1(Completions.scala:584)
	at scala.collection.immutable.List.map(List.scala:250)
	at scala.meta.internal.pc.completions.Completions.enrichWithSymbolSearch(Completions.scala:584)
	at scala.meta.internal.pc.completions.Completions.filterInteresting(Completions.scala:707)
	at scala.meta.internal.pc.completions.Completions.completions(Completions.scala:204)
	at scala.meta.internal.pc.completions.CompletionProvider.completions(CompletionProvider.scala:86)
	at scala.meta.internal.pc.ScalaPresentationCompiler.complete$$anonfun$1(ScalaPresentationCompiler.scala:147)
	at scala.meta.internal.pc.CompilerAccess.withSharedCompiler(CompilerAccess.scala:156)
	at scala.meta.internal.pc.CompilerAccess.$anonfun$1(CompilerAccess.scala:102)
	at scala.meta.internal.pc.CompilerAccess.onCompilerJobQueue$$anonfun$1(CompilerAccess.scala:245)
	at scala.meta.internal.pc.CompilerJobQueue$Job.run(CompilerJobQueue.scala:152)
	at java.util.concurrent.ThreadPoolExecutor.runWorker(ThreadPoolExecutor.java:1149)
	at java.util.concurrent.ThreadPoolExecutor$Worker.run(ThreadPoolExecutor.java:624)
	at java.lang.Thread.run(Thread.java:748)
no sig for TypeRef(ThisType(TypeRef(NoPrefix,module class lang)),class Character) because of ()
May 20, 2024 2:32:01 PM scala.meta.internal.pc.CompilerAccess handleError
SEVERE: A severe compiler error occurred, full details of the error can be found in the error report /Users/norihito.nakata/personal/scala/cats/.metals/.reports/metals-full/2024-05-20/r_compiler-error_14-32-01-365.md
2024.05.20 14:32:37 WARN  no build target for: /Users/norihito.nakata/personal/scala/cats/src/main/scala/Main.scala[0m
java.lang.AssertionError: assertion failed: denotation class Object invalid in run 16. ValidFor: Period(1..2, run = 17)
	at scala.runtime.Scala3RunTime$.assertFailed(Scala3RunTime.scala:8)
	at dotty.tools.dotc.core.Denotations$SingleDenotation.updateValidity(Denotations.scala:717)
	at dotty.tools.dotc.core.Denotations$SingleDenotation.bringForward(Denotations.scala:742)
	at dotty.tools.dotc.core.Denotations$SingleDenotation.toNewRun$1(Denotations.scala:799)
	at dotty.tools.dotc.core.Denotations$SingleDenotation.current(Denotations.scala:870)
	at dotty.tools.dotc.core.Symbols$Symbol.recomputeDenot(Symbols.scala:120)
	at dotty.tools.dotc.core.Symbols$Symbol.computeDenot(Symbols.scala:114)
	at dotty.tools.dotc.core.Symbols$Symbol.denot(Symbols.scala:107)
	at dotty.tools.dotc.core.Symbols$.toDenot(Symbols.scala:494)
	at dotty.tools.dotc.core.Denotations$SingleDenotation.updateValidity(Denotations.scala:716)
	at dotty.tools.dotc.core.Denotations$SingleDenotation.bringForward(Denotations.scala:742)
	at dotty.tools.dotc.core.Denotations$SingleDenotation.toNewRun$1(Denotations.scala:799)
	at dotty.tools.dotc.core.Denotations$SingleDenotation.current(Denotations.scala:870)
	at dotty.tools.dotc.core.Types$NamedType.computeDenot(Types.scala:2391)
	at dotty.tools.dotc.core.Types$NamedType.denot(Types.scala:2351)
	at dotty.tools.dotc.core.TypeErasure.dotty$tools$dotc$core$TypeErasure$$sigName(TypeErasure.scala:895)
	at dotty.tools.dotc.core.TypeErasure.dotty$tools$dotc$core$TypeErasure$$sigName(TypeErasure.scala:928)
	at dotty.tools.dotc.core.TypeErasure.dotty$tools$dotc$core$TypeErasure$$sigName(TypeErasure.scala:926)
	at dotty.tools.dotc.core.TypeErasure$.sigName(TypeErasure.scala:235)
	at dotty.tools.dotc.core.Signature$.apply(Signature.scala:167)
	at dotty.tools.dotc.core.Types$MethodOrPoly.computeSignature$2(Types.scala:3760)
	at dotty.tools.dotc.core.Types$MethodOrPoly.signature(Types.scala:3780)
	at dotty.tools.dotc.core.Denotations$SingleDenotation.signature(Denotations.scala:617)
	at dotty.tools.dotc.core.Denotations$SingleDenotation.signature(Denotations.scala:607)
	at dotty.tools.dotc.core.Symbols$Symbol.signature(Symbols.scala:195)
	at scala.meta.internal.pc.SemanticdbSymbols$.addOverloadIdx$1(SemanticdbSymbols.scala:153)
	at scala.meta.internal.pc.SemanticdbSymbols$.addDescriptor$1(SemanticdbSymbols.scala:174)
	at scala.meta.internal.pc.SemanticdbSymbols$.addSymName(SemanticdbSymbols.scala:178)
	at scala.meta.internal.pc.SemanticdbSymbols$.symbolName(SemanticdbSymbols.scala:116)
	at scala.meta.internal.pc.completions.Completions.visit$4(Completions.scala:677)
	at scala.meta.internal.pc.completions.Completions.filterInteresting$$anonfun$1(Completions.scala:703)
	at scala.collection.immutable.List.foreach(List.scala:333)
	at scala.meta.internal.pc.completions.Completions.filterInteresting(Completions.scala:703)
	at scala.meta.internal.pc.completions.Completions.completions(Completions.scala:204)
	at scala.meta.internal.pc.completions.CompletionProvider.completions(CompletionProvider.scala:86)
	at scala.meta.internal.pc.ScalaPresentationCompiler.complete$$anonfun$1(ScalaPresentationCompiler.scala:147)
	at scala.meta.internal.pc.CompilerAccess.withSharedCompiler(CompilerAccess.scala:156)
	at scala.meta.internal.pc.CompilerAccess.$anonfun$1(CompilerAccess.scala:102)
	at scala.meta.internal.pc.CompilerAccess.onCompilerJobQueue$$anonfun$1(CompilerAccess.scala:245)
	at scala.meta.internal.pc.CompilerJobQueue$Job.run(CompilerJobQueue.scala:152)
	at java.util.concurrent.ThreadPoolExecutor.runWorker(ThreadPoolExecutor.java:1149)
	at java.util.concurrent.ThreadPoolExecutor$Worker.run(ThreadPoolExecutor.java:624)
	at java.lang.Thread.run(Thread.java:748)
no sig for TypeRef(ThisType(TypeRef(NoPrefix,module class lang)),class Object) because of ()
java.lang.AssertionError: assertion failed: denotation class Object invalid in run 16. ValidFor: Period(1..2, run = 17)
	at scala.runtime.Scala3RunTime$.assertFailed(Scala3RunTime.scala:8)
	at dotty.tools.dotc.core.Denotations$SingleDenotation.updateValidity(Denotations.scala:717)
	at dotty.tools.dotc.core.Denotations$SingleDenotation.bringForward(Denotations.scala:742)
	at dotty.tools.dotc.core.Denotations$SingleDenotation.toNewRun$1(Denotations.scala:799)
	at dotty.tools.dotc.core.Denotations$SingleDenotation.current(Denotations.scala:870)
	at dotty.tools.dotc.core.Symbols$Symbol.recomputeDenot(Symbols.scala:120)
	at dotty.tools.dotc.core.Symbols$Symbol.computeDenot(Symbols.scala:114)
	at dotty.tools.dotc.core.Symbols$Symbol.denot(Symbols.scala:107)
	at dotty.tools.dotc.core.Symbols$.toDenot(Symbols.scala:494)
	at dotty.tools.dotc.core.Denotations$SingleDenotation.updateValidity(Denotations.scala:716)
	at dotty.tools.dotc.core.Denotations$SingleDenotation.bringForward(Denotations.scala:742)
	at dotty.tools.dotc.core.Denotations$SingleDenotation.toNewRun$1(Denotations.scala:799)
	at dotty.tools.dotc.core.Denotations$SingleDenotation.current(Denotations.scala:870)
	at dotty.tools.dotc.core.Types$NamedType.computeDenot(Types.scala:2391)
	at dotty.tools.dotc.core.Types$NamedType.denot(Types.scala:2351)
	at dotty.tools.dotc.core.TypeErasure.dotty$tools$dotc$core$TypeErasure$$sigName(TypeErasure.scala:895)
	at dotty.tools.dotc.core.TypeErasure.dotty$tools$dotc$core$TypeErasure$$sigName(TypeErasure.scala:928)
	at dotty.tools.dotc.core.TypeErasure.dotty$tools$dotc$core$TypeErasure$$sigName(TypeErasure.scala:926)
	at dotty.tools.dotc.core.TypeErasure$.sigName(TypeErasure.scala:235)
	at dotty.tools.dotc.core.Signature$.apply(Signature.scala:167)
	at dotty.tools.dotc.core.Types$MethodOrPoly.computeSignature$2(Types.scala:3760)
	at dotty.tools.dotc.core.Types$MethodOrPoly.signature(Types.scala:3780)
	at dotty.tools.dotc.core.Denotations$SingleDenotation.signature(Denotations.scala:617)
	at dotty.tools.dotc.core.Denotations$SingleDenotation.signature(Denotations.scala:607)
	at dotty.tools.dotc.core.Symbols$Symbol.signature(Symbols.scala:195)
	at scala.meta.internal.pc.SemanticdbSymbols$.addOverloadIdx$1(SemanticdbSymbols.scala:153)
	at scala.meta.internal.pc.SemanticdbSymbols$.addDescriptor$1(SemanticdbSymbols.scala:174)
	at scala.meta.internal.pc.SemanticdbSymbols$.addSymName(SemanticdbSymbols.scala:178)
	at scala.meta.internal.pc.SemanticdbSymbols$.symbolName(SemanticdbSymbols.scala:116)
	at scala.meta.internal.pc.completions.Completions.visit$4(Completions.scala:677)
	at scala.meta.internal.pc.completions.Completions.filterInteresting$$anonfun$1(Completions.scala:703)
	at scala.collection.immutable.List.foreach(List.scala:333)
	at scala.meta.internal.pc.completions.Completions.filterInteresting(Completions.scala:703)
	at scala.meta.internal.pc.completions.Completions.completions(Completions.scala:204)
	at scala.meta.internal.pc.completions.CompletionProvider.completions(CompletionProvider.scala:86)
	at scala.meta.internal.pc.ScalaPresentationCompiler.complete$$anonfun$1(ScalaPresentationCompiler.scala:147)
	at scala.meta.internal.pc.CompilerAccess.withSharedCompiler(CompilerAccess.scala:156)
	at scala.meta.internal.pc.CompilerAccess.$anonfun$1(CompilerAccess.scala:102)
	at scala.meta.internal.pc.CompilerAccess.onCompilerJobQueue$$anonfun$1(CompilerAccess.scala:245)
	at scala.meta.internal.pc.CompilerJobQueue$Job.run(CompilerJobQueue.scala:152)
	at java.util.concurrent.ThreadPoolExecutor.runWorker(ThreadPoolExecutor.java:1149)
	at java.util.concurrent.ThreadPoolExecutor$Worker.run(ThreadPoolExecutor.java:624)
	at java.lang.Thread.run(Thread.java:748)
no sig for ErasedValueType(TypeRef(ThisType(TypeRef(NoPrefix,module class collection)),class ArrayOps),TypeRef(ThisType(TypeRef(NoPrefix,module class lang)),class Object)) because of ()
java.lang.AssertionError: assertion failed: denotation class Object invalid in run 16. ValidFor: Period(1..2, run = 17)
	at scala.runtime.Scala3RunTime$.assertFailed(Scala3RunTime.scala:8)
	at dotty.tools.dotc.core.Denotations$SingleDenotation.updateValidity(Denotations.scala:717)
	at dotty.tools.dotc.core.Denotations$SingleDenotation.bringForward(Denotations.scala:742)
	at dotty.tools.dotc.core.Denotations$SingleDenotation.toNewRun$1(Denotations.scala:799)
	at dotty.tools.dotc.core.Denotations$SingleDenotation.current(Denotations.scala:870)
	at dotty.tools.dotc.core.Symbols$Symbol.recomputeDenot(Symbols.scala:120)
	at dotty.tools.dotc.core.Symbols$Symbol.computeDenot(Symbols.scala:114)
	at dotty.tools.dotc.core.Symbols$Symbol.denot(Symbols.scala:107)
	at dotty.tools.dotc.core.Symbols$.toDenot(Symbols.scala:494)
	at dotty.tools.dotc.core.Denotations$SingleDenotation.updateValidity(Denotations.scala:716)
	at dotty.tools.dotc.core.Denotations$SingleDenotation.bringForward(Denotations.scala:742)
	at dotty.tools.dotc.core.Denotations$SingleDenotation.toNewRun$1(Denotations.scala:799)
	at dotty.tools.dotc.core.Denotations$SingleDenotation.current(Denotations.scala:870)
	at dotty.tools.dotc.core.Types$NamedType.computeDenot(Types.scala:2391)
	at dotty.tools.dotc.core.Types$NamedType.denot(Types.scala:2351)
	at dotty.tools.dotc.core.TypeErasure.dotty$tools$dotc$core$TypeErasure$$sigName(TypeErasure.scala:895)
	at dotty.tools.dotc.core.TypeErasure.dotty$tools$dotc$core$TypeErasure$$sigName(TypeErasure.scala:928)
	at dotty.tools.dotc.core.TypeErasure.dotty$tools$dotc$core$TypeErasure$$sigName(TypeErasure.scala:926)
	at dotty.tools.dotc.core.TypeErasure$.sigName(TypeErasure.scala:235)
	at dotty.tools.dotc.core.Signature$.apply(Signature.scala:167)
	at dotty.tools.dotc.core.Types$MethodOrPoly.computeSignature$2(Types.scala:3760)
	at dotty.tools.dotc.core.Types$MethodOrPoly.signature(Types.scala:3780)
	at dotty.tools.dotc.core.Denotations$SingleDenotation.signature(Denotations.scala:617)
	at dotty.tools.dotc.core.Denotations$SingleDenotation.signature(Denotations.scala:607)
	at dotty.tools.dotc.core.Symbols$Symbol.signature(Symbols.scala:195)
	at scala.meta.internal.pc.SemanticdbSymbols$.addOverloadIdx$1(SemanticdbSymbols.scala:153)
	at scala.meta.internal.pc.SemanticdbSymbols$.addDescriptor$1(SemanticdbSymbols.scala:174)
	at scala.meta.internal.pc.SemanticdbSymbols$.addSymName(SemanticdbSymbols.scala:178)
	at scala.meta.internal.pc.SemanticdbSymbols$.symbolName(SemanticdbSymbols.scala:116)
	at scala.meta.internal.pc.completions.Completions.visit$4(Completions.scala:677)
	at scala.meta.internal.pc.completions.Completions.filterInteresting$$anonfun$1(Completions.scala:703)
	at scala.collection.immutable.List.foreach(List.scala:333)
	at scala.meta.internal.pc.completions.Completions.filterInteresting(Completions.scala:703)
	at scala.meta.internal.pc.completions.Completions.completions(Completions.scala:204)
	at scala.meta.internal.pc.completions.CompletionProvider.completions(CompletionProvider.scala:86)
	at scala.meta.internal.pc.ScalaPresentationCompiler.complete$$anonfun$1(ScalaPresentationCompiler.scala:147)
	at scala.meta.internal.pc.CompilerAccess.withSharedCompiler(CompilerAccess.scala:156)
	at scala.meta.internal.pc.CompilerAccess.$anonfun$1(CompilerAccess.scala:102)
	at scala.meta.internal.pc.CompilerAccess.onCompilerJobQueue$$anonfun$1(CompilerAccess.scala:245)
	at scala.meta.internal.pc.CompilerJobQueue$Job.run(CompilerJobQueue.scala:152)
	at java.util.concurrent.ThreadPoolExecutor.runWorker(ThreadPoolExecutor.java:1149)
	at java.util.concurrent.ThreadPoolExecutor$Worker.run(ThreadPoolExecutor.java:624)
	at java.lang.Thread.run(Thread.java:748)
no sig for AppliedType(TypeRef(ThisType(TypeRef(NoPrefix,module class collection)),class ArrayOps),List(TypeRef(ThisType(TypeRef(NoPrefix,module class scala)),class Char))) because of ()
May 20, 2024 2:33:12 PM scala.meta.internal.pc.CompilerAccess handleError
SEVERE: A severe compiler error occurred, full details of the error can be found in the error report /Users/norihito.nakata/personal/scala/cats/.metals/.reports/metals-full/2024-05-20/r_compiler-error_14-33-12-561.md
2024.05.20 14:33:19 WARN  no build target for: /Users/norihito.nakata/personal/scala/cats/src/main/scala/Main.scala[0m
2024.05.20 14:33:22 WARN  no build target for: /Users/norihito.nakata/personal/scala/cats/src/main/scala/Main.scala[0m
2024.05.20 14:34:20 WARN  no build target for: /Users/norihito.nakata/personal/scala/cats/src/main/scala/Main.scala[0m
2024.05.20 14:34:53 WARN  no build target for: /Users/norihito.nakata/personal/scala/cats/src/main/scala/Main.scala[0m
2024.05.20 14:35:30 WARN  no build target for: /Users/norihito.nakata/personal/scala/cats/src/main/scala/Main.scala[0m
2024.05.20 14:36:26 WARN  no build target for: /Users/norihito.nakata/personal/scala/cats/src/main/scala/Main.scala[0m
May 20, 2024 2:36:30 PM scala.meta.internal.pc.CompilerAccess handleError
SEVERE: A severe compiler error occurred, full details of the error can be found in the error report /Users/norihito.nakata/personal/scala/cats/.metals/.reports/metals-full/2024-05-20/r_compiler-error_14-36-30-500.md
May 20, 2024 2:36:39 PM scala.meta.internal.pc.CompilerAccess handleError
SEVERE: A severe compiler error occurred, full details of the error can be found in the error report /Users/norihito.nakata/personal/scala/cats/.metals/.reports/metals-full/2024-05-20/r_compiler-error_14-36-39-739.md
May 20, 2024 2:37:02 PM org.eclipse.lsp4j.jsonrpc.RemoteEndpoint handleCancellation
WARNING: Unmatched cancel notification for request id 335
2024.05.20 14:37:40 WARN  no build target for: /Users/norihito.nakata/personal/scala/cats/src/main/scala/Main.scala[0m
2024.05.20 21:00:30 WARN  no build target for: /Users/norihito.nakata/personal/scala/cats/src/main/scala/Main.scala[0m
May 20, 2024 9:00:36 PM org.eclipse.lsp4j.jsonrpc.RemoteEndpoint handleCancellation
WARNING: Unmatched cancel notification for request id 403
java.lang.AssertionError: assertion failed: denotation trait Function0 invalid in run 1. ValidFor: Period(1..2, run = 61)
	at scala.runtime.Scala3RunTime$.assertFailed(Scala3RunTime.scala:8)
	at dotty.tools.dotc.core.Denotations$SingleDenotation.updateValidity(Denotations.scala:717)
	at dotty.tools.dotc.core.Denotations$SingleDenotation.bringForward(Denotations.scala:742)
	at dotty.tools.dotc.core.Denotations$SingleDenotation.toNewRun$1(Denotations.scala:799)
	at dotty.tools.dotc.core.Denotations$SingleDenotation.current(Denotations.scala:870)
	at dotty.tools.dotc.core.Symbols$Symbol.recomputeDenot(Symbols.scala:120)
	at dotty.tools.dotc.core.Symbols$Symbol.computeDenot(Symbols.scala:114)
	at dotty.tools.dotc.core.Symbols$Symbol.denot(Symbols.scala:107)
	at dotty.tools.dotc.core.Definitions.scalaClassName(Definitions.scala:1509)
	at dotty.tools.dotc.core.Definitions.isSyntheticFunctionClass(Definitions.scala:1573)
	at dotty.tools.dotc.core.TypeErasure.dotty$tools$dotc$core$TypeErasure$$sigName(TypeErasure.scala:908)
	at dotty.tools.dotc.core.TypeErasure.dotty$tools$dotc$core$TypeErasure$$sigName(TypeErasure.scala:926)
	at dotty.tools.dotc.core.TypeErasure.dotty$tools$dotc$core$TypeErasure$$sigName(TypeErasure.scala:936)
	at dotty.tools.dotc.core.TypeErasure$.sigName(TypeErasure.scala:235)
	at dotty.tools.dotc.core.Signature.$anonfun$2(Signature.scala:111)
	at scala.collection.immutable.List.map(List.scala:246)
	at dotty.tools.dotc.core.Signature.prependTermParams(Signature.scala:111)
	at dotty.tools.dotc.core.Types$MethodOrPoly.computeSignature$2(Types.scala:3768)
	at dotty.tools.dotc.core.Types$MethodOrPoly.signature(Types.scala:3780)
	at dotty.tools.dotc.core.Denotations$SingleDenotation.signature(Denotations.scala:617)
	at dotty.tools.dotc.core.Denotations$SingleDenotation.matchesLoosely(Denotations.scala:1023)
	at dotty.tools.dotc.core.Denotations$SingleDenotation.matches(Denotations.scala:1007)
	at dotty.tools.dotc.core.Denotations$SingleDenotation.filterDisjoint(Denotations.scala:1057)
	at dotty.tools.dotc.core.Denotations$SingleDenotation.mapInherited(Denotations.scala:1052)
	at dotty.tools.dotc.core.Denotations$SingleDenotation.mapInherited(Denotations.scala:1049)
	at dotty.tools.dotc.core.SymDenotations$ClassDenotation.collect$1(SymDenotations.scala:2158)
	at dotty.tools.dotc.core.SymDenotations$ClassDenotation.collect$1(SymDenotations.scala:2154)
	at dotty.tools.dotc.core.SymDenotations$ClassDenotation.addInherited(SymDenotations.scala:2163)
	at dotty.tools.dotc.core.SymDenotations$ClassDenotation.computeMembersNamed(SymDenotations.scala:2148)
	at dotty.tools.dotc.core.SymDenotations$ClassDenotation.membersNamed(SymDenotations.scala:2115)
	at dotty.tools.dotc.core.SymDenotations$ClassDenotation.membersNamedNoShadowingBasedOnFlags(SymDenotations.scala:2138)
	at dotty.tools.dotc.core.SymDenotations$ClassDenotation.collect$1(SymDenotations.scala:2157)
	at dotty.tools.dotc.core.SymDenotations$ClassDenotation.collect$1(SymDenotations.scala:2154)
	at dotty.tools.dotc.core.SymDenotations$ClassDenotation.addInherited(SymDenotations.scala:2163)
	at dotty.tools.dotc.core.SymDenotations$ClassDenotation.computeMembersNamed(SymDenotations.scala:2148)
	at dotty.tools.dotc.core.SymDenotations$ClassDenotation.membersNamed(SymDenotations.scala:2115)
	at dotty.tools.dotc.core.SymDenotations$ClassDenotation.findMember(SymDenotations.scala:2166)
	at dotty.tools.dotc.core.Types$Type.go$1(Types.scala:721)
	at dotty.tools.dotc.core.Types$Type.goThis$1(Types.scala:827)
	at dotty.tools.dotc.core.Types$Type.go$1(Types.scala:738)
	at dotty.tools.dotc.core.Types$Type.findMember(Types.scala:900)
	at dotty.tools.dotc.core.Types$Type.memberBasedOnFlags(Types.scala:704)
	at dotty.tools.dotc.core.Types$Type.member(Types.scala:688)
	at dotty.tools.dotc.core.Types$Type.allMembers$$anonfun$1(Types.scala:1041)
	at scala.runtime.function.JProcedure2.apply(JProcedure2.java:15)
	at scala.runtime.function.JProcedure2.apply(JProcedure2.java:10)
	at dotty.tools.dotc.core.Types$Type.memberDenots$$anonfun$1(Types.scala:946)
	at scala.runtime.function.JProcedure1.apply(JProcedure1.java:15)
	at scala.runtime.function.JProcedure1.apply(JProcedure1.java:10)
	at scala.collection.immutable.HashSet.foreach(HashSet.scala:958)
	at dotty.tools.dotc.core.Types$Type.memberDenots(Types.scala:946)
	at dotty.tools.dotc.core.Types$Type.allMembers(Types.scala:1041)
	at scala.meta.internal.pc.IndexedContext$.accesibleMembers$1(IndexedContext.scala:154)
	at scala.meta.internal.pc.IndexedContext$.scala$meta$internal$pc$IndexedContext$$$extractNames(IndexedContext.scala:216)
	at scala.meta.internal.pc.IndexedContext$LazyWrapper.<init>(IndexedContext.scala:100)
	at scala.meta.internal.pc.IndexedContext$.apply(IndexedContext.scala:88)
	at scala.meta.internal.pc.IndexedContext$LazyWrapper.<init>(IndexedContext.scala:99)
	at scala.meta.internal.pc.IndexedContext$.apply(IndexedContext.scala:88)
	at scala.meta.internal.pc.IndexedContext$LazyWrapper.<init>(IndexedContext.scala:99)
	at scala.meta.internal.pc.IndexedContext$.apply(IndexedContext.scala:88)
	at scala.meta.internal.pc.IndexedContext$LazyWrapper.<init>(IndexedContext.scala:99)
	at scala.meta.internal.pc.IndexedContext$.apply(IndexedContext.scala:88)
	at scala.meta.internal.pc.IndexedContext$LazyWrapper.<init>(IndexedContext.scala:99)
	at scala.meta.internal.pc.IndexedContext$.apply(IndexedContext.scala:88)
	at scala.meta.internal.pc.IndexedContext$LazyWrapper.<init>(IndexedContext.scala:99)
	at scala.meta.internal.pc.IndexedContext$.apply(IndexedContext.scala:88)
	at scala.meta.internal.pc.completions.CompletionProvider.completions(CompletionProvider.scala:62)
	at scala.meta.internal.pc.ScalaPresentationCompiler.complete$$anonfun$1(ScalaPresentationCompiler.scala:147)
	at scala.meta.internal.pc.CompilerAccess.withSharedCompiler(CompilerAccess.scala:156)
	at scala.meta.internal.pc.CompilerAccess.$anonfun$1(CompilerAccess.scala:102)
	at scala.meta.internal.pc.CompilerAccess.onCompilerJobQueue$$anonfun$1(CompilerAccess.scala:245)
	at scala.meta.internal.pc.CompilerJobQueue$Job.run(CompilerJobQueue.scala:152)
	at java.util.concurrent.ThreadPoolExecutor.runWorker(ThreadPoolExecutor.java:1149)
	at java.util.concurrent.ThreadPoolExecutor$Worker.run(ThreadPoolExecutor.java:624)
	at java.lang.Thread.run(Thread.java:748)
no sig for TypeRef(ThisType(TypeRef(NoPrefix,module class scala)),trait Function0) because of ()
java.lang.AssertionError: assertion failed: denotation trait Function0 invalid in run 1. ValidFor: Period(1..2, run = 61)
	at scala.runtime.Scala3RunTime$.assertFailed(Scala3RunTime.scala:8)
	at dotty.tools.dotc.core.Denotations$SingleDenotation.updateValidity(Denotations.scala:717)
	at dotty.tools.dotc.core.Denotations$SingleDenotation.bringForward(Denotations.scala:742)
	at dotty.tools.dotc.core.Denotations$SingleDenotation.toNewRun$1(Denotations.scala:799)
	at dotty.tools.dotc.core.Denotations$SingleDenotation.current(Denotations.scala:870)
	at dotty.tools.dotc.core.Symbols$Symbol.recomputeDenot(Symbols.scala:120)
	at dotty.tools.dotc.core.Symbols$Symbol.computeDenot(Symbols.scala:114)
	at dotty.tools.dotc.core.Symbols$Symbol.denot(Symbols.scala:107)
	at dotty.tools.dotc.core.Definitions.scalaClassName(Definitions.scala:1509)
	at dotty.tools.dotc.core.Definitions.isSyntheticFunctionClass(Definitions.scala:1573)
	at dotty.tools.dotc.core.TypeErasure.dotty$tools$dotc$core$TypeErasure$$sigName(TypeErasure.scala:908)
	at dotty.tools.dotc.core.TypeErasure.dotty$tools$dotc$core$TypeErasure$$sigName(TypeErasure.scala:926)
	at dotty.tools.dotc.core.TypeErasure.dotty$tools$dotc$core$TypeErasure$$sigName(TypeErasure.scala:936)
	at dotty.tools.dotc.core.TypeErasure$.sigName(TypeErasure.scala:235)
	at dotty.tools.dotc.core.Signature.$anonfun$2(Signature.scala:111)
	at scala.collection.immutable.List.map(List.scala:246)
	at dotty.tools.dotc.core.Signature.prependTermParams(Signature.scala:111)
	at dotty.tools.dotc.core.Types$MethodOrPoly.computeSignature$2(Types.scala:3768)
	at dotty.tools.dotc.core.Types$MethodOrPoly.signature(Types.scala:3780)
	at dotty.tools.dotc.core.Denotations$SingleDenotation.signature(Denotations.scala:617)
	at dotty.tools.dotc.core.Denotations$SingleDenotation.matchesLoosely(Denotations.scala:1023)
	at dotty.tools.dotc.core.Denotations$SingleDenotation.matches(Denotations.scala:1007)
	at dotty.tools.dotc.core.Denotations$SingleDenotation.filterDisjoint(Denotations.scala:1057)
	at dotty.tools.dotc.core.Denotations$SingleDenotation.mapInherited(Denotations.scala:1052)
	at dotty.tools.dotc.core.Denotations$SingleDenotation.mapInherited(Denotations.scala:1049)
	at dotty.tools.dotc.core.SymDenotations$ClassDenotation.collect$1(SymDenotations.scala:2158)
	at dotty.tools.dotc.core.SymDenotations$ClassDenotation.collect$1(SymDenotations.scala:2154)
	at dotty.tools.dotc.core.SymDenotations$ClassDenotation.addInherited(SymDenotations.scala:2163)
	at dotty.tools.dotc.core.SymDenotations$ClassDenotation.computeMembersNamed(SymDenotations.scala:2148)
	at dotty.tools.dotc.core.SymDenotations$ClassDenotation.membersNamed(SymDenotations.scala:2115)
	at dotty.tools.dotc.core.SymDenotations$ClassDenotation.membersNamedNoShadowingBasedOnFlags(SymDenotations.scala:2138)
	at dotty.tools.dotc.core.SymDenotations$ClassDenotation.collect$1(SymDenotations.scala:2157)
	at dotty.tools.dotc.core.SymDenotations$ClassDenotation.collect$1(SymDenotations.scala:2154)
	at dotty.tools.dotc.core.SymDenotations$ClassDenotation.addInherited(SymDenotations.scala:2163)
	at dotty.tools.dotc.core.SymDenotations$ClassDenotation.computeMembersNamed(SymDenotations.scala:2148)
	at dotty.tools.dotc.core.SymDenotations$ClassDenotation.membersNamed(SymDenotations.scala:2115)
	at dotty.tools.dotc.core.SymDenotations$ClassDenotation.findMember(SymDenotations.scala:2166)
	at dotty.tools.dotc.core.Types$Type.go$1(Types.scala:721)
	at dotty.tools.dotc.core.Types$Type.goThis$1(Types.scala:827)
	at dotty.tools.dotc.core.Types$Type.go$1(Types.scala:738)
	at dotty.tools.dotc.core.Types$Type.findMember(Types.scala:900)
	at dotty.tools.dotc.core.Types$Type.memberBasedOnFlags(Types.scala:704)
	at dotty.tools.dotc.core.Types$Type.member(Types.scala:688)
	at dotty.tools.dotc.core.Types$Type.allMembers$$anonfun$1(Types.scala:1041)
	at scala.runtime.function.JProcedure2.apply(JProcedure2.java:15)
	at scala.runtime.function.JProcedure2.apply(JProcedure2.java:10)
	at dotty.tools.dotc.core.Types$Type.memberDenots$$anonfun$1(Types.scala:946)
	at scala.runtime.function.JProcedure1.apply(JProcedure1.java:15)
	at scala.runtime.function.JProcedure1.apply(JProcedure1.java:10)
	at scala.collection.immutable.HashSet.foreach(HashSet.scala:958)
	at dotty.tools.dotc.core.Types$Type.memberDenots(Types.scala:946)
	at dotty.tools.dotc.core.Types$Type.allMembers(Types.scala:1041)
	at scala.meta.internal.pc.IndexedContext$.accesibleMembers$1(IndexedContext.scala:154)
	at scala.meta.internal.pc.IndexedContext$.scala$meta$internal$pc$IndexedContext$$$extractNames(IndexedContext.scala:216)
	at scala.meta.internal.pc.IndexedContext$LazyWrapper.<init>(IndexedContext.scala:100)
	at scala.meta.internal.pc.IndexedContext$.apply(IndexedContext.scala:88)
	at scala.meta.internal.pc.IndexedContext$LazyWrapper.<init>(IndexedContext.scala:99)
	at scala.meta.internal.pc.IndexedContext$.apply(IndexedContext.scala:88)
	at scala.meta.internal.pc.IndexedContext$LazyWrapper.<init>(IndexedContext.scala:99)
	at scala.meta.internal.pc.IndexedContext$.apply(IndexedContext.scala:88)
	at scala.meta.internal.pc.IndexedContext$LazyWrapper.<init>(IndexedContext.scala:99)
	at scala.meta.internal.pc.IndexedContext$.apply(IndexedContext.scala:88)
	at scala.meta.internal.pc.IndexedContext$LazyWrapper.<init>(IndexedContext.scala:99)
	at scala.meta.internal.pc.IndexedContext$.apply(IndexedContext.scala:88)
	at scala.meta.internal.pc.IndexedContext$LazyWrapper.<init>(IndexedContext.scala:99)
	at scala.meta.internal.pc.IndexedContext$.apply(IndexedContext.scala:88)
	at scala.meta.internal.pc.completions.CompletionProvider.completions(CompletionProvider.scala:62)
	at scala.meta.internal.pc.ScalaPresentationCompiler.complete$$anonfun$1(ScalaPresentationCompiler.scala:147)
	at scala.meta.internal.pc.CompilerAccess.withSharedCompiler(CompilerAccess.scala:156)
	at scala.meta.internal.pc.CompilerAccess.$anonfun$1(CompilerAccess.scala:102)
	at scala.meta.internal.pc.CompilerAccess.onCompilerJobQueue$$anonfun$1(CompilerAccess.scala:245)
	at scala.meta.internal.pc.CompilerJobQueue$Job.run(CompilerJobQueue.scala:152)
	at java.util.concurrent.ThreadPoolExecutor.runWorker(ThreadPoolExecutor.java:1149)
	at java.util.concurrent.ThreadPoolExecutor$Worker.run(ThreadPoolExecutor.java:624)
	at java.lang.Thread.run(Thread.java:748)
no sig for AppliedType(TypeRef(ThisType(TypeRef(NoPrefix,module class scala)),trait Function0),List(TypeRef(ThisType(TypeRef(NoPrefix,module class scala)),class Unit))) because of ()
java.lang.AssertionError: assertion failed: denotation trait Function0 invalid in run 1. ValidFor: Period(1..2, run = 61)
	at scala.runtime.Scala3RunTime$.assertFailed(Scala3RunTime.scala:8)
	at dotty.tools.dotc.core.Denotations$SingleDenotation.updateValidity(Denotations.scala:717)
	at dotty.tools.dotc.core.Denotations$SingleDenotation.bringForward(Denotations.scala:742)
	at dotty.tools.dotc.core.Denotations$SingleDenotation.toNewRun$1(Denotations.scala:799)
	at dotty.tools.dotc.core.Denotations$SingleDenotation.current(Denotations.scala:870)
	at dotty.tools.dotc.core.Symbols$Symbol.recomputeDenot(Symbols.scala:120)
	at dotty.tools.dotc.core.Symbols$Symbol.computeDenot(Symbols.scala:114)
	at dotty.tools.dotc.core.Symbols$Symbol.denot(Symbols.scala:107)
	at dotty.tools.dotc.core.Definitions.scalaClassName(Definitions.scala:1509)
	at dotty.tools.dotc.core.Definitions.isSyntheticFunctionClass(Definitions.scala:1573)
	at dotty.tools.dotc.core.TypeErasure.dotty$tools$dotc$core$TypeErasure$$sigName(TypeErasure.scala:908)
	at dotty.tools.dotc.core.TypeErasure.dotty$tools$dotc$core$TypeErasure$$sigName(TypeErasure.scala:926)
	at dotty.tools.dotc.core.TypeErasure.dotty$tools$dotc$core$TypeErasure$$sigName(TypeErasure.scala:936)
	at dotty.tools.dotc.core.TypeErasure$.sigName(TypeErasure.scala:235)
	at dotty.tools.dotc.core.Signature.$anonfun$2(Signature.scala:111)
	at scala.collection.immutable.List.map(List.scala:246)
	at dotty.tools.dotc.core.Signature.prependTermParams(Signature.scala:111)
	at dotty.tools.dotc.core.Types$MethodOrPoly.computeSignature$2(Types.scala:3768)
	at dotty.tools.dotc.core.Types$MethodOrPoly.signature(Types.scala:3780)
	at dotty.tools.dotc.core.Denotations$SingleDenotation.signature(Denotations.scala:617)
	at dotty.tools.dotc.core.Denotations$SingleDenotation.matchesLoosely(Denotations.scala:1023)
	at dotty.tools.dotc.core.Denotations$SingleDenotation.matches(Denotations.scala:1007)
	at dotty.tools.dotc.core.Denotations$SingleDenotation.filterDisjoint(Denotations.scala:1057)
	at dotty.tools.dotc.core.Denotations$SingleDenotation.mapInherited(Denotations.scala:1052)
	at dotty.tools.dotc.core.Denotations$SingleDenotation.mapInherited(Denotations.scala:1049)
	at dotty.tools.dotc.core.SymDenotations$ClassDenotation.collect$1(SymDenotations.scala:2158)
	at dotty.tools.dotc.core.SymDenotations$ClassDenotation.collect$1(SymDenotations.scala:2154)
	at dotty.tools.dotc.core.SymDenotations$ClassDenotation.addInherited(SymDenotations.scala:2163)
	at dotty.tools.dotc.core.SymDenotations$ClassDenotation.computeMembersNamed(SymDenotations.scala:2148)
	at dotty.tools.dotc.core.SymDenotations$ClassDenotation.membersNamed(SymDenotations.scala:2115)
	at dotty.tools.dotc.core.SymDenotations$ClassDenotation.membersNamedNoShadowingBasedOnFlags(SymDenotations.scala:2138)
	at dotty.tools.dotc.core.SymDenotations$ClassDenotation.collect$1(SymDenotations.scala:2157)
	at dotty.tools.dotc.core.SymDenotations$ClassDenotation.collect$1(SymDenotations.scala:2154)
	at dotty.tools.dotc.core.SymDenotations$ClassDenotation.addInherited(SymDenotations.scala:2163)
	at dotty.tools.dotc.core.SymDenotations$ClassDenotation.computeMembersNamed(SymDenotations.scala:2148)
	at dotty.tools.dotc.core.SymDenotations$ClassDenotation.membersNamed(SymDenotations.scala:2115)
	at dotty.tools.dotc.core.SymDenotations$ClassDenotation.findMember(SymDenotations.scala:2166)
	at dotty.tools.dotc.core.Types$Type.go$1(Types.scala:721)
	at dotty.tools.dotc.core.Types$Type.goThis$1(Types.scala:827)
	at dotty.tools.dotc.core.Types$Type.go$1(Types.scala:738)
	at dotty.tools.dotc.core.Types$Type.findMember(Types.scala:900)
	at dotty.tools.dotc.core.Types$Type.memberBasedOnFlags(Types.scala:704)
	at dotty.tools.dotc.core.Types$Type.member(Types.scala:688)
	at dotty.tools.dotc.core.Types$Type.allMembers$$anonfun$1(Types.scala:1041)
	at scala.runtime.function.JProcedure2.apply(JProcedure2.java:15)
	at scala.runtime.function.JProcedure2.apply(JProcedure2.java:10)
	at dotty.tools.dotc.core.Types$Type.memberDenots$$anonfun$1(Types.scala:946)
	at scala.runtime.function.JProcedure1.apply(JProcedure1.java:15)
	at scala.runtime.function.JProcedure1.apply(JProcedure1.java:10)
	at scala.collection.immutable.HashSet.foreach(HashSet.scala:958)
	at dotty.tools.dotc.core.Types$Type.memberDenots(Types.scala:946)
	at dotty.tools.dotc.core.Types$Type.allMembers(Types.scala:1041)
	at scala.meta.internal.pc.IndexedContext$.accesibleMembers$1(IndexedContext.scala:154)
	at scala.meta.internal.pc.IndexedContext$.scala$meta$internal$pc$IndexedContext$$$extractNames(IndexedContext.scala:216)
	at scala.meta.internal.pc.IndexedContext$LazyWrapper.<init>(IndexedContext.scala:100)
	at scala.meta.internal.pc.IndexedContext$.apply(IndexedContext.scala:88)
	at scala.meta.internal.pc.IndexedContext$LazyWrapper.<init>(IndexedContext.scala:99)
	at scala.meta.internal.pc.IndexedContext$.apply(IndexedContext.scala:88)
	at scala.meta.internal.pc.IndexedContext$LazyWrapper.<init>(IndexedContext.scala:99)
	at scala.meta.internal.pc.IndexedContext$.apply(IndexedContext.scala:88)
	at scala.meta.internal.pc.IndexedContext$LazyWrapper.<init>(IndexedContext.scala:99)
	at scala.meta.internal.pc.IndexedContext$.apply(IndexedContext.scala:88)
	at scala.meta.internal.pc.IndexedContext$LazyWrapper.<init>(IndexedContext.scala:99)
	at scala.meta.internal.pc.IndexedContext$.apply(IndexedContext.scala:88)
	at scala.meta.internal.pc.IndexedContext$LazyWrapper.<init>(IndexedContext.scala:99)
	at scala.meta.internal.pc.IndexedContext$.apply(IndexedContext.scala:88)
	at scala.meta.internal.pc.completions.CompletionProvider.completions(CompletionProvider.scala:62)
	at scala.meta.internal.pc.ScalaPresentationCompiler.complete$$anonfun$1(ScalaPresentationCompiler.scala:147)
	at scala.meta.internal.pc.CompilerAccess.withSharedCompiler(CompilerAccess.scala:156)
	at scala.meta.internal.pc.CompilerAccess.$anonfun$1(CompilerAccess.scala:102)
	at scala.meta.internal.pc.CompilerAccess.onCompilerJobQueue$$anonfun$1(CompilerAccess.scala:245)
	at scala.meta.internal.pc.CompilerJobQueue$Job.run(CompilerJobQueue.scala:152)
	at java.util.concurrent.ThreadPoolExecutor.runWorker(ThreadPoolExecutor.java:1149)
	at java.util.concurrent.ThreadPoolExecutor$Worker.run(ThreadPoolExecutor.java:624)
	at java.lang.Thread.run(Thread.java:748)
no sig for ExprType(TypeRef(ThisType(TypeRef(NoPrefix,module class scala)),class Unit)) because of ()
May 20, 2024 9:00:36 PM scala.meta.internal.pc.CompilerAccess handleError
SEVERE: A severe compiler error occurred, full details of the error can be found in the error report /Users/norihito.nakata/personal/scala/cats/.metals/.reports/metals-full/2024-05-20/r_compiler-error_21-00-36-376.md
May 20, 2024 9:00:45 PM org.eclipse.lsp4j.jsonrpc.RemoteEndpoint handleCancellation
WARNING: Unmatched cancel notification for request id 407
2024.05.20 21:02:26 WARN  no build target for: /Users/norihito.nakata/personal/scala/cats/src/main/scala/Main.scala[0m
2024.05.20 21:02:31 WARN  no build target for: /Users/norihito.nakata/personal/scala/cats/src/main/scala/Main.scala[0m
2024.05.20 21:02:47 WARN  no build target for: /Users/norihito.nakata/personal/scala/cats/src/main/scala/Main.scala[0m
2024.05.20 21:05:41 WARN  no build target for: /Users/norihito.nakata/personal/scala/cats/src/main/scala/Main.scala[0m
2024.05.20 21:05:48 WARN  no build target for: /Users/norihito.nakata/personal/scala/cats/src/main/scala/Main.scala[0m
2024.05.21 13:24:35 WARN  no build target for: /Users/norihito.nakata/personal/scala/cats/src/main/scala/Main.scala[0m
2024.05.23 19:47:14 INFO  Started: Metals version 1.3.0 in folders '/Users/norihito.nakata/personal/scala/cats' for client coc.nvim 0.0.82.[0m
SLF4J: Class path contains multiple SLF4J providers.
SLF4J: Found provider [scribe.slf4j.ScribeServiceProvider@3665c6b2]
SLF4J: Found provider [ch.qos.logback.classic.spi.LogbackServiceProvider@6483fe24]
SLF4J: See https://www.slf4j.org/codes.html#multiple_bindings for an explanation.
SLF4J: Actual provider is of type [scribe.slf4j.ScribeServiceProvider@3665c6b2]
2024.05.23 19:47:15 WARN  Flyway upgrade recommended: H2 2.2.224 is newer than this version of Flyway and support has not been tested. The latest supported version of H2 is 2.2.220.[0m
2024.05.23 19:47:16 INFO  skipping build import with status 'Started'[0m
2024.05.23 19:47:29 INFO  no build target found for /Users/norihito.nakata/personal/scala/cats/src/main/scala/Main.scala. Using presentation compiler with project's scala-library version: 3.3.3[0m
May 23, 2024 7:47:32 PM scala.meta.internal.pc.CompilerAccess handleError
SEVERE: A severe compiler error occurred, full details of the error can be found in the error report /Users/norihito.nakata/personal/scala/cats/.metals/.reports/metals-full/2024-05-23/r_compiler-error_19-47-32-507.md
May 23, 2024 7:47:32 PM org.eclipse.lsp4j.jsonrpc.RemoteEndpoint handleCancellation
WARNING: Unmatched cancel notification for request id 16
May 23, 2024 7:47:34 PM org.eclipse.lsp4j.jsonrpc.RemoteEndpoint handleCancellation
WARNING: Unmatched cancel notification for request id 18
May 23, 2024 7:47:34 PM org.eclipse.lsp4j.jsonrpc.RemoteEndpoint handleCancellation
WARNING: Unmatched cancel notification for request id 20
May 23, 2024 7:47:34 PM scala.meta.internal.pc.CompilerAccess handleError
SEVERE: A severe compiler error occurred, full details of the error can be found in the error report /Users/norihito.nakata/personal/scala/cats/.metals/.reports/metals-full/2024-05-23/r_compiler-error_19-47-34-745.md
May 23, 2024 7:47:34 PM org.eclipse.lsp4j.jsonrpc.RemoteEndpoint handleCancellation
WARNING: Unmatched cancel notification for request id 22
May 23, 2024 7:47:35 PM org.eclipse.lsp4j.jsonrpc.RemoteEndpoint handleCancellation
WARNING: Unmatched cancel notification for request id 24
May 23, 2024 7:47:36 PM org.eclipse.lsp4j.jsonrpc.RemoteEndpoint handleCancellation
WARNING: Unmatched cancel notification for request id 26
May 23, 2024 7:47:36 PM org.eclipse.lsp4j.jsonrpc.RemoteEndpoint handleCancellation
WARNING: Unmatched cancel notification for request id 28
java.lang.AssertionError: assertion failed: denotation class Boolean invalid in run 7. ValidFor: Period(1..2, run = 8)
	at scala.runtime.Scala3RunTime$.assertFailed(Scala3RunTime.scala:8)
	at dotty.tools.dotc.core.Denotations$SingleDenotation.updateValidity(Denotations.scala:717)
	at dotty.tools.dotc.core.Denotations$SingleDenotation.bringForward(Denotations.scala:742)
	at dotty.tools.dotc.core.Denotations$SingleDenotation.toNewRun$1(Denotations.scala:799)
	at dotty.tools.dotc.core.Denotations$SingleDenotation.current(Denotations.scala:870)
	at dotty.tools.dotc.core.Symbols$Symbol.recomputeDenot(Symbols.scala:120)
	at dotty.tools.dotc.core.Symbols$Symbol.computeDenot(Symbols.scala:114)
	at dotty.tools.dotc.core.Symbols$Symbol.denot(Symbols.scala:107)
	at dotty.tools.dotc.core.Symbols$ClassSymbol.classDenot(Symbols.scala:481)
	at dotty.tools.dotc.core.Symbols$.toClassDenot(Symbols.scala:497)
	at dotty.tools.dotc.core.TypeErasure$.normalizeClass(TypeErasure.scala:109)
	at dotty.tools.dotc.core.TypeErasure.dotty$tools$dotc$core$TypeErasure$$sigName(TypeErasure.scala:911)
	at dotty.tools.dotc.core.TypeErasure$.sigName(TypeErasure.scala:235)
	at dotty.tools.dotc.core.Signature$.apply(Signature.scala:167)
	at dotty.tools.dotc.core.Types$MethodOrPoly.computeSignature$2(Types.scala:3760)
	at dotty.tools.dotc.core.Types$MethodOrPoly.signature(Types.scala:3785)
	at dotty.tools.dotc.core.Denotations$SingleDenotation.signature(Denotations.scala:617)
	at dotty.tools.dotc.core.Denotations$SingleDenotation.signature(Denotations.scala:607)
	at dotty.tools.dotc.core.Symbols$Symbol.signature(Symbols.scala:195)
	at scala.meta.internal.pc.SemanticdbSymbols$.addOverloadIdx$1(SemanticdbSymbols.scala:153)
	at scala.meta.internal.pc.SemanticdbSymbols$.addDescriptor$1(SemanticdbSymbols.scala:174)
	at scala.meta.internal.pc.SemanticdbSymbols$.addSymName(SemanticdbSymbols.scala:178)
	at scala.meta.internal.pc.SemanticdbSymbols$.symbolName(SemanticdbSymbols.scala:116)
	at scala.meta.internal.mtags.MtagsEnrichments$.toSemanticdbSymbol$1(MtagsEnrichments.scala:243)
	at scala.meta.internal.mtags.MtagsEnrichments$.symbolDocumentation(MtagsEnrichments.scala:244)
	at scala.meta.internal.pc.printer.MetalsPrinter.paramsDocs$lzyINIT1$1(MetalsPrinter.scala:188)
	at scala.meta.internal.pc.printer.MetalsPrinter.paramsDocs$1(MetalsPrinter.scala:192)
	at scala.meta.internal.pc.printer.MetalsPrinter.$anonfun$6(MetalsPrinter.scala:209)
	at scala.meta.internal.pc.printer.MetalsPrinter.paramLabel(MetalsPrinter.scala:358)
	at scala.meta.internal.pc.printer.MetalsPrinter.$anonfun$5(MetalsPrinter.scala:210)
	at scala.collection.immutable.List.flatMap(List.scala:293)
	at scala.meta.internal.pc.printer.MetalsPrinter.label$1$$anonfun$1(MetalsPrinter.scala:213)
	at scala.collection.immutable.List.flatMap(List.scala:293)
	at scala.meta.internal.pc.printer.MetalsPrinter.label$1(MetalsPrinter.scala:218)
	at scala.meta.internal.pc.printer.MetalsPrinter.defaultMethodSignature(MetalsPrinter.scala:221)
	at scala.meta.internal.pc.completions.OverrideCompletions$.toCompletionValue(OverrideCompletions.scala:430)
	at scala.meta.internal.pc.completions.OverrideCompletions$.contribute$$anonfun$1(OverrideCompletions.scala:127)
	at scala.collection.immutable.List.map(List.scala:246)
	at scala.meta.internal.pc.completions.OverrideCompletions$.contribute(OverrideCompletions.scala:127)
	at scala.meta.internal.pc.completions.Completions.advancedCompletions(Completions.scala:461)
	at scala.meta.internal.pc.completions.Completions.completions(Completions.scala:183)
	at scala.meta.internal.pc.completions.CompletionProvider.completions(CompletionProvider.scala:86)
	at scala.meta.internal.pc.ScalaPresentationCompiler.complete$$anonfun$1(ScalaPresentationCompiler.scala:147)
	at scala.meta.internal.pc.CompilerAccess.withSharedCompiler(CompilerAccess.scala:156)
	at scala.meta.internal.pc.CompilerAccess.$anonfun$1(CompilerAccess.scala:102)
	at scala.meta.internal.pc.CompilerAccess.onCompilerJobQueue$$anonfun$1(CompilerAccess.scala:245)
	at scala.meta.internal.pc.CompilerJobQueue$Job.run(CompilerJobQueue.scala:152)
	at java.util.concurrent.ThreadPoolExecutor.runWorker(ThreadPoolExecutor.java:1149)
	at java.util.concurrent.ThreadPoolExecutor$Worker.run(ThreadPoolExecutor.java:624)
	at java.lang.Thread.run(Thread.java:748)
no sig for TypeRef(ThisType(TypeRef(NoPrefix,module class scala)),class Boolean) because of ()
May 23, 2024 7:47:38 PM scala.meta.internal.pc.CompilerAccess handleError
SEVERE: A severe compiler error occurred, full details of the error can be found in the error report /Users/norihito.nakata/personal/scala/cats/.metals/.reports/metals-full/2024-05-23/r_compiler-error_19-47-38-550.md
May 23, 2024 7:47:42 PM scala.meta.internal.pc.CompilerAccess handleError
SEVERE: A severe compiler error occurred, full details of the error can be found in the error report /Users/norihito.nakata/personal/scala/cats/.metals/.reports/metals-full/2024-05-23/r_compiler-error_19-47-42-971.md
May 23, 2024 7:48:04 PM org.eclipse.lsp4j.jsonrpc.RemoteEndpoint handleCancellation
WARNING: Unmatched cancel notification for request id 67
May 23, 2024 7:48:14 PM org.eclipse.lsp4j.jsonrpc.RemoteEndpoint handleCancellation
WARNING: Unmatched cancel notification for request id 81
May 23, 2024 7:48:32 PM scala.meta.internal.pc.CompilerAccess handleError
SEVERE: A severe compiler error occurred, full details of the error can be found in the error report /Users/norihito.nakata/personal/scala/cats/.metals/.reports/metals-full/2024-05-23/r_compiler-error_19-48-32-010.md
May 23, 2024 7:48:32 PM org.eclipse.lsp4j.jsonrpc.RemoteEndpoint handleCancellation
WARNING: Unmatched cancel notification for request id 113
2024.05.23 19:49:34 WARN  no build target for: /Users/norihito.nakata/personal/scala/cats/src/main/scala/Main.scala[0m
2024.05.23 19:52:21 WARN  no build target for: /Users/norihito.nakata/personal/scala/cats/src/main/scala/Main.scala[0m
2024.05.23 19:52:22 WARN  no build target for: /Users/norihito.nakata/personal/scala/cats/src/main/scala/Main.scala[0m
2024.05.23 19:52:32 WARN  no build target for: /Users/norihito.nakata/personal/scala/cats/src/main/scala/Main.scala[0m
2024.05.23 19:52:40 WARN  no build target for: /Users/norihito.nakata/personal/scala/cats/src/main/scala/Main.scala[0m
2024.05.23 19:52:57 WARN  no build target for: /Users/norihito.nakata/personal/scala/cats/src/main/scala/Main.scala[0m
2024.05.23 19:56:17 WARN  no build target for: /Users/norihito.nakata/personal/scala/cats/src/main/scala/Main.scala[0m
2024.05.23 19:59:04 WARN  no build target for: /Users/norihito.nakata/personal/scala/cats/src/main/scala/Main.scala[0m
May 23, 2024 7:59:28 PM org.eclipse.lsp4j.jsonrpc.RemoteEndpoint handleCancellation
WARNING: Unmatched cancel notification for request id 600
2024.05.23 20:00:17 WARN  no build target for: /Users/norihito.nakata/personal/scala/cats/src/main/scala/Main.scala[0m
2024.05.23 20:03:32 WARN  no build target for: /Users/norihito.nakata/personal/scala/cats/src/main/scala/Main.scala[0m
2024.05.23 20:51:42 INFO  Started: Metals version 1.3.0 in folders '/Users/norihito.nakata/personal/scala/cats' for client coc.nvim 0.0.82.[0m
SLF4J: Class path contains multiple SLF4J providers.
SLF4J: Found provider [scribe.slf4j.ScribeServiceProvider@27ab742b]
SLF4J: Found provider [ch.qos.logback.classic.spi.LogbackServiceProvider@19e0055f]
SLF4J: See https://www.slf4j.org/codes.html#multiple_bindings for an explanation.
SLF4J: Actual provider is of type [scribe.slf4j.ScribeServiceProvider@27ab742b]
2024.05.23 20:51:44 WARN  Flyway upgrade recommended: H2 2.2.224 is newer than this version of Flyway and support has not been tested. The latest supported version of H2 is 2.2.220.[0m
2024.05.23 20:51:45 INFO  skipping build import with status 'Started'[0m
2024.05.23 20:51:55 INFO  no build target found for /Users/norihito.nakata/personal/scala/cats/src/main/scala/Main.scala. Using presentation compiler with project's scala-library version: 3.3.3[0m
2024.05.23 20:52:08 WARN  no build target for: /Users/norihito.nakata/personal/scala/cats/src/main/scala/Main.scala[0m
2024.05.23 20:52:33 WARN  no build target for: /Users/norihito.nakata/personal/scala/cats/src/main/scala/Main.scala[0m
2024.05.23 20:53:43 INFO  Started: Metals version 1.3.0 in folders '/Users/norihito.nakata/personal/scala/cats' for client coc.nvim 0.0.82.[0m
SLF4J: Class path contains multiple SLF4J providers.
SLF4J: Found provider [scribe.slf4j.ScribeServiceProvider@51783065]
SLF4J: Found provider [ch.qos.logback.classic.spi.LogbackServiceProvider@3c246356]
SLF4J: See https://www.slf4j.org/codes.html#multiple_bindings for an explanation.
SLF4J: Actual provider is of type [scribe.slf4j.ScribeServiceProvider@51783065]
2024.05.23 20:53:43 WARN  Flyway upgrade recommended: H2 2.2.224 is newer than this version of Flyway and support has not been tested. The latest supported version of H2 is 2.2.220.[0m
2024.05.23 20:53:45 INFO  skipping build import with status 'Started'[0m
2024.05.23 20:53:55 INFO  no build target found for /Users/norihito.nakata/personal/scala/cats/src/main/scala/Main.scala. Using presentation compiler with project's scala-library version: 3.3.3[0m
2024.05.23 20:53:56 WARN  no build target for: /Users/norihito.nakata/personal/scala/cats/src/main/scala/Main.scala[0m
2024.05.23 20:55:12 WARN  no build target for: /Users/norihito.nakata/personal/scala/cats/src/main/scala/Main.scala[0m
2024.05.23 20:55:51 WARN  no build target for: /Users/norihito.nakata/personal/scala/cats/src/main/scala/Main.scala[0m
2024.05.23 20:56:26 WARN  no build target for: /Users/norihito.nakata/personal/scala/cats/src/main/scala/Main.scala[0m
2024.05.23 20:56:30 WARN  no build target for: /Users/norihito.nakata/personal/scala/cats/src/main/scala/Main.scala[0m
May 23, 2024 8:58:23 PM scala.meta.internal.pc.CompilerAccess handleError
SEVERE: A severe compiler error occurred, full details of the error can be found in the error report /Users/norihito.nakata/personal/scala/cats/.metals/.reports/metals-full/2024-05-23/r_compiler-error_20-58-23-472.md
2024.05.23 20:58:24 WARN  no build target for: /Users/norihito.nakata/personal/scala/cats/src/main/scala/Main.scala[0m
May 23, 2024 8:58:46 PM org.eclipse.lsp4j.jsonrpc.RemoteEndpoint handleCancellation
WARNING: Unmatched cancel notification for request id 241
2024.05.23 20:58:49 WARN  no build target for: /Users/norihito.nakata/personal/scala/cats/src/main/scala/Main.scala[0m
2024.05.23 21:00:39 WARN  no build target for: /Users/norihito.nakata/personal/scala/cats/src/main/scala/Main.scala[0m
2024.05.23 21:01:34 WARN  no build target for: /Users/norihito.nakata/personal/scala/cats/src/main/scala/Main.scala[0m
2024.05.23 21:04:47 WARN  no build target for: /Users/norihito.nakata/personal/scala/cats/src/main/scala/Main.scala[0m
2024.05.23 21:23:02 INFO  Started: Metals version 1.3.0 in folders '/Users/norihito.nakata/personal/scala/cats' for client coc.nvim 0.0.82.[0m
SLF4J: Class path contains multiple SLF4J providers.
SLF4J: Found provider [scribe.slf4j.ScribeServiceProvider@566efcd1]
SLF4J: Found provider [ch.qos.logback.classic.spi.LogbackServiceProvider@767d74e0]
SLF4J: See https://www.slf4j.org/codes.html#multiple_bindings for an explanation.
SLF4J: Actual provider is of type [scribe.slf4j.ScribeServiceProvider@566efcd1]
2024.05.23 21:23:03 WARN  Flyway upgrade recommended: H2 2.2.224 is newer than this version of Flyway and support has not been tested. The latest supported version of H2 is 2.2.220.[0m
2024.05.23 21:23:03 INFO  skipping build import with status 'Started'[0m
2024.05.23 21:23:14 INFO  no build target found for /Users/norihito.nakata/personal/scala/cats/build.sbt. Using presentation compiler with project's scala-library version: 3.3.3[0m
May 23, 2024 9:23:17 PM scala.meta.internal.pc.CompilerAccess handleError
SEVERE: A severe compiler error occurred, full details of the error can be found in the error report /Users/norihito.nakata/personal/scala/cats/.metals/.reports/metals-full/2024-05-23/r_compiler-error_21-23-17-109.md
exception caught when loading module class Typeable$package$: java.lang.AssertionError: assertion failed: denotation class WithPureFuns invalid in run 3. ValidFor: Period(1..5, run = 4)
exception caught when loading module class package$: java.lang.AssertionError: assertion failed: denotation class WithPureFuns invalid in run 3. ValidFor: Period(1..5, run = 4)
exception caught when loading class Unit: java.lang.AssertionError: assertion failed: denotation class WithPureFuns invalid in run 3. ValidFor: Period(1..5, run = 4)
May 23, 2024 9:23:17 PM scala.meta.internal.pc.CompilerAccess handleError
SEVERE: A severe compiler error occurred, full details of the error can be found in the error report /Users/norihito.nakata/personal/scala/cats/.metals/.reports/metals-full/2024-05-23/r_compiler-error_21-23-17-169.md
May 23, 2024 9:23:17 PM org.eclipse.lsp4j.jsonrpc.RemoteEndpoint handleCancellation
WARNING: Unmatched cancel notification for request id 16
May 23, 2024 9:23:19 PM org.eclipse.lsp4j.jsonrpc.RemoteEndpoint handleCancellation
WARNING: Unmatched cancel notification for request id 18
exception caught when loading class Runtime: java.lang.AssertionError: assertion failed: denotation module class Runtime$ invalid in run 3. ValidFor: Period(1..2, run = 4)
exception caught when loading class CharacterData0E: java.lang.AssertionError: assertion failed: denotation module class CharacterData0E$ invalid in run 3. ValidFor: Period(1..2, run = 4)
exception caught when loading class ClassLoaderHelper: java.lang.AssertionError: assertion failed: denotation class Object invalid in run 3. ValidFor: Period(1..2, run = 4)
exception caught when loading trait Deprecated: java.lang.AssertionError: assertion failed: denotation module class Deprecated$ invalid in run 3. ValidFor: Period(1..2, run = 4)
exception caught when loading class ThreadGroup: java.lang.AssertionError: assertion failed: denotation class Object invalid in run 3. ValidFor: Period(1..2, run = 4)
exception caught when loading class UNIXProcess: java.lang.AssertionError: assertion failed: denotation module class UNIXProcess$ invalid in run 3. ValidFor: Period(1..2, run = 4)
exception caught when loading class VirtualMachineError: java.lang.AssertionError: assertion failed: denotation module class VirtualMachineError$ invalid in run 3. ValidFor: Period(1..2, run = 4)
exception caught when loading class Readable: java.lang.AssertionError: assertion failed: denotation class Object invalid in run 3. ValidFor: Period(1..2, run = 4)
exception caught when loading class Math: java.lang.AssertionError: assertion failed: denotation class Object invalid in run 3. ValidFor: Period(1..2, run = 4)
exception caught when loading class StringBuffer: java.lang.AssertionError: assertion failed: denotation module class StringBuffer$ invalid in run 3. ValidFor: Period(1..2, run = 4)
exception caught when loading class AbstractStringBuilder: java.lang.AssertionError: assertion failed: denotation class Object invalid in run 3. ValidFor: Period(1..2, run = 4)
exception caught when loading class AssertionStatusDirectives: java.lang.AssertionError: assertion failed: denotation module class AssertionStatusDirectives$ invalid in run 3. ValidFor: Period(1..2, run = 4)
exception caught when loading class Override: java.lang.AssertionError: assertion failed: denotation class Object invalid in run 3. ValidFor: Period(1..2, run = 4)
exception caught when loading class StackOverflowError: java.lang.AssertionError: assertion failed: denotation module class StackOverflowError$ invalid in run 3. ValidFor: Period(1..2, run = 4)
exception caught when loading class ClassValue: java.lang.AssertionError: assertion failed: denotation class Object invalid in run 3. ValidFor: Period(1..2, run = 4)
exception caught when loading class ThreadLocal: java.lang.AssertionError: assertion failed: denotation module class ThreadLocal$ invalid in run 3. ValidFor: Period(1..2, run = 4)
exception caught when loading class IllegalThreadStateException: java.lang.AssertionError: assertion failed: denotation module class IllegalThreadStateException$ invalid in run 3. ValidFor: Period(1..2, run = 4)
exception caught when loading class NegativeArraySizeException: java.lang.AssertionError: assertion failed: denotation module class NegativeArraySizeException$ invalid in run 3. ValidFor: Period(1..2, run = 4)
exception caught when loading class IllegalMonitorStateException: java.lang.AssertionError: assertion failed: denotation module class IllegalMonitorStateException$ invalid in run 3. ValidFor: Period(1..2, run = 4)
exception caught when loading class ArithmeticException: java.lang.AssertionError: assertion failed: denotation module class ArithmeticException$ invalid in run 3. ValidFor: Period(1..2, run = 4)
exception caught when loading class NoSuchMethodError: java.lang.AssertionError: assertion failed: denotation module class NoSuchMethodError$ invalid in run 3. ValidFor: Period(1..2, run = 4)
exception caught when loading class ClassCircularityError: java.lang.AssertionError: assertion failed: denotation module class ClassCircularityError$ invalid in run 3. ValidFor: Period(1..2, run = 4)
exception caught when loading class ArrayStoreException: java.lang.AssertionError: assertion failed: denotation module class ArrayStoreException$ invalid in run 3. ValidFor: Period(1..2, run = 4)
exception caught when loading class NoSuchFieldException: java.lang.AssertionError: assertion failed: denotation module class NoSuchFieldException$ invalid in run 3. ValidFor: Period(1..2, run = 4)
exception caught when loading class IllegalStateException: java.lang.AssertionError: assertion failed: denotation module class IllegalStateException$ invalid in run 3. ValidFor: Period(1..2, run = 4)
exception caught when loading class ApplicationShutdownHooks: java.lang.AssertionError: assertion failed: denotation class Object invalid in run 3. ValidFor: Period(1..2, run = 4)
exception caught when loading class InstantiationException: java.lang.AssertionError: assertion failed: denotation module class InstantiationException$ invalid in run 3. ValidFor: Period(1..2, run = 4)
exception caught when loading class Appendable: java.lang.AssertionError: assertion failed: denotation class Object invalid in run 3. ValidFor: Period(1..2, run = 4)
exception caught when loading class SystemClassLoaderAction: java.lang.AssertionError: assertion failed: denotation module class SystemClassLoaderAction$ invalid in run 3. ValidFor: Period(1..2, run = 4)
exception caught when loading class Shutdown: java.lang.AssertionError: assertion failed: denotation class Object invalid in run 3. ValidFor: Period(1..2, run = 4)
exception caught when loading class SecurityException: java.lang.AssertionError: assertion failed: denotation module class SecurityException$ invalid in run 3. ValidFor: Period(1..2, run = 4)
exception caught when loading class Enum: java.lang.AssertionError: assertion failed: denotation class Object invalid in run 3. ValidFor: Period(1..2, run = 4)
exception caught when loading class VerifyError: java.lang.AssertionError: assertion failed: denotation module class VerifyError$ invalid in run 3. ValidFor: Period(1..2, run = 4)
exception caught when loading class CharacterData01: java.lang.AssertionError: assertion failed: denotation module class CharacterData01$ invalid in run 3. ValidFor: Period(1..2, run = 4)
exception caught when loading class Process: java.lang.AssertionError: assertion failed: denotation class Object invalid in run 3. ValidFor: Period(1..2, run = 4)
exception caught when loading class RuntimePermission: java.lang.AssertionError: assertion failed: denotation module class RuntimePermission$ invalid in run 3. ValidFor: Period(1..2, run = 4)
exception caught when loading class Package: java.lang.AssertionError: assertion failed: denotation class Object invalid in run 3. ValidFor: Period(1..2, run = 4)
exception caught when loading class IllegalAccessError: java.lang.AssertionError: assertion failed: denotation module class IllegalAccessError$ invalid in run 3. ValidFor: Period(1..2, run = 4)
exception caught when loading class FunctionalInterface: java.lang.AssertionError: assertion failed: denotation class Object invalid in run 3. ValidFor: Period(1..2, run = 4)
exception caught when loading class CharacterData02: java.lang.AssertionError: assertion failed: denotation module class CharacterData02$ invalid in run 3. ValidFor: Period(1..2, run = 4)
exception caught when loading class ThreadDeath: java.lang.AssertionError: assertion failed: denotation module class ThreadDeath$ invalid in run 3. ValidFor: Period(1..2, run = 4)
exception caught when loading class ProcessBuilder: java.lang.AssertionError: assertion failed: denotation class Object invalid in run 3. ValidFor: Period(1..2, run = 4)
exception caught when loading class InternalError: java.lang.AssertionError: assertion failed: denotation module class InternalError$ invalid in run 3. ValidFor: Period(1..2, run = 4)
exception caught when loading class Void: java.lang.AssertionError: assertion failed: denotation class Object invalid in run 3. ValidFor: Period(1..2, run = 4)
exception caught when loading class CharacterDataPrivateUse: java.lang.AssertionError: assertion failed: denotation module class CharacterDataPrivateUse$ invalid in run 3. ValidFor: Period(1..2, run = 4)
exception caught when loading class Compiler: java.lang.AssertionError: assertion failed: denotation class Object invalid in run 3. ValidFor: Period(1..2, run = 4)
exception caught when loading class CharacterDataUndefined: java.lang.AssertionError: assertion failed: denotation module class CharacterDataUndefined$ invalid in run 3. ValidFor: Period(1..2, run = 4)
exception caught when loading class SuppressWarnings: java.lang.AssertionError: assertion failed: denotation class Object invalid in run 3. ValidFor: Period(1..2, run = 4)
exception caught when loading trait Iterable: java.lang.AssertionError: assertion failed: denotation module class Iterable$ invalid in run 3. ValidFor: Period(1..2, run = 4)
exception caught when loading class StrictMath: java.lang.AssertionError: assertion failed: denotation class Object invalid in run 3. ValidFor: Period(1..2, run = 4)
exception caught when loading class NoSuchFieldError: java.lang.AssertionError: assertion failed: denotation module class NoSuchFieldError$ invalid in run 3. ValidFor: Period(1..2, run = 4)
exception caught when loading class CharacterDataLatin1: java.lang.AssertionError: assertion failed: denotation module class CharacterDataLatin1$ invalid in run 3. ValidFor: Period(1..2, run = 4)
exception caught when loading class System: java.lang.AssertionError: assertion failed: denotation class Object invalid in run 3. ValidFor: Period(1..2, run = 4)
exception caught when loading class TypeNotPresentException: java.lang.AssertionError: assertion failed: denotation module class TypeNotPresentException$ invalid in run 3. ValidFor: Period(1..2, run = 4)
exception caught when loading class NoSuchMethodException: java.lang.AssertionError: assertion failed: denotation module class NoSuchMethodException$ invalid in run 3. ValidFor: Period(1..2, run = 4)
exception caught when loading class CharacterData00: java.lang.AssertionError: assertion failed: denotation module class CharacterData00$ invalid in run 3. ValidFor: Period(1..2, run = 4)
exception caught when loading class BootstrapMethodError: java.lang.AssertionError: assertion failed: denotation module class BootstrapMethodError$ invalid in run 3. ValidFor: Period(1..2, run = 4)
exception caught when loading class CharacterName: java.lang.AssertionError: assertion failed: denotation class Object invalid in run 3. ValidFor: Period(1..2, run = 4)
exception caught when loading class UnknownError: java.lang.AssertionError: assertion failed: denotation module class UnknownError$ invalid in run 3. ValidFor: Period(1..2, run = 4)
exception caught when loading class ClassLoader: java.lang.AssertionError: assertion failed: denotation class Object invalid in run 3. ValidFor: Period(1..2, run = 4)
exception caught when loading class StackTraceElement: java.lang.AssertionError: assertion failed: denotation class Object invalid in run 3. ValidFor: Period(1..2, run = 4)
exception caught when loading class OutOfMemoryError: java.lang.AssertionError: assertion failed: denotation module class OutOfMemoryError$ invalid in run 3. ValidFor: Period(1..2, run = 4)
exception caught when loading class UnsupportedClassVersionError: java.lang.AssertionError: assertion failed: denotation module class UnsupportedClassVersionError$ invalid in run 3. ValidFor: Period(1..2, run = 4)
exception caught when loading class ProcessImpl: java.lang.AssertionError: assertion failed: denotation class Object invalid in run 3. ValidFor: Period(1..2, run = 4)
exception caught when loading class SecurityManager: java.lang.AssertionError: assertion failed: denotation module class SecurityManager$ invalid in run 3. ValidFor: Period(1..2, run = 4)
exception caught when loading class StringBuilder: java.lang.AssertionError: assertion failed: denotation trait Serializable invalid in run 3. ValidFor: Period(1..2, run = 4)
exception caught when loading class StringCoding: java.lang.AssertionError: assertion failed: denotation class Object invalid in run 3. ValidFor: Period(1..2, run = 4)
exception caught when loading trait AutoCloseable: java.lang.AssertionError: assertion failed: denotation module class AutoCloseable$ invalid in run 3. ValidFor: Period(1..2, run = 4)
exception caught when loading class Thread: java.lang.AssertionError: assertion failed: denotation class Object invalid in run 3. ValidFor: Period(1..2, run = 4)
exception caught when loading class ExceptionInInitializerError: java.lang.AssertionError: assertion failed: denotation module class ExceptionInInitializerError$ invalid in run 3. ValidFor: Period(1..2, run = 4)
exception caught when loading class ClassNotFoundException: java.lang.AssertionError: assertion failed: denotation module class ClassNotFoundException$ invalid in run 3. ValidFor: Period(1..2, run = 4)
exception caught when loading class InstantiationError: java.lang.AssertionError: assertion failed: denotation module class InstantiationError$ invalid in run 3. ValidFor: Period(1..2, run = 4)
exception caught when loading class NoClassDefFoundError: java.lang.AssertionError: assertion failed: denotation module class NoClassDefFoundError$ invalid in run 3. ValidFor: Period(1..2, run = 4)
exception caught when loading class ConditionalSpecialCasing: java.lang.AssertionError: assertion failed: denotation class Object invalid in run 3. ValidFor: Period(1..2, run = 4)
exception caught when loading trait Thread$UncaughtExceptionHandler: java.lang.AssertionError: assertion failed: denotation module class Thread$UncaughtExceptionHandler$ invalid in run 3. ValidFor: Period(1..2, run = 4)
exception caught when loading class StringCoding$StringDecoder: java.lang.AssertionError: assertion failed: denotation class Object invalid in run 3. ValidFor: Period(1..2, run = 4)
exception caught when loading class Byte$ByteCache: java.lang.AssertionError: assertion failed: denotation module class Byte$ByteCache$ invalid in run 3. ValidFor: Period(1..2, run = 4)
exception caught when loading class Throwable$SentinelHolder: java.lang.AssertionError: assertion failed: denotation class Object invalid in run 3. ValidFor: Period(1..2, run = 4)
exception caught when loading class PrimitiveIterator: java.lang.AssertionError: assertion failed: denotation class Object invalid in run 3. ValidFor: Period(1..2, run = 4)
exception caught when loading class CharSequence$1CharIterator: java.lang.AssertionError: assertion failed: denotation class Object invalid in run 3. ValidFor: Period(1..2, run = 4)
exception caught when loading class Class$Atomic: java.lang.AssertionError: assertion failed: denotation class Object invalid in run 3. ValidFor: Period(1..2, run = 4)
exception caught when loading class Throwable$WrappedPrintWriter: java.lang.AssertionError: assertion failed: denotation class Object invalid in run 3. ValidFor: Period(1..2, run = 4)
exception caught when loading class ProcessBuilder$Redirect$5: java.lang.AssertionError: assertion failed: failure to resolve inner class:
externalName = java.lang.ProcessBuilder$Redirect,
outerName = java.lang.ProcessBuilder,
innerName = Redirect
owner.fullName = ProcessBuilder
while parsing /Users/norihito.nakata/Library/Caches/Coursier/arc/https/github.com/AdoptOpenJDK/openjdk8-binaries/releases/download/jdk8u292-b10/OpenJDK8U-jdk_x64_mac_hotspot_8u292b10.tar.gz/jdk8u292-b10/Contents/Home/jre/lib/rt.jar(java/lang/ProcessBuilder$Redirect$5.class)
exception caught when loading class CharSequence$1CodePointIterator: java.lang.AssertionError: assertion failed: denotation class Object invalid in run 3. ValidFor: Period(1..2, run = 4)
exception caught when loading class Class$EnclosingMethodInfo: java.lang.AssertionError: assertion failed: denotation module class Class$EnclosingMethodInfo$ invalid in run 3. ValidFor: Period(1..2, run = 4)
exception caught when loading class Character$CharacterCache: java.lang.AssertionError: assertion failed: denotation class Object invalid in run 3. ValidFor: Period(1..2, run = 4)
exception caught when loading class String$1: java.lang.AssertionError: assertion failed: denotation module class String$1$ invalid in run 3. ValidFor: Period(1..2, run = 4)
exception caught when loading class String$CaseInsensitiveComparator: java.lang.AssertionError: assertion failed: denotation class Object invalid in run 3. ValidFor: Period(1..2, run = 4)
exception caught when loading trait Map: java.lang.AssertionError: assertion failed: denotation module class Map$ invalid in run 3. ValidFor: Period(1..5, run = 4)
exception caught when loading class ProcessEnvironment$StringEntry: java.lang.AssertionError: assertion failed: denotation module class Map$ invalid in run 3. ValidFor: Period(1..5, run = 4)
exception caught when loading class Thread$WeakClassKey: java.lang.AssertionError: assertion failed: denotation module class Thread$WeakClassKey$ invalid in run 3. ValidFor: Period(1..2, run = 4)
exception caught when loading class ApplicationShutdownHooks$1: java.lang.AssertionError: assertion failed: denotation class Object invalid in run 3. ValidFor: Period(1..2, run = 4)
exception caught when loading class ClassLoader$1: java.lang.AssertionError: assertion failed: denotation module class ClassLoader$1$ invalid in run 3. ValidFor: Period(1..2, run = 4)
exception caught when loading class UNIXProcess$DeferredCloseInputStream: java.lang.AssertionError: assertion failed: denotation module class UNIXProcess$DeferredCloseInputStream$ invalid in run 3. ValidFor: Period(1..2, run = 4)
exception caught when loading class ProcessBuilder$Redirect$Type: java.lang.AssertionError: assertion failed: denotation module class ProcessBuilder$Redirect$Type$ invalid in run 3. ValidFor: Period(1..2, run = 4)
exception caught when loading class Package$1: java.lang.AssertionError: assertion failed: denotation class Object invalid in run 3. ValidFor: Period(1..2, run = 4)
exception caught when loading class ProcessBuilder$NullInputStream: java.lang.AssertionError: assertion failed: denotation module class ProcessBuilder$NullInputStream$ invalid in run 3. ValidFor: Period(1..2, run = 4)
exception caught when loading class Shutdown$1: java.lang.AssertionError: assertion failed: denotation class Object invalid in run 3. ValidFor: Period(1..2, run = 4)
exception caught when loading class Thread$Caches: java.lang.AssertionError: assertion failed: denotation module class Thread$Caches$ invalid in run 3. ValidFor: Period(1..2, run = 4)
exception caught when loading class StrictMath$RandomNumberGeneratorHolder: java.lang.AssertionError: assertion failed: denotation class Object invalid in run 3. ValidFor: Period(1..2, run = 4)
exception caught when loading class Class$MethodArray: java.lang.AssertionError: assertion failed: denotation module class Class$MethodArray$ invalid in run 3. ValidFor: Period(1..2, run = 4)
exception caught when loading class ProcessEnvironment$ExternalData: java.lang.AssertionError: assertion failed: denotation class Object invalid in run 3. ValidFor: Period(1..2, run = 4)
exception caught when loading class ClassLoader$ParallelLoaders: java.lang.AssertionError: assertion failed: denotation module class ClassLoader$ParallelLoaders$ invalid in run 3. ValidFor: Period(1..2, run = 4)
exception caught when loading class UNIXProcess$Platform: java.lang.AssertionError: assertion failed: denotation module class UNIXProcess$Platform$ invalid in run 3. ValidFor: Period(1..2, run = 4)
exception caught when loading class Math$RandomNumberGeneratorHolder: java.lang.AssertionError: assertion failed: denotation class Object invalid in run 3. ValidFor: Period(1..2, run = 4)
exception caught when loading class ProcessBuilder$Redirect: java.lang.AssertionError: assertion failed: denotation module class ProcessBuilder$Redirect$ invalid in run 3. ValidFor: Period(1..2, run = 4)
exception caught when loading class Thread$State: java.lang.AssertionError: assertion failed: denotation module class Thread$State$ invalid in run 3. ValidFor: Period(1..2, run = 4)
exception caught when loading class ClassLoader$2: java.lang.AssertionError: assertion failed: denotation class Object invalid in run 3. ValidFor: Period(1..2, run = 4)
exception caught when loading class UNIXProcess$ProcessPipeOutputStream: java.lang.AssertionError: assertion failed: denotation module class UNIXProcess$ProcessPipeOutputStream$ invalid in run 3. ValidFor: Period(1..2, run = 4)
exception caught when loading class Thread$1: java.lang.AssertionError: assertion failed: denotation class Object invalid in run 3. ValidFor: Period(1..2, run = 4)
exception caught when loading class ProcessEnvironment$StringEntrySet$1: java.lang.AssertionError: assertion failed: denotation module class ProcessEnvironment$StringEntrySet$1$ invalid in run 3. ValidFor: Period(1..2, run = 4)
exception caught when loading class ClassLoader$NativeLibrary: java.lang.AssertionError: assertion failed: denotation class Object invalid in run 3. ValidFor: Period(1..2, run = 4)
exception caught when loading class Throwable$PrintStreamOrWriter: java.lang.AssertionError: assertion failed: denotation module class Throwable$PrintStreamOrWriter$ invalid in run 3. ValidFor: Period(1..2, run = 4)
exception caught when loading class ThreadLocal$ThreadLocalMap$Entry: java.lang.AssertionError: assertion failed: denotation module class ThreadLocal$ThreadLocalMap$Entry$ invalid in run 3. ValidFor: Period(1..2, run = 4)
exception caught when loading class ClassLoader$3: java.lang.AssertionError: assertion failed: denotation class Object invalid in run 3. ValidFor: Period(1..2, run = 4)
exception caught when loading class ThreadLocal$ThreadLocalMap: java.lang.AssertionError: assertion failed: denotation module class ThreadLocal$ThreadLocalMap$ invalid in run 3. ValidFor: Period(1..2, run = 4)
exception caught when loading class ClassValue$Version: java.lang.AssertionError: assertion failed: denotation class Object invalid in run 3. ValidFor: Period(1..2, run = 4)
exception caught when loading class ProcessEnvironment$StringEntrySet$2: java.lang.AssertionError: assertion failed: denotation module class Map$ invalid in run 3. ValidFor: Period(1..5, run = 4)
exception caught when loading class ProcessEnvironment$StringEntrySet: java.lang.AssertionError: assertion failed: denotation module class ProcessEnvironment$StringEntrySet$ invalid in run 3. ValidFor: Period(1..2, run = 4)
exception caught when loading class Class$ReflectionData: java.lang.AssertionError: assertion failed: denotation class Object invalid in run 3. ValidFor: Period(1..2, run = 4)
exception caught when loading class ThreadLocal$SuppliedThreadLocal: java.lang.AssertionError: assertion failed: denotation module class ThreadLocal$SuppliedThreadLocal$ invalid in run 3. ValidFor: Period(1..2, run = 4)
exception caught when loading class ClassValue$Entry: java.lang.AssertionError: assertion failed: denotation module class ClassValue$Entry$ invalid in run 3. ValidFor: Period(1..2, run = 4)
exception caught when loading class ProcessEnvironment$StringValues$1: java.lang.AssertionError: assertion failed: denotation class Object invalid in run 3. ValidFor: Period(1..2, run = 4)
exception caught when loading class ProcessEnvironment$Value: java.lang.AssertionError: assertion failed: denotation class Object invalid in run 3. ValidFor: Period(1..2, run = 4)
exception caught when loading class ProcessBuilder$NullOutputStream: java.lang.AssertionError: assertion failed: denotation module class ProcessBuilder$NullOutputStream$ invalid in run 3. ValidFor: Period(1..2, run = 4)
exception caught when loading class StringCoding$StringEncoder: java.lang.AssertionError: assertion failed: denotation class Object invalid in run 3. ValidFor: Period(1..2, run = 4)
exception caught when loading class ConditionalSpecialCasing$Entry: java.lang.AssertionError: assertion failed: denotation module class ConditionalSpecialCasing$Entry$ invalid in run 3. ValidFor: Period(1..2, run = 4)
exception caught when loading class Class$2: java.lang.AssertionError: assertion failed: denotation class Object invalid in run 3. ValidFor: Period(1..2, run = 4)
exception caught when loading class UNIXProcess$ProcessPipeInputStream: java.lang.AssertionError: assertion failed: denotation module class UNIXProcess$ProcessPipeInputStream$ invalid in run 3. ValidFor: Period(1..2, run = 4)
exception caught when loading class Compiler$1: java.lang.AssertionError: assertion failed: denotation class Object invalid in run 3. ValidFor: Period(1..2, run = 4)
exception caught when loading class ThreadLocal$1: java.lang.AssertionError: assertion failed: denotation module class ThreadLocal$1$ invalid in run 3. ValidFor: Period(1..2, run = 4)
exception caught when loading class SecurityManager$2: java.lang.AssertionError: assertion failed: denotation class Object invalid in run 3. ValidFor: Period(1..2, run = 4)
exception caught when loading class ProcessBuilder$Redirect$2: java.lang.AssertionError: assertion failed: failure to resolve inner class:
externalName = java.lang.ProcessBuilder$Redirect,
outerName = java.lang.ProcessBuilder,
innerName = Redirect
owner.fullName = ProcessBuilder
while parsing /Users/norihito.nakata/Library/Caches/Coursier/arc/https/github.com/AdoptOpenJDK/openjdk8-binaries/releases/download/jdk8u292-b10/OpenJDK8U-jdk_x64_mac_hotspot_8u292b10.tar.gz/jdk8u292-b10/Contents/Home/jre/lib/rt.jar(java/lang/ProcessBuilder$Redirect$2.class)
exception caught when loading class Character$UnicodeScript: java.lang.AssertionError: assertion failed: denotation module class Character$UnicodeScript$ invalid in run 3. ValidFor: Period(1..2, run = 4)
exception caught when loading class Integer$IntegerCache: java.lang.AssertionError: assertion failed: denotation class Object invalid in run 3. ValidFor: Period(1..2, run = 4)
exception caught when loading class CharacterName$1: java.lang.AssertionError: assertion failed: denotation module class CharacterName$1$ invalid in run 3. ValidFor: Period(1..2, run = 4)
exception caught when loading class System$2: java.lang.AssertionError: assertion failed: denotation class Object invalid in run 3. ValidFor: Period(1..2, run = 4)
exception caught when loading class ClassValue$ClassValueMap: java.lang.AssertionError: assertion failed: denotation module class ClassValue$ClassValueMap$ invalid in run 3. ValidFor: Period(1..2, run = 4)
exception caught when loading class ProcessEnvironment$StringEnvironment: java.lang.AssertionError: assertion failed: denotation module class ProcessEnvironment$StringEnvironment$ invalid in run 3. ValidFor: Period(1..2, run = 4)
exception caught when loading class Class$AnnotationData: java.lang.AssertionError: assertion failed: denotation class Object invalid in run 3. ValidFor: Period(1..2, run = 4)
exception caught when loading class ProcessBuilder$Redirect$1: java.lang.AssertionError: assertion failed: failure to resolve inner class:
externalName = java.lang.ProcessBuilder$Redirect,
outerName = java.lang.ProcessBuilder,
innerName = Redirect
owner.fullName = ProcessBuilder
while parsing /Users/norihito.nakata/Library/Caches/Coursier/arc/https/github.com/AdoptOpenJDK/openjdk8-binaries/releases/download/jdk8u292-b10/OpenJDK8U-jdk_x64_mac_hotspot_8u292b10.tar.gz/jdk8u292-b10/Contents/Home/jre/lib/rt.jar(java/lang/ProcessBuilder$Redirect$1.class)
exception caught when loading class ProcessEnvironment$Variable: java.lang.AssertionError: assertion failed: denotation class Object invalid in run 3. ValidFor: Period(1..2, run = 4)
exception caught when loading class UNIXProcess$LaunchMechanism: java.lang.AssertionError: assertion failed: denotation module class UNIXProcess$LaunchMechanism$ invalid in run 3. ValidFor: Period(1..2, run = 4)
exception caught when loading class System$1: java.lang.AssertionError: assertion failed: denotation class Object invalid in run 3. ValidFor: Period(1..2, run = 4)
exception caught when loading class Shutdown$Lock: java.lang.AssertionError: assertion failed: denotation module class Shutdown$Lock$ invalid in run 3. ValidFor: Period(1..2, run = 4)
exception caught when loading class ProcessBuilder$1: java.lang.AssertionError: assertion failed: denotation class Object invalid in run 3. ValidFor: Period(1..2, run = 4)
exception caught when loading class UNIXProcess$DeferredCloseProcessPipeInputStream: java.lang.AssertionError: assertion failed: denotation module class UNIXProcess$DeferredCloseProcessPipeInputStream$ invalid in run 3. ValidFor: Period(1..2, run = 4)
exception caught when loading class Throwable$1: java.lang.AssertionError: assertion failed: denotation class Object invalid in run 3. ValidFor: Period(1..2, run = 4)
exception caught when loading class Character$UnicodeBlock: java.lang.AssertionError: assertion failed: denotation class Character invalid in run 3. ValidFor: Period(1..2, run = 4)
exception caught when loading class ProcessBuilder$Redirect$3: java.lang.AssertionError: assertion failed: failure to resolve inner class:
externalName = java.lang.ProcessBuilder$Redirect,
outerName = java.lang.ProcessBuilder,
innerName = Redirect
owner.fullName = ProcessBuilder
while parsing /Users/norihito.nakata/Library/Caches/Coursier/arc/https/github.com/AdoptOpenJDK/openjdk8-binaries/releases/download/jdk8u292-b10/OpenJDK8U-jdk_x64_mac_hotspot_8u292b10.tar.gz/jdk8u292-b10/Contents/Home/jre/lib/rt.jar(java/lang/ProcessBuilder$Redirect$3.class)
exception caught when loading class SecurityManager$1: java.lang.AssertionError: assertion failed: denotation module class SecurityManager$1$ invalid in run 3. ValidFor: Period(1..2, run = 4)
exception caught when loading class StringCoding$1: java.lang.AssertionError: assertion failed: denotation class Object invalid in run 3. ValidFor: Period(1..2, run = 4)
exception caught when loading class Class$1: java.lang.AssertionError: assertion failed: denotation module class Class$1$ invalid in run 3. ValidFor: Period(1..2, run = 4)
exception caught when loading class Class$4: java.lang.AssertionError: assertion failed: denotation class Object invalid in run 3. ValidFor: Period(1..2, run = 4)
exception caught when loading class ProcessEnvironment$StringKeySet$1: java.lang.AssertionError: assertion failed: denotation module class ProcessEnvironment$StringKeySet$1$ invalid in run 3. ValidFor: Period(1..2, run = 4)
exception caught when loading class Short$ShortCache: java.lang.AssertionError: assertion failed: denotation class Object invalid in run 3. ValidFor: Period(1..2, run = 4)
exception caught when loading class ProcessBuilder$Redirect$4: java.lang.AssertionError: assertion failed: failure to resolve inner class:
externalName = java.lang.ProcessBuilder$Redirect,
outerName = java.lang.ProcessBuilder,
innerName = Redirect
owner.fullName = ProcessBuilder
while parsing /Users/norihito.nakata/Library/Caches/Coursier/arc/https/github.com/AdoptOpenJDK/openjdk8-binaries/releases/download/jdk8u292-b10/OpenJDK8U-jdk_x64_mac_hotspot_8u292b10.tar.gz/jdk8u292-b10/Contents/Home/jre/lib/rt.jar(java/lang/ProcessBuilder$Redirect$4.class)
exception caught when loading class ProcessEnvironment$StringKeySet: java.lang.AssertionError: assertion failed: denotation module class ProcessEnvironment$StringKeySet$ invalid in run 3. ValidFor: Period(1..2, run = 4)
May 23, 2024 9:23:19 PM org.eclipse.lsp4j.jsonrpc.RemoteEndpoint handleCancellation
WARNING: Unmatched cancel notification for request id 20
exception caught when loading class UNIXProcess$1: java.lang.AssertionError: assertion failed: denotation class Object invalid in run 3. ValidFor: Period(1..2, run = 4)
exception caught when loading class Package$1PackageInfoProxy: java.lang.AssertionError: assertion failed: denotation module class Package$1PackageInfoProxy$ invalid in run 3. ValidFor: Period(1..2, run = 4)
exception caught when loading class ProcessEnvironment$StringValues: java.lang.AssertionError: assertion failed: denotation module class ProcessEnvironment$StringValues$ invalid in run 3. ValidFor: Period(1..2, run = 4)
exception caught when loading class Character$Subset: java.lang.AssertionError: assertion failed: denotation class Object invalid in run 3. ValidFor: Period(1..2, run = 4)
exception caught when loading class Throwable$WrappedPrintStream: java.lang.AssertionError: assertion failed: denotation class Object invalid in run 3. ValidFor: Period(1..2, run = 4)
exception caught when loading class Long$LongCache: java.lang.AssertionError: assertion failed: denotation class Object invalid in run 3. ValidFor: Period(1..2, run = 4)
exception caught when loading class ClassValue$Identity: java.lang.AssertionError: assertion failed: denotation module class ClassValue$Identity$ invalid in run 3. ValidFor: Period(1..2, run = 4)
exception caught when loading class Terminator$1: java.lang.AssertionError: assertion failed: denotation class Object invalid in run 3. ValidFor: Period(1..2, run = 4)
exception caught when loading class Class$3: java.lang.AssertionError: assertion failed: denotation module class Class$3$ invalid in run 3. ValidFor: Period(1..2, run = 4)
May 23, 2024 9:23:20 PM scala.meta.internal.pc.CompilerAccess handleError
SEVERE: A severe compiler error occurred, full details of the error can be found in the error report /Users/norihito.nakata/personal/scala/cats/.metals/.reports/metals-full/2024-05-23/r_compiler-error_21-23-19-994.md
May 23, 2024 9:23:31 PM scala.meta.internal.pc.CompilerAccess handleError
SEVERE: A severe compiler error occurred, full details of the error can be found in the error report /Users/norihito.nakata/personal/scala/cats/.metals/.reports/metals-full/2024-05-23/r_compiler-error_21-23-31-779.md
exception caught when loading class Tuple2$mcZI$sp: java.lang.AssertionError: assertion failed: denotation module class Tuple2$mcZI$sp$ invalid in run 3. ValidFor: Period(1..2, run = 4)
exception caught when loading class Product2$mcDJ$sp: java.lang.AssertionError: assertion failed: denotation class Object invalid in run 3. ValidFor: Period(1..2, run = 4)
exception caught when loading class Tuple2$mcCC$sp: java.lang.AssertionError: assertion failed: denotation module class Tuple2$mcCC$sp$ invalid in run 3. ValidFor: Period(1..2, run = 4)
exception caught when loading class Tuple2$mcDJ$sp: Cyclic reference involving object Product2
exception caught when loading class Product1$mcI$sp: java.lang.AssertionError: assertion failed: denotation class Object invalid in run 3. ValidFor: Period(1..2, run = 4)
exception caught when loading trait Product1$mcD$sp: java.lang.AssertionError: assertion failed: denotation module class Product1$mcD$sp$ invalid in run 3. ValidFor: Period(1..2, run = 4)
exception caught when loading class Tuple2$mcJZ$sp: java.lang.AssertionError: assertion failed: denotation class Tuple2 invalid in run 3. ValidFor: Period(1..2, run = 4)
exception caught when loading class Tuple2$mcCZ$sp: java.lang.AssertionError: assertion failed: denotation module class Tuple2$mcCZ$sp$ invalid in run 3. ValidFor: Period(1..2, run = 4)
exception caught when loading class Tuple2$mcIC$sp: java.lang.AssertionError: assertion failed: denotation module class Tuple2$mcIC$sp$ invalid in run 3. ValidFor: Period(1..2, run = 4)
exception caught when loading class Product2$mcII$sp: java.lang.AssertionError: assertion failed: denotation class Object invalid in run 3. ValidFor: Period(1..2, run = 4)
exception caught when loading class Tuple2$mcII$sp: java.lang.AssertionError: assertion failed: denotation trait Product2 invalid in run 3. ValidFor: Period(1..2, run = 4)
exception caught when loading class Product1$mcJ$sp: java.lang.AssertionError: assertion failed: denotation class Object invalid in run 3. ValidFor: Period(1..2, run = 4)
exception caught when loading trait Product2$mcJJ$sp: java.lang.AssertionError: assertion failed: denotation module class Product2$mcJJ$sp$ invalid in run 3. ValidFor: Period(1..2, run = 4)
exception caught when loading class Product2$mcDI$sp: java.lang.AssertionError: assertion failed: denotation class Object invalid in run 3. ValidFor: Period(1..2, run = 4)
exception caught when loading class Tuple2$mcZC$sp: java.lang.AssertionError: assertion failed: denotation module class Tuple2$mcZC$sp$ invalid in run 3. ValidFor: Period(1..2, run = 4)
exception caught when loading class Tuple2$mcJJ$sp: java.lang.AssertionError: assertion failed: denotation trait Product invalid in run 3. ValidFor: Period(1..2, run = 4)
exception caught when loading class Tuple2$mcDI$sp: java.lang.AssertionError: assertion failed: denotation trait Equals invalid in run 3. ValidFor: Period(1..2, run = 4)
exception caught when loading class Product2$mcIJ$sp: java.lang.AssertionError: assertion failed: denotation class Object invalid in run 3. ValidFor: Period(1..2, run = 4)
exception caught when loading class Tuple1$mcI$sp: java.lang.AssertionError: assertion failed: denotation trait Product1 invalid in run 3. ValidFor: Period(1..2, run = 4)
exception caught when loading class Tuple2$mcIJ$sp: Cyclic reference involving object Product2
exception caught when loading class Tuple2$mcID$sp: Cyclic reference involving object Product2
exception caught when loading class Product2$mcID$sp: java.lang.AssertionError: assertion failed: denotation class Object invalid in run 3. ValidFor: Period(1..2, run = 4)
exception caught when loading class Tuple2$mcCJ$sp: java.lang.AssertionError: assertion failed: denotation module class Tuple2$mcCJ$sp$ invalid in run 3. ValidFor: Period(1..2, run = 4)
exception caught when loading class Tuple2$mcDC$sp: java.lang.AssertionError: assertion failed: denotation module class Tuple2$mcDC$sp$ invalid in run 3. ValidFor: Period(1..2, run = 4)
exception caught when loading class Product2$mcJI$sp: java.lang.AssertionError: assertion failed: denotation class Object invalid in run 3. ValidFor: Period(1..2, run = 4)
exception caught when loading class Tuple2$mcJD$sp: Cyclic reference involving object Product2
exception caught when loading class Product2$mcJD$sp: java.lang.AssertionError: assertion failed: denotation class Object invalid in run 3. ValidFor: Period(1..2, run = 4)
exception caught when loading class Tuple2$mcJI$sp: Cyclic reference involving object Product2
exception caught when loading class Tuple2$mcDZ$sp: java.lang.AssertionError: assertion failed: denotation module class Tuple2$mcDZ$sp$ invalid in run 3. ValidFor: Period(1..2, run = 4)
exception caught when loading class Tuple2$mcCI$sp: java.lang.AssertionError: assertion failed: denotation module class Tuple2$mcCI$sp$ invalid in run 3. ValidFor: Period(1..2, run = 4)
exception caught when loading class Tuple2$mcZZ$sp: java.lang.AssertionError: assertion failed: denotation module class Tuple2$mcZZ$sp$ invalid in run 3. ValidFor: Period(1..2, run = 4)
exception caught when loading class Tuple2$mcIZ$sp: java.lang.AssertionError: assertion failed: denotation module class Tuple2$mcIZ$sp$ invalid in run 3. ValidFor: Period(1..2, run = 4)
exception caught when loading class Tuple2$mcCD$sp: java.lang.AssertionError: assertion failed: denotation module class Tuple2$mcCD$sp$ invalid in run 3. ValidFor: Period(1..2, run = 4)
exception caught when loading class Tuple2$mcDD$sp: Cyclic reference involving object Product2
exception caught when loading class Tuple2$mcJC$sp: java.lang.AssertionError: assertion failed: denotation class Tuple2 invalid in run 3. ValidFor: Period(1..2, run = 4)
exception caught when loading class Tuple1$mcD$sp: java.lang.AssertionError: assertion failed: denotation trait Product1 invalid in run 3. ValidFor: Period(1..2, run = 4)
exception caught when loading class Tuple2$mcZJ$sp: java.lang.AssertionError: assertion failed: denotation module class Tuple2$mcZJ$sp$ invalid in run 3. ValidFor: Period(1..2, run = 4)
exception caught when loading class Tuple1$mcJ$sp: java.lang.AssertionError: assertion failed: denotation trait Product1 invalid in run 3. ValidFor: Period(1..2, run = 4)
exception caught when loading class Product2$mcDD$sp: java.lang.AssertionError: assertion failed: denotation class Object invalid in run 3. ValidFor: Period(1..2, run = 4)
exception caught when loading class Tuple2$mcZD$sp: java.lang.AssertionError: assertion failed: denotation module class Tuple2$mcZD$sp$ invalid in run 3. ValidFor: Period(1..2, run = 4)
May 23, 2024 9:23:32 PM scala.meta.internal.pc.CompilerAccess handleError
SEVERE: A severe compiler error occurred, full details of the error can be found in the error report /Users/norihito.nakata/personal/scala/cats/.metals/.reports/metals-full/2024-05-23/r_compiler-error_21-23-32-635.md
May 23, 2024 9:24:28 PM scala.meta.internal.pc.CompilerAccess handleError
SEVERE: A severe compiler error occurred, full details of the error can be found in the error report /Users/norihito.nakata/personal/scala/cats/.metals/.reports/metals-full/2024-05-23/r_compiler-error_21-24-28-756.md
May 23, 2024 9:24:29 PM scala.meta.internal.pc.CompilerAccess handleError
SEVERE: A severe compiler error occurred, full details of the error can be found in the error report /Users/norihito.nakata/personal/scala/cats/.metals/.reports/metals-full/2024-05-23/r_compiler-error_21-24-29-134.md
2024.05.23 21:24:59 WARN  no build target for: /Users/norihito.nakata/personal/scala/cats/build.sbt[0m
2024.05.23 21:25:11 INFO  running '/Users/norihito.nakata/Library/Application Support/Coursier/bin/sbt -Dbloop.export-jar-classifiers=sources bloopInstall'[0m
2024.05.23 21:25:14 INFO  [info] welcome to sbt 1.10.0 (AdoptOpenJDK Java 1.8.0_292)[0m
2024.05.23 21:25:18 INFO  [info] loading global plugins from /Users/norihito.nakata/.sbt/1.0/plugins[0m
2024.05.23 21:25:20 WARN  no build target for: /Users/norihito.nakata/personal/scala/cats/build.sbt[0m
2024.05.23 21:25:20 INFO  [info] loading settings for project cats-build-build from metals.sbt ...[0m
2024.05.23 21:25:20 INFO  [info] loading project definition from /Users/norihito.nakata/personal/scala/cats/project/project[0m
2024.05.23 21:25:22 INFO  [info] loading settings for project cats-build from metals.sbt ...[0m
2024.05.23 21:25:22 INFO  [info] loading project definition from /Users/norihito.nakata/personal/scala/cats/project[0m
2024.05.23 21:25:27 INFO  [success] Generated .bloop/cats-build.json[0m
2024.05.23 21:25:27 INFO  [success] Total time: 5 s, completed May 23, 2024 9:25:28 PM[0m
2024.05.23 21:25:36 INFO  [info] loading settings for project root from build.sbt ...[0m
2024.05.23 21:25:36 INFO  [info] set current project to something (in build file:/Users/norihito.nakata/personal/scala/cats/)[0m
2024.05.23 21:26:00 INFO  [success] Generated .bloop/root.json[0m
2024.05.23 21:26:00 INFO  [success] Generated .bloop/root-test.json[0m
2024.05.23 21:26:00 INFO  [success] Total time: 24 s, completed May 23, 2024 9:26:01 PM[0m
2024.05.23 21:26:01 INFO  time: ran 'sbt bloopInstall' in 50s[0m
2024.05.23 21:26:01 INFO  Attempting to connect to the build server...[0m
2024.05.23 21:26:08 INFO  tracing is disabled for protocol BSP, to enable tracing of incoming and outgoing JSON messages create an empty file at /Users/norihito.nakata/personal/scala/cats/.metals/bsp.trace.json or /Users/norihito.nakata/Library/Caches/org.scalameta.metals/bsp.trace.json[0m
2024.05.23 21:26:28 ERROR Timeout waiting for 'build/initialize' response[0m
2024.05.23 21:26:28 WARN  Retrying connection to the build server Bloop[0m
2024.05.23 21:26:28 INFO  tracing is disabled for protocol BSP, to enable tracing of incoming and outgoing JSON messages create an empty file at /Users/norihito.nakata/personal/scala/cats/.metals/bsp.trace.json or /Users/norihito.nakata/Library/Caches/org.scalameta.metals/bsp.trace.json[0m
2024.05.23 21:26:28 INFO  Attempting to connect to the build server...[0m
2024.05.23 21:26:29 INFO  tracing is disabled for protocol BSP, to enable tracing of incoming and outgoing JSON messages create an empty file at /Users/norihito.nakata/personal/scala/cats/project/.metals/bsp.trace.json or /Users/norihito.nakata/Library/Caches/org.scalameta.metals/bsp.trace.json[0m
2024.05.23 21:26:29 INFO  time: Connected to build server in 27s[0m
2024.05.23 21:26:29 INFO  Connected to Build server: Bloop v1.5.17[0m
2024.05.23 21:26:29 INFO  time: Imported build in 0.51s[0m
2024.05.23 21:26:29 WARN  2.13.5 is no longer supported in the current Metals versions, using the last known supported version 1.2.2[0m
2024.05.23 21:26:57 WARN  Unable to run doctor. Make sure `isHttpEnabled` is set to `true`.[0m
2024.05.23 21:27:09 INFO  time: indexed workspace in 39s[0m
2024.05.23 21:27:17 INFO  skipping build import with status 'Installed'[0m
2024.05.23 21:27:17 INFO  Disconnecting from Bloop session...[0m
2024.05.23 21:27:17 INFO  Shut down connection with build server.[0m
2024.05.23 21:27:17 INFO  Shut down connection with build server.[0m
2024.05.23 21:27:17 INFO  Attempting to connect to the build server...[0m
2024.05.23 21:27:17 INFO  tracing is disabled for protocol BSP, to enable tracing of incoming and outgoing JSON messages create an empty file at /Users/norihito.nakata/personal/scala/cats/.metals/bsp.trace.json or /Users/norihito.nakata/Library/Caches/org.scalameta.metals/bsp.trace.json[0m
2024.05.23 21:27:17 INFO  Attempting to connect to the build server...[0m
2024.05.23 21:27:17 INFO  tracing is disabled for protocol BSP, to enable tracing of incoming and outgoing JSON messages create an empty file at /Users/norihito.nakata/personal/scala/cats/project/.metals/bsp.trace.json or /Users/norihito.nakata/Library/Caches/org.scalameta.metals/bsp.trace.json[0m
2024.05.23 21:27:17 INFO  time: Connected to build server in 0.4s[0m
2024.05.23 21:27:17 INFO  Connected to Build server: Bloop v1.5.17[0m
2024.05.23 21:27:17 INFO  time: Imported build in 0.2s[0m
2024.05.23 21:27:19 WARN  Unable to run doctor. Make sure `isHttpEnabled` is set to `true`.[0m
2024.05.23 21:27:21 ERROR error processing file:///Users/norihito.nakata/Library/Caches/Coursier/v1/https/repo1.maven.org/maven2/org/http4s/http4s-core_2.13/1.0.0-M21/http4s-core_2.13-1.0.0-M21-sources.jar
java.lang.IllegalArgumentException: Illegal character in opaque part at index 187: jar:file:///Users/norihito.nakata/Library/Caches/Coursier/v1/https/repo1.maven.org/maven2/org/http4s/http4s-core_2.13/1.0.0-M21/http4s-core_2.13-1.0.0-M21-sources.jar!/org/http4s/headers/`Idempotency-Key`.scala
	at java.net.URI.create(URI.java:852)
	at scala.meta.internal.mtags.MtagsEnrichments$XtensionStringMtags.toAbsolutePath(MtagsEnrichments.scala:177)
	at scala.meta.internal.metals.MetalsEnrichments$XtensionString.toAbsolutePath(MetalsEnrichments.scala:732)
	at scala.meta.internal.metals.MetalsEnrichments$XtensionString.toAbsolutePath(MetalsEnrichments.scala:729)
	at scala.meta.internal.metals.JarTopLevels.toPath(JarTopLevels.scala:95)
	at scala.meta.internal.metals.JarTopLevels.$anonfun$getTopLevels$2(JarTopLevels.scala:47)
	at scala.meta.internal.metals.JdbcEnrichments$XtensionConnection.query(JdbcEnrichments.scala:40)
	at scala.meta.internal.metals.JarTopLevels.getTopLevels(JarTopLevels.scala:44)
	at scala.meta.internal.metals.Indexer.addSourceJarSymbols(Indexer.scala:645)
	at scala.meta.internal.metals.Indexer.$anonfun$indexDependencySources$5(Indexer.scala:487)
	at scala.collection.IterableOnceOps.foreach(IterableOnce.scala:619)
	at scala.collection.IterableOnceOps.foreach$(IterableOnce.scala:617)
	at scala.collection.AbstractIterable.foreach(Iterable.scala:935)
	at scala.collection.IterableOps$WithFilter.foreach(Iterable.scala:905)
	at scala.meta.internal.metals.Indexer.$anonfun$indexDependencySources$1(Indexer.scala:478)
	at scala.meta.internal.metals.Indexer.$anonfun$indexDependencySources$1$adapted(Indexer.scala:477)
	at scala.collection.IterableOnceOps.foreach(IterableOnce.scala:619)
	at scala.collection.IterableOnceOps.foreach$(IterableOnce.scala:617)
	at scala.collection.AbstractIterable.foreach(Iterable.scala:935)
	at scala.meta.internal.metals.Indexer.indexDependencySources(Indexer.scala:477)
	at scala.meta.internal.metals.Indexer.$anonfun$indexWorkspace$24(Indexer.scala:396)
	at scala.runtime.java8.JFunction0$mcV$sp.apply(JFunction0$mcV$sp.scala:18)
	at scala.meta.internal.metals.TimerProvider.timedThunk(TimerProvider.scala:25)
	at scala.meta.internal.metals.Indexer.$anonfun$indexWorkspace$23(Indexer.scala:389)
	at scala.meta.internal.metals.Indexer.$anonfun$indexWorkspace$23$adapted(Indexer.scala:385)
	at scala.collection.immutable.List.foreach(List.scala:334)
	at scala.meta.internal.metals.Indexer.indexWorkspace(Indexer.scala:385)
	at scala.meta.internal.metals.Indexer.$anonfun$profiledIndexWorkspace$2(Indexer.scala:172)
	at scala.runtime.java8.JFunction0$mcV$sp.apply(JFunction0$mcV$sp.scala:18)
	at scala.meta.internal.metals.TimerProvider.timedThunk(TimerProvider.scala:25)
	at scala.meta.internal.metals.Indexer.$anonfun$profiledIndexWorkspace$1(Indexer.scala:172)
	at scala.runtime.java8.JFunction0$mcV$sp.apply(JFunction0$mcV$sp.scala:18)
	at scala.concurrent.Future$.$anonfun$apply$1(Future.scala:687)
	at scala.concurrent.impl.Promise$Transformation.run(Promise.scala:467)
	at java.util.concurrent.ThreadPoolExecutor.runWorker(ThreadPoolExecutor.java:1149)
	at java.util.concurrent.ThreadPoolExecutor$Worker.run(ThreadPoolExecutor.java:624)
	at java.lang.Thread.run(Thread.java:748)
Caused by: java.net.URISyntaxException: Illegal character in opaque part at index 187: jar:file:///Users/norihito.nakata/Library/Caches/Coursier/v1/https/repo1.maven.org/maven2/org/http4s/http4s-core_2.13/1.0.0-M21/http4s-core_2.13-1.0.0-M21-sources.jar!/org/http4s/headers/`Idempotency-Key`.scala
	at java.net.URI$Parser.fail(URI.java:2847)
	at java.net.URI$Parser.checkChars(URI.java:3020)
	at java.net.URI$Parser.parse(URI.java:3057)
	at java.net.URI.<init>(URI.java:588)
	at java.net.URI.create(URI.java:850)
	at scala.meta.internal.mtags.MtagsEnrichments$XtensionStringMtags.toAbsolutePath(MtagsEnrichments.scala:177)
	at scala.meta.internal.metals.MetalsEnrichments$XtensionString.toAbsolutePath(MetalsEnrichments.scala:732)
	at scala.meta.internal.metals.MetalsEnrichments$XtensionString.toAbsolutePath(MetalsEnrichments.scala:729)
	at scala.meta.internal.metals.JarTopLevels.toPath(JarTopLevels.scala:95)
	at scala.meta.internal.metals.JarTopLevels.$anonfun$getTopLevels$2(JarTopLevels.scala:47)
	at scala.meta.internal.metals.JdbcEnrichments$XtensionConnection.query(JdbcEnrichments.scala:40)
	at scala.meta.internal.metals.JarTopLevels.getTopLevels(JarTopLevels.scala:44)
	at scala.meta.internal.metals.Indexer.addSourceJarSymbols(Indexer.scala:645)
	at scala.meta.internal.metals.Indexer.$anonfun$indexDependencySources$5(Indexer.scala:487)
	at scala.collection.IterableOnceOps.foreach(IterableOnce.scala:619)
	at scala.collection.IterableOnceOps.foreach$(IterableOnce.scala:617)
	at scala.collection.AbstractIterable.foreach(Iterable.scala:935)
	at scala.collection.IterableOps$WithFilter.foreach(Iterable.scala:905)
	at scala.meta.internal.metals.Indexer.$anonfun$indexDependencySources$1(Indexer.scala:478)
	at scala.meta.internal.metals.Indexer.$anonfun$indexDependencySources$1$adapted(Indexer.scala:477)
	at scala.collection.IterableOnceOps.foreach(IterableOnce.scala:619)
	at scala.collection.IterableOnceOps.foreach$(IterableOnce.scala:617)
	at scala.collection.AbstractIterable.foreach(Iterable.scala:935)
	at scala.meta.internal.metals.Indexer.indexDependencySources(Indexer.scala:477)
	at scala.meta.internal.metals.Indexer.$anonfun$indexWorkspace$24(Indexer.scala:396)
	at scala.runtime.java8.JFunction0$mcV$sp.apply(JFunction0$mcV$sp.scala:18)
	at scala.meta.internal.metals.TimerProvider.timedThunk(TimerProvider.scala:25)
	at scala.meta.internal.metals.Indexer.$anonfun$indexWorkspace$23(Indexer.scala:389)
	at scala.meta.internal.metals.Indexer.$anonfun$indexWorkspace$23$adapted(Indexer.scala:385)
	at scala.collection.immutable.List.foreach(List.scala:334)
	at scala.meta.internal.metals.Indexer.indexWorkspace(Indexer.scala:385)
	at scala.meta.internal.metals.Indexer.$anonfun$profiledIndexWorkspace$2(Indexer.scala:172)
	at scala.runtime.java8.JFunction0$mcV$sp.apply(JFunction0$mcV$sp.scala:18)
	at scala.meta.internal.metals.TimerProvider.timedThunk(TimerProvider.scala:25)
	at scala.meta.internal.metals.Indexer.$anonfun$profiledIndexWorkspace$1(Indexer.scala:172)
	at scala.runtime.java8.JFunction0$mcV$sp.apply(JFunction0$mcV$sp.scala:18)
	at scala.concurrent.Future$.$anonfun$apply$1(Future.scala:687)
	at scala.concurrent.impl.Promise$Transformation.run(Promise.scala:467)
	at java.util.concurrent.ThreadPoolExecutor.runWorker(ThreadPoolExecutor.java:1149)
	at java.util.concurrent.ThreadPoolExecutor$Worker.run(ThreadPoolExecutor.java:624)
	at java.lang.Thread.run(Thread.java:748)
[0m
2024.05.23 21:27:24 INFO  time: indexed workspace in 5.95s[0m
error: /Users/norihito.nakata/personal/scala/cats/.metals/.tmp/.metals/.tmp/Main-2455719538352773344.scala is not a file
2024.05.25 22:06:25 INFO  Started: Metals version 1.3.0 in folders '/Users/norihito.nakata/personal/scala/cats-handson' for client coc.nvim 0.0.82.[0m
SLF4J: Class path contains multiple SLF4J providers.
SLF4J: Found provider [scribe.slf4j.ScribeServiceProvider@47a05b23]
SLF4J: Found provider [ch.qos.logback.classic.spi.LogbackServiceProvider@25d8510f]
SLF4J: See https://www.slf4j.org/codes.html#multiple_bindings for an explanation.
SLF4J: Actual provider is of type [scribe.slf4j.ScribeServiceProvider@47a05b23]
2024.05.25 22:06:25 WARN  Flyway upgrade recommended: H2 2.2.224 is newer than this version of Flyway and support has not been tested. The latest supported version of H2 is 2.2.220.[0m
2024.05.25 22:06:26 INFO  Attempting to connect to the build server...[0m
2024.05.25 22:06:36 INFO  tracing is disabled for protocol BSP, to enable tracing of incoming and outgoing JSON messages create an empty file at /Users/norihito.nakata/personal/scala/cats-handson/.metals/bsp.trace.json or /Users/norihito.nakata/Library/Caches/org.scalameta.metals/bsp.trace.json[0m
2024.05.25 22:06:36 INFO  Attempting to connect to the build server...[0m
2024.05.25 22:06:36 INFO  tracing is disabled for protocol BSP, to enable tracing of incoming and outgoing JSON messages create an empty file at /Users/norihito.nakata/personal/scala/cats-handson/project/.metals/bsp.trace.json or /Users/norihito.nakata/Library/Caches/org.scalameta.metals/bsp.trace.json[0m
2024.05.25 22:06:36 INFO  time: Connected to build server in 9.67s[0m
2024.05.25 22:06:36 INFO  Connected to Build server: Bloop v1.5.17[0m
2024.05.25 22:06:36 INFO  time: Imported build in 0.32s[0m
2024.05.25 22:06:48 INFO  no build target found for /Users/norihito.nakata/personal/scala/cats-handson/build.sbt. Using presentation compiler with project's scala-library version: 3.3.3[0m
May 25, 2024 10:06:49 PM org.eclipse.lsp4j.jsonrpc.RemoteEndpoint handleCancellation
WARNING: Unmatched cancel notification for request id 3
2024.05.25 22:06:49 WARN  2.13.5 is no longer supported in the current Metals versions, using the last known supported version 1.2.2[0m
2024.05.25 22:06:49 WARN  Unable to run doctor. Make sure `isHttpEnabled` is set to `true`.[0m
2024.05.25 22:06:56 ERROR error processing file:///Users/norihito.nakata/Library/Caches/Coursier/v1/https/repo1.maven.org/maven2/org/http4s/http4s-core_2.13/1.0.0-M21/http4s-core_2.13-1.0.0-M21-sources.jar
java.lang.IllegalArgumentException: Illegal character in opaque part at index 187: jar:file:///Users/norihito.nakata/Library/Caches/Coursier/v1/https/repo1.maven.org/maven2/org/http4s/http4s-core_2.13/1.0.0-M21/http4s-core_2.13-1.0.0-M21-sources.jar!/org/http4s/headers/`Idempotency-Key`.scala
	at java.net.URI.create(URI.java:906)
	at scala.meta.internal.mtags.MtagsEnrichments$XtensionStringMtags.toAbsolutePath(MtagsEnrichments.scala:177)
	at scala.meta.internal.metals.MetalsEnrichments$XtensionString.toAbsolutePath(MetalsEnrichments.scala:732)
	at scala.meta.internal.metals.MetalsEnrichments$XtensionString.toAbsolutePath(MetalsEnrichments.scala:729)
	at scala.meta.internal.metals.JarTopLevels.toPath(JarTopLevels.scala:95)
	at scala.meta.internal.metals.JarTopLevels.$anonfun$getTopLevels$2(JarTopLevels.scala:47)
	at scala.meta.internal.metals.JdbcEnrichments$XtensionConnection.query(JdbcEnrichments.scala:40)
	at scala.meta.internal.metals.JarTopLevels.getTopLevels(JarTopLevels.scala:44)
	at scala.meta.internal.metals.Indexer.addSourceJarSymbols(Indexer.scala:645)
	at scala.meta.internal.metals.Indexer.$anonfun$indexDependencySources$5(Indexer.scala:487)
	at scala.collection.IterableOnceOps.foreach(IterableOnce.scala:619)
	at scala.collection.IterableOnceOps.foreach$(IterableOnce.scala:617)
	at scala.collection.AbstractIterable.foreach(Iterable.scala:935)
	at scala.collection.IterableOps$WithFilter.foreach(Iterable.scala:905)
	at scala.meta.internal.metals.Indexer.$anonfun$indexDependencySources$1(Indexer.scala:478)
	at scala.meta.internal.metals.Indexer.$anonfun$indexDependencySources$1$adapted(Indexer.scala:477)
	at scala.collection.IterableOnceOps.foreach(IterableOnce.scala:619)
	at scala.collection.IterableOnceOps.foreach$(IterableOnce.scala:617)
	at scala.collection.AbstractIterable.foreach(Iterable.scala:935)
	at scala.meta.internal.metals.Indexer.indexDependencySources(Indexer.scala:477)
	at scala.meta.internal.metals.Indexer.$anonfun$indexWorkspace$24(Indexer.scala:396)
	at scala.runtime.java8.JFunction0$mcV$sp.apply(JFunction0$mcV$sp.scala:18)
	at scala.meta.internal.metals.TimerProvider.timedThunk(TimerProvider.scala:25)
	at scala.meta.internal.metals.Indexer.$anonfun$indexWorkspace$23(Indexer.scala:389)
	at scala.meta.internal.metals.Indexer.$anonfun$indexWorkspace$23$adapted(Indexer.scala:385)
	at scala.collection.immutable.List.foreach(List.scala:334)
	at scala.meta.internal.metals.Indexer.indexWorkspace(Indexer.scala:385)
	at scala.meta.internal.metals.Indexer.$anonfun$profiledIndexWorkspace$2(Indexer.scala:172)
	at scala.runtime.java8.JFunction0$mcV$sp.apply(JFunction0$mcV$sp.scala:18)
	at scala.meta.internal.metals.TimerProvider.timedThunk(TimerProvider.scala:25)
	at scala.meta.internal.metals.Indexer.$anonfun$profiledIndexWorkspace$1(Indexer.scala:172)
	at scala.runtime.java8.JFunction0$mcV$sp.apply(JFunction0$mcV$sp.scala:18)
	at scala.concurrent.Future$.$anonfun$apply$1(Future.scala:687)
	at scala.concurrent.impl.Promise$Transformation.run(Promise.scala:467)
	at java.util.concurrent.ThreadPoolExecutor.runWorker(ThreadPoolExecutor.java:1136)
	at java.util.concurrent.ThreadPoolExecutor$Worker.run(ThreadPoolExecutor.java:635)
	at java.lang.Thread.run(Thread.java:833)
Caused by: java.net.URISyntaxException: Illegal character in opaque part at index 187: jar:file:///Users/norihito.nakata/Library/Caches/Coursier/v1/https/repo1.maven.org/maven2/org/http4s/http4s-core_2.13/1.0.0-M21/http4s-core_2.13-1.0.0-M21-sources.jar!/org/http4s/headers/`Idempotency-Key`.scala
	at java.net.URI$Parser.fail(URI.java:2974)
	at java.net.URI$Parser.checkChars(URI.java:3145)
	at java.net.URI$Parser.parse(URI.java:3181)
	at java.net.URI.<init>(URI.java:623)
	at java.net.URI.create(URI.java:904)
	at scala.meta.internal.mtags.MtagsEnrichments$XtensionStringMtags.toAbsolutePath(MtagsEnrichments.scala:177)
	at scala.meta.internal.metals.MetalsEnrichments$XtensionString.toAbsolutePath(MetalsEnrichments.scala:732)
	at scala.meta.internal.metals.MetalsEnrichments$XtensionString.toAbsolutePath(MetalsEnrichments.scala:729)
	at scala.meta.internal.metals.JarTopLevels.toPath(JarTopLevels.scala:95)
	at scala.meta.internal.metals.JarTopLevels.$anonfun$getTopLevels$2(JarTopLevels.scala:47)
	at scala.meta.internal.metals.JdbcEnrichments$XtensionConnection.query(JdbcEnrichments.scala:40)
	at scala.meta.internal.metals.JarTopLevels.getTopLevels(JarTopLevels.scala:44)
	at scala.meta.internal.metals.Indexer.addSourceJarSymbols(Indexer.scala:645)
	at scala.meta.internal.metals.Indexer.$anonfun$indexDependencySources$5(Indexer.scala:487)
	at scala.collection.IterableOnceOps.foreach(IterableOnce.scala:619)
	at scala.collection.IterableOnceOps.foreach$(IterableOnce.scala:617)
	at scala.collection.AbstractIterable.foreach(Iterable.scala:935)
	at scala.collection.IterableOps$WithFilter.foreach(Iterable.scala:905)
	at scala.meta.internal.metals.Indexer.$anonfun$indexDependencySources$1(Indexer.scala:478)
	at scala.meta.internal.metals.Indexer.$anonfun$indexDependencySources$1$adapted(Indexer.scala:477)
	at scala.collection.IterableOnceOps.foreach(IterableOnce.scala:619)
	at scala.collection.IterableOnceOps.foreach$(IterableOnce.scala:617)
	at scala.collection.AbstractIterable.foreach(Iterable.scala:935)
	at scala.meta.internal.metals.Indexer.indexDependencySources(Indexer.scala:477)
	at scala.meta.internal.metals.Indexer.$anonfun$indexWorkspace$24(Indexer.scala:396)
	at scala.runtime.java8.JFunction0$mcV$sp.apply(JFunction0$mcV$sp.scala:18)
	at scala.meta.internal.metals.TimerProvider.timedThunk(TimerProvider.scala:25)
	at scala.meta.internal.metals.Indexer.$anonfun$indexWorkspace$23(Indexer.scala:389)
	at scala.meta.internal.metals.Indexer.$anonfun$indexWorkspace$23$adapted(Indexer.scala:385)
	at scala.collection.immutable.List.foreach(List.scala:334)
	at scala.meta.internal.metals.Indexer.indexWorkspace(Indexer.scala:385)
	at scala.meta.internal.metals.Indexer.$anonfun$profiledIndexWorkspace$2(Indexer.scala:172)
	at scala.runtime.java8.JFunction0$mcV$sp.apply(JFunction0$mcV$sp.scala:18)
	at scala.meta.internal.metals.TimerProvider.timedThunk(TimerProvider.scala:25)
	at scala.meta.internal.metals.Indexer.$anonfun$profiledIndexWorkspace$1(Indexer.scala:172)
	at scala.runtime.java8.JFunction0$mcV$sp.apply(JFunction0$mcV$sp.scala:18)
	at scala.concurrent.Future$.$anonfun$apply$1(Future.scala:687)
	at scala.concurrent.impl.Promise$Transformation.run(Promise.scala:467)
	at java.util.concurrent.ThreadPoolExecutor.runWorker(ThreadPoolExecutor.java:1136)
	at java.util.concurrent.ThreadPoolExecutor$Worker.run(ThreadPoolExecutor.java:635)
	at java.lang.Thread.run(Thread.java:833)
[0m
2024.05.25 22:06:59 INFO  time: indexed workspace in 9.99s[0m
2024.05.25 22:06:59 WARN  no build target for: /Users/norihito.nakata/personal/scala/cats-handson/src/main/scala/Main.scala[0m
2024.05.25 22:06:59 WARN  Unable to run doctor. Make sure `isHttpEnabled` is set to `true`.[0m
May 25, 2024 10:07:11 PM org.eclipse.lsp4j.jsonrpc.RemoteEndpoint handleCancellation
WARNING: Unmatched cancel notification for request id 5
2024.05.25 22:29:01 WARN  no build target for: /Users/norihito.nakata/personal/scala/cats-handson/src/main/scala/Main.scala[0m
May 25, 2024 10:29:01 PM scala.meta.internal.pc.CompilerAccess handleError
SEVERE: A severe compiler error occurred, full details of the error can be found in the error report /Users/norihito.nakata/personal/scala/cats-handson/.metals/.reports/metals-full/2024-05-25/r_compiler-error_22-29-01-582.md
2024.05.25 22:29:33 WARN  no build target for: /Users/norihito.nakata/personal/scala/cats-handson/src/main/scala/Main.scala[0m
May 25, 2024 10:29:33 PM scala.meta.internal.pc.CompilerAccess handleError
SEVERE: A severe compiler error occurred, full details of the error can be found in the error report /Users/norihito.nakata/personal/scala/cats-handson/.metals/.reports/metals-full/2024-05-25/r_compiler-error_22-29-33-204.md
2024.05.25 22:31:46 WARN  no build target for: /Users/norihito.nakata/personal/scala/cats-handson/src/main/scala/Main.scala[0m
2024.05.25 22:33:19 INFO  Started: Metals version 1.3.0 in folders '/Users/norihito.nakata/personal/scala/cats-handson' for client coc.nvim 0.0.82.[0m
SLF4J: Class path contains multiple SLF4J providers.
SLF4J: Found provider [scribe.slf4j.ScribeServiceProvider@190c9b6c]
SLF4J: Found provider [ch.qos.logback.classic.spi.LogbackServiceProvider@6f56a70b]
SLF4J: See https://www.slf4j.org/codes.html#multiple_bindings for an explanation.
SLF4J: Actual provider is of type [scribe.slf4j.ScribeServiceProvider@190c9b6c]
2024.05.25 22:33:19 WARN  Flyway upgrade recommended: H2 2.2.224 is newer than this version of Flyway and support has not been tested. The latest supported version of H2 is 2.2.220.[0m
2024.05.25 22:33:20 INFO  Attempting to connect to the build server...[0m
2024.05.25 22:33:26 ERROR scalafmt: /Users/norihito.nakata/personal/scala/cats-handson/.scalafmt.conf: Invalid config: 2 errors
[E0] /Users/norihito.nakata/personal/scala/cats-handson/.scalafmt.conf:22:0 error: found option 'alwaysBeforeTopLevelStatements' which wasn't expected, or isn't valid in this context.
newlines.alwaysBeforeTopLevelStatements = true
^

[E1] /Users/norihito.nakata/personal/scala/cats-handson/.scalafmt.conf:25:0 error: found option 'implicitParamListPrefer' which wasn't expected, or isn't valid in this context.
	Did you mean 'implicitParamListModifierPrefer'?
newlines.implicitParamListPrefer = after
^

[0m
2024.05.25 22:33:30 INFO  tracing is disabled for protocol BSP, to enable tracing of incoming and outgoing JSON messages create an empty file at /Users/norihito.nakata/personal/scala/cats-handson/.metals/bsp.trace.json or /Users/norihito.nakata/Library/Caches/org.scalameta.metals/bsp.trace.json[0m
2024.05.25 22:33:30 INFO  Attempting to connect to the build server...[0m
2024.05.25 22:33:30 INFO  tracing is disabled for protocol BSP, to enable tracing of incoming and outgoing JSON messages create an empty file at /Users/norihito.nakata/personal/scala/cats-handson/project/.metals/bsp.trace.json or /Users/norihito.nakata/Library/Caches/org.scalameta.metals/bsp.trace.json[0m
2024.05.25 22:33:30 INFO  time: Connected to build server in 10s[0m
2024.05.25 22:33:30 INFO  Connected to Build server: Bloop v1.5.17[0m
2024.05.25 22:33:31 INFO  time: Imported build in 0.33s[0m
2024.05.25 22:33:31 WARN  2.13.5 is no longer supported in the current Metals versions, using the last known supported version 1.2.2[0m
2024.05.25 22:33:32 WARN  Unable to run doctor. Make sure `isHttpEnabled` is set to `true`.[0m
2024.05.25 22:33:35 ERROR scalafmt: /Users/norihito.nakata/personal/scala/cats-handson/.scalafmt.conf: Invalid config: 2 errors
[E0] /Users/norihito.nakata/personal/scala/cats-handson/.scalafmt.conf:22:0 error: found option 'alwaysBeforeTopLevelStatements' which wasn't expected, or isn't valid in this context.
newlines.alwaysBeforeTopLevelStatements = true
^

[E1] /Users/norihito.nakata/personal/scala/cats-handson/.scalafmt.conf:25:0 error: found option 'implicitParamListPrefer' which wasn't expected, or isn't valid in this context.
	Did you mean 'implicitParamListModifierPrefer'?
newlines.implicitParamListPrefer = after
^

[0m
2024.05.25 22:33:40 ERROR error processing file:///Users/norihito.nakata/Library/Caches/Coursier/v1/https/repo1.maven.org/maven2/org/http4s/http4s-core_2.13/1.0.0-M21/http4s-core_2.13-1.0.0-M21-sources.jar
java.lang.IllegalArgumentException: Illegal character in opaque part at index 187: jar:file:///Users/norihito.nakata/Library/Caches/Coursier/v1/https/repo1.maven.org/maven2/org/http4s/http4s-core_2.13/1.0.0-M21/http4s-core_2.13-1.0.0-M21-sources.jar!/org/http4s/headers/`Idempotency-Key`.scala
	at java.net.URI.create(URI.java:906)
	at scala.meta.internal.mtags.MtagsEnrichments$XtensionStringMtags.toAbsolutePath(MtagsEnrichments.scala:177)
	at scala.meta.internal.metals.MetalsEnrichments$XtensionString.toAbsolutePath(MetalsEnrichments.scala:732)
	at scala.meta.internal.metals.MetalsEnrichments$XtensionString.toAbsolutePath(MetalsEnrichments.scala:729)
	at scala.meta.internal.metals.JarTopLevels.toPath(JarTopLevels.scala:95)
	at scala.meta.internal.metals.JarTopLevels.$anonfun$getTopLevels$2(JarTopLevels.scala:47)
	at scala.meta.internal.metals.JdbcEnrichments$XtensionConnection.query(JdbcEnrichments.scala:40)
	at scala.meta.internal.metals.JarTopLevels.getTopLevels(JarTopLevels.scala:44)
	at scala.meta.internal.metals.Indexer.addSourceJarSymbols(Indexer.scala:645)
	at scala.meta.internal.metals.Indexer.$anonfun$indexDependencySources$5(Indexer.scala:487)
	at scala.collection.IterableOnceOps.foreach(IterableOnce.scala:619)
	at scala.collection.IterableOnceOps.foreach$(IterableOnce.scala:617)
	at scala.collection.AbstractIterable.foreach(Iterable.scala:935)
	at scala.collection.IterableOps$WithFilter.foreach(Iterable.scala:905)
	at scala.meta.internal.metals.Indexer.$anonfun$indexDependencySources$1(Indexer.scala:478)
	at scala.meta.internal.metals.Indexer.$anonfun$indexDependencySources$1$adapted(Indexer.scala:477)
	at scala.collection.IterableOnceOps.foreach(IterableOnce.scala:619)
	at scala.collection.IterableOnceOps.foreach$(IterableOnce.scala:617)
	at scala.collection.AbstractIterable.foreach(Iterable.scala:935)
	at scala.meta.internal.metals.Indexer.indexDependencySources(Indexer.scala:477)
	at scala.meta.internal.metals.Indexer.$anonfun$indexWorkspace$24(Indexer.scala:396)
	at scala.runtime.java8.JFunction0$mcV$sp.apply(JFunction0$mcV$sp.scala:18)
	at scala.meta.internal.metals.TimerProvider.timedThunk(TimerProvider.scala:25)
	at scala.meta.internal.metals.Indexer.$anonfun$indexWorkspace$23(Indexer.scala:389)
	at scala.meta.internal.metals.Indexer.$anonfun$indexWorkspace$23$adapted(Indexer.scala:385)
	at scala.collection.immutable.List.foreach(List.scala:334)
	at scala.meta.internal.metals.Indexer.indexWorkspace(Indexer.scala:385)
	at scala.meta.internal.metals.Indexer.$anonfun$profiledIndexWorkspace$2(Indexer.scala:172)
	at scala.runtime.java8.JFunction0$mcV$sp.apply(JFunction0$mcV$sp.scala:18)
	at scala.meta.internal.metals.TimerProvider.timedThunk(TimerProvider.scala:25)
	at scala.meta.internal.metals.Indexer.$anonfun$profiledIndexWorkspace$1(Indexer.scala:172)
	at scala.runtime.java8.JFunction0$mcV$sp.apply(JFunction0$mcV$sp.scala:18)
	at scala.concurrent.Future$.$anonfun$apply$1(Future.scala:687)
	at scala.concurrent.impl.Promise$Transformation.run(Promise.scala:467)
	at java.util.concurrent.ThreadPoolExecutor.runWorker(ThreadPoolExecutor.java:1136)
	at java.util.concurrent.ThreadPoolExecutor$Worker.run(ThreadPoolExecutor.java:635)
	at java.lang.Thread.run(Thread.java:833)
Caused by: java.net.URISyntaxException: Illegal character in opaque part at index 187: jar:file:///Users/norihito.nakata/Library/Caches/Coursier/v1/https/repo1.maven.org/maven2/org/http4s/http4s-core_2.13/1.0.0-M21/http4s-core_2.13-1.0.0-M21-sources.jar!/org/http4s/headers/`Idempotency-Key`.scala
	at java.net.URI$Parser.fail(URI.java:2974)
	at java.net.URI$Parser.checkChars(URI.java:3145)
	at java.net.URI$Parser.parse(URI.java:3181)
	at java.net.URI.<init>(URI.java:623)
	at java.net.URI.create(URI.java:904)
	at scala.meta.internal.mtags.MtagsEnrichments$XtensionStringMtags.toAbsolutePath(MtagsEnrichments.scala:177)
	at scala.meta.internal.metals.MetalsEnrichments$XtensionString.toAbsolutePath(MetalsEnrichments.scala:732)
	at scala.meta.internal.metals.MetalsEnrichments$XtensionString.toAbsolutePath(MetalsEnrichments.scala:729)
	at scala.meta.internal.metals.JarTopLevels.toPath(JarTopLevels.scala:95)
	at scala.meta.internal.metals.JarTopLevels.$anonfun$getTopLevels$2(JarTopLevels.scala:47)
	at scala.meta.internal.metals.JdbcEnrichments$XtensionConnection.query(JdbcEnrichments.scala:40)
	at scala.meta.internal.metals.JarTopLevels.getTopLevels(JarTopLevels.scala:44)
	at scala.meta.internal.metals.Indexer.addSourceJarSymbols(Indexer.scala:645)
	at scala.meta.internal.metals.Indexer.$anonfun$indexDependencySources$5(Indexer.scala:487)
	at scala.collection.IterableOnceOps.foreach(IterableOnce.scala:619)
	at scala.collection.IterableOnceOps.foreach$(IterableOnce.scala:617)
	at scala.collection.AbstractIterable.foreach(Iterable.scala:935)
	at scala.collection.IterableOps$WithFilter.foreach(Iterable.scala:905)
	at scala.meta.internal.metals.Indexer.$anonfun$indexDependencySources$1(Indexer.scala:478)
	at scala.meta.internal.metals.Indexer.$anonfun$indexDependencySources$1$adapted(Indexer.scala:477)
	at scala.collection.IterableOnceOps.foreach(IterableOnce.scala:619)
	at scala.collection.IterableOnceOps.foreach$(IterableOnce.scala:617)
	at scala.collection.AbstractIterable.foreach(Iterable.scala:935)
	at scala.meta.internal.metals.Indexer.indexDependencySources(Indexer.scala:477)
	at scala.meta.internal.metals.Indexer.$anonfun$indexWorkspace$24(Indexer.scala:396)
	at scala.runtime.java8.JFunction0$mcV$sp.apply(JFunction0$mcV$sp.scala:18)
	at scala.meta.internal.metals.TimerProvider.timedThunk(TimerProvider.scala:25)
	at scala.meta.internal.metals.Indexer.$anonfun$indexWorkspace$23(Indexer.scala:389)
	at scala.meta.internal.metals.Indexer.$anonfun$indexWorkspace$23$adapted(Indexer.scala:385)
	at scala.collection.immutable.List.foreach(List.scala:334)
	at scala.meta.internal.metals.Indexer.indexWorkspace(Indexer.scala:385)
	at scala.meta.internal.metals.Indexer.$anonfun$profiledIndexWorkspace$2(Indexer.scala:172)
	at scala.runtime.java8.JFunction0$mcV$sp.apply(JFunction0$mcV$sp.scala:18)
	at scala.meta.internal.metals.TimerProvider.timedThunk(TimerProvider.scala:25)
	at scala.meta.internal.metals.Indexer.$anonfun$profiledIndexWorkspace$1(Indexer.scala:172)
	at scala.runtime.java8.JFunction0$mcV$sp.apply(JFunction0$mcV$sp.scala:18)
	at scala.concurrent.Future$.$anonfun$apply$1(Future.scala:687)
	at scala.concurrent.impl.Promise$Transformation.run(Promise.scala:467)
	at java.util.concurrent.ThreadPoolExecutor.runWorker(ThreadPoolExecutor.java:1136)
	at java.util.concurrent.ThreadPoolExecutor$Worker.run(ThreadPoolExecutor.java:635)
	at java.lang.Thread.run(Thread.java:833)
[0m
2024.05.25 22:33:42 WARN  no build target for: /Users/norihito.nakata/personal/scala/cats-handson/src/main/scala/Main.scala[0m
2024.05.25 22:33:43 INFO  time: indexed workspace in 11s[0m
2024.05.25 22:33:43 WARN  no build target for: /Users/norihito.nakata/personal/scala/cats-handson/src/main/scala/Main.scala[0m
2024.05.25 22:33:55 INFO  no build target found for /Users/norihito.nakata/personal/scala/cats-handson/src/main/scala/Main.scala. Using presentation compiler with project's scala-library version: 2.13.13[0m
May 25, 2024 10:33:57 PM scala.meta.internal.pc.CompilerAccess handleError
SEVERE: A severe compiler error occurred, full details of the error can be found in the error report /Users/norihito.nakata/personal/scala/cats-handson/.metals/.reports/metals-full/2024-05-25/r_compiler-error_22-33-57-108.md
May 25, 2024 10:33:57 PM org.eclipse.lsp4j.jsonrpc.RemoteEndpoint handleCancellation
WARNING: Unmatched cancel notification for request id 30
May 25, 2024 10:33:57 PM scala.meta.internal.pc.CompilerAccess handleError
SEVERE: A severe compiler error occurred, full details of the error can be found in the error report /Users/norihito.nakata/personal/scala/cats-handson/.metals/.reports/metals-full/2024-05-25/r_compiler-error_22-33-57-252.md
May 25, 2024 10:33:57 PM org.eclipse.lsp4j.jsonrpc.RemoteEndpoint handleCancellation
WARNING: Unmatched cancel notification for request id 32
May 25, 2024 10:33:57 PM org.eclipse.lsp4j.jsonrpc.RemoteEndpoint handleCancellation
WARNING: Unmatched cancel notification for request id 34
May 25, 2024 10:33:57 PM org.eclipse.lsp4j.jsonrpc.RemoteEndpoint handleCancellation
WARNING: Unmatched cancel notification for request id 36
May 25, 2024 10:33:57 PM org.eclipse.lsp4j.jsonrpc.RemoteEndpoint handleCancellation
WARNING: Unmatched cancel notification for request id 38
May 25, 2024 10:33:57 PM org.eclipse.lsp4j.jsonrpc.RemoteEndpoint handleCancellation
WARNING: Unmatched cancel notification for request id 40
2024.05.25 22:34:18 WARN  no build target for: /Users/norihito.nakata/personal/scala/cats-handson/src/main/scala/Main.scala[0m
2024.05.25 22:35:11 WARN  no build target for: /Users/norihito.nakata/personal/scala/cats-handson/src/main/scala/Main.scala[0m
May 25, 2024 10:35:11 PM scala.meta.internal.pc.CompilerAccess handleError
SEVERE: A severe compiler error occurred, full details of the error can be found in the error report /Users/norihito.nakata/personal/scala/cats-handson/.metals/.reports/metals-full/2024-05-25/r_compiler-error_22-35-11-729.md
2024.05.25 22:35:21 WARN  no build target for: /Users/norihito.nakata/personal/scala/cats-handson/src/main/scala/Main.scala[0m
2024.05.25 22:35:55 WARN  no build target for: /Users/norihito.nakata/personal/scala/cats-handson/src/main/scala/Main.scala[0m
2024.05.25 22:37:13 WARN  no build target for: /Users/norihito.nakata/personal/scala/cats-handson/src/main/scala/Main.scala[0m
2024.05.25 22:38:45 WARN  no build target for: /Users/norihito.nakata/personal/scala/cats-handson/src/main/scala/Main.scala[0m
May 25, 2024 10:38:45 PM scala.meta.internal.pc.CompilerAccess handleError
SEVERE: A severe compiler error occurred, full details of the error can be found in the error report /Users/norihito.nakata/personal/scala/cats-handson/.metals/.reports/metals-full/2024-05-25/r_compiler-error_22-38-45-760.md
2024.05.25 22:38:48 WARN  no build target for: /Users/norihito.nakata/personal/scala/cats-handson/src/main/scala/Main.scala[0m
May 25, 2024 10:38:48 PM scala.meta.internal.pc.CompilerAccess handleError
SEVERE: A severe compiler error occurred, full details of the error can be found in the error report /Users/norihito.nakata/personal/scala/cats-handson/.metals/.reports/metals-full/2024-05-25/r_compiler-error_22-38-48-612.md
May 25, 2024 10:39:10 PM org.eclipse.lsp4j.jsonrpc.RemoteEndpoint handleCancellation
WARNING: Unmatched cancel notification for request id 432
May 25, 2024 10:39:11 PM org.eclipse.lsp4j.jsonrpc.RemoteEndpoint handleCancellation
WARNING: Unmatched cancel notification for request id 433
2024.05.25 22:40:40 WARN  no build target for: /Users/norihito.nakata/personal/scala/cats-handson/src/main/scala/Main.scala[0m
2024.05.25 22:41:11 WARN  no build target for: /Users/norihito.nakata/personal/scala/cats-handson/src/main/scala/Main.scala[0m
something's wrong: no file:///Users/norihito.nakata/personal/scala/cats-handson/src/main/scala/Main.scala in List[<error>]RangePosition(file:///Users/norihito.nakata/personal/scala/cats-handson/src/main/scala/Main.scala, 896, 896, 910)
2024.05.25 22:45:20 WARN  no build target for: /Users/norihito.nakata/personal/scala/cats-handson/src/main/scala/Main.scala[0m
May 25, 2024 10:46:54 PM org.eclipse.lsp4j.jsonrpc.RemoteEndpoint handleCancellation
WARNING: Unmatched cancel notification for request id 771
2024.05.25 22:48:26 WARN  no build target for: /Users/norihito.nakata/personal/scala/cats-handson/src/main/scala/Main.scala[0m
2024.05.25 22:49:27 WARN  no build target for: /Users/norihito.nakata/personal/scala/cats-handson/src/main/scala/Main.scala[0m
2024.05.25 22:49:58 WARN  no build target for: /Users/norihito.nakata/personal/scala/cats-handson/src/main/scala/Main.scala[0m
2024.05.25 22:50:22 WARN  no build target for: /Users/norihito.nakata/personal/scala/cats-handson/src/main/scala/Main.scala[0m
2024.05.25 22:50:55 WARN  no build target for: /Users/norihito.nakata/personal/scala/cats-handson/src/main/scala/Main.scala[0m
2024.05.25 22:52:16 WARN  no build target for: /Users/norihito.nakata/personal/scala/cats-handson/src/main/scala/Main.scala[0m
2024.05.25 22:53:38 WARN  no build target for: /Users/norihito.nakata/personal/scala/cats-handson/src/main/scala/Main.scala[0m
2024.05.25 22:54:15 WARN  no build target for: /Users/norihito.nakata/personal/scala/cats-handson/src/main/scala/Main.scala[0m
2024.05.25 22:54:35 WARN  no build target for: /Users/norihito.nakata/personal/scala/cats-handson/src/main/scala/Main.scala[0m
2024.05.26 21:36:53 INFO  Started: Metals version 1.3.0 in folders '/Users/norihito.nakata/personal/scala/cats-handson' for client coc.nvim 0.0.82.[0m
SLF4J: Class path contains multiple SLF4J providers.
SLF4J: Found provider [scribe.slf4j.ScribeServiceProvider@1ad26831]
SLF4J: Found provider [ch.qos.logback.classic.spi.LogbackServiceProvider@47a05b23]
SLF4J: See https://www.slf4j.org/codes.html#multiple_bindings for an explanation.
SLF4J: Actual provider is of type [scribe.slf4j.ScribeServiceProvider@1ad26831]
2024.05.26 21:36:53 WARN  Flyway upgrade recommended: H2 2.2.224 is newer than this version of Flyway and support has not been tested. The latest supported version of H2 is 2.2.220.[0m
2024.05.26 21:36:55 INFO  Attempting to connect to the build server...[0m
